{"76c06271437eee5ae8d39b8e2883462e":{"statistic":{"failed":0,"broken":3,"skipped":0,"passed":3,"unknown":0,"total":6},"items":[{"uid":"7f6bca1104f7f389","reportUrl":"http://localhost:7000/job/SauceDemoCucumber_Maven/31/allure/#testresult/7f6bca1104f7f389","status":"passed","time":{"start":1745361033671,"stop":1745361054701,"duration":21030}},{"uid":"fe454b2efd591776","reportUrl":"http://localhost:7000/job/SauceDemoCucumber_Maven/30/allure/#testresult/fe454b2efd591776","status":"passed","time":{"start":1745323728030,"stop":1745323745260,"duration":17230}},{"uid":"89c066a8858d76ac","reportUrl":"http://localhost:7000/job/SauceDemoCucumber_Maven/29/allure/#testresult/89c066a8858d76ac","status":"broken","statusDetails":"no such element: Unable to locate element: {\"method\":\"xpath\",\"selector\":\"//button[@id='checkout']\"}\n  (Session info: chrome=135.0.7049.96)\n  (Driver info: chromedriver=135.0.7049.95 (de2eb485a1951079e63bdb57ce25544d2dc79c15-refs/branch-heads/7049@{#1836}),platform=Windows NT 10.0.22631 x86_64) (WARNING: The server did not provide any stacktrace information)\nCommand duration or timeout: 10.03 seconds\nFor documentation on this error, please visit: http://seleniumhq.org/exceptions/no_such_element.html\nBuild info: version: '2.50.1', revision: 'd7fc91b29de65b790abb01f3ac5f7ea2191c88a7', time: '2016-01-29 11:11:26'\nSystem info: host: 'MED-PC', ip: '192.168.1.189', os.name: 'Windows 11', os.arch: 'amd64', os.version: '10.0', java.version: '17.0.11'\nDriver info: org.openqa.selenium.chrome.ChromeDriver\nCapabilities [{mobileEmulationEnabled=false, timeouts={implicit=0, pageLoad=300000, script=30000}, hasTouchScreen=false, platform=XP, acceptSslCerts=false, goog:chromeOptions={debuggerAddress=localhost:50901}, webauthn:extension:credBlob=true, acceptInsecureCerts=false, fedcm:accounts=true, webStorageEnabled=true, browserName=chrome, takesScreenshot=true, javascriptEnabled=true, setWindowRect=true, webauthn:extension:largeBlob=true, unexpectedAlertBehaviour=ignore, rotatable=false, networkConnectionEnabled=false, chrome={chromedriverVersion=135.0.7049.95 (de2eb485a1951079e63bdb57ce25544d2dc79c15-refs/branch-heads/7049@{#1836}), userDataDir=C:\\WINDOWS\\SystemTemp\\scoped_dir13912_576948633}, takesHeapSnapshot=true, pageLoadStrategy=normal, strictFileInteractability=false, databaseEnabled=false, handlesAlerts=true, version=135.0.7049.96, browserConnectionEnabled=false, proxy={}, nativeEvents=true, webauthn:extension:minPinLength=true, webauthn:extension:prf=true, locationContextEnabled=true, cssSelectorsEnabled=true, webauthn:virtualAuthenticators=true}]\nSession ID: 9c64cad575e40618c4f55684449af5c6\n*** Element info: {Using=xpath, value=//button[@id='checkout']}","time":{"start":1745323406786,"stop":1745323433623,"duration":26837}},{"uid":"fd6d12a508e3887","reportUrl":"http://localhost:7000/job/SauceDemoCucumber_Maven/28/allure/#testresult/fd6d12a508e3887","status":"broken","statusDetails":"no such element: Unable to locate element: {\"method\":\"xpath\",\"selector\":\"//button[@id='checkout']\"}\n  (Session info: chrome=135.0.7049.96)\n  (Driver info: chromedriver=135.0.7049.95 (de2eb485a1951079e63bdb57ce25544d2dc79c15-refs/branch-heads/7049@{#1836}),platform=Windows NT 10.0.22631 x86_64) (WARNING: The server did not provide any stacktrace information)\nCommand duration or timeout: 10.06 seconds\nFor documentation on this error, please visit: http://seleniumhq.org/exceptions/no_such_element.html\nBuild info: version: '2.50.1', revision: 'd7fc91b29de65b790abb01f3ac5f7ea2191c88a7', time: '2016-01-29 11:11:26'\nSystem info: host: 'MED-PC', ip: '192.168.1.189', os.name: 'Windows 11', os.arch: 'amd64', os.version: '10.0', java.version: '17.0.11'\nDriver info: org.openqa.selenium.chrome.ChromeDriver\nCapabilities [{mobileEmulationEnabled=false, timeouts={implicit=0, pageLoad=300000, script=30000}, hasTouchScreen=false, platform=XP, acceptSslCerts=false, goog:chromeOptions={debuggerAddress=localhost:50317}, webauthn:extension:credBlob=true, acceptInsecureCerts=false, fedcm:accounts=true, webStorageEnabled=true, browserName=chrome, takesScreenshot=true, javascriptEnabled=true, setWindowRect=true, webauthn:extension:largeBlob=true, unexpectedAlertBehaviour=ignore, rotatable=false, networkConnectionEnabled=false, chrome={chromedriverVersion=135.0.7049.95 (de2eb485a1951079e63bdb57ce25544d2dc79c15-refs/branch-heads/7049@{#1836}), userDataDir=C:\\WINDOWS\\SystemTemp\\scoped_dir13800_1246106788}, takesHeapSnapshot=true, pageLoadStrategy=normal, strictFileInteractability=false, databaseEnabled=false, handlesAlerts=true, version=135.0.7049.96, browserConnectionEnabled=false, proxy={}, nativeEvents=true, webauthn:extension:minPinLength=true, webauthn:extension:prf=true, locationContextEnabled=true, cssSelectorsEnabled=true, webauthn:virtualAuthenticators=true}]\nSession ID: f7f68e6c33ddea3def7963fc4f4969ec\n*** Element info: {Using=xpath, value=//button[@id='checkout']}","time":{"start":1745319620379,"stop":1745319645498,"duration":25119}},{"uid":"871106b6aedaaa93","reportUrl":"http://localhost:7000/job/SauceDemoCucumber_Maven/27/allure/#testresult/871106b6aedaaa93","status":"broken","statusDetails":"no such element: Unable to locate element: {\"method\":\"xpath\",\"selector\":\"//button[@id='checkout']\"}\n  (Session info: chrome=135.0.7049.96)\n  (Driver info: chromedriver=135.0.7049.95 (de2eb485a1951079e63bdb57ce25544d2dc79c15-refs/branch-heads/7049@{#1836}),platform=Windows NT 10.0.22631 x86_64) (WARNING: The server did not provide any stacktrace information)\nCommand duration or timeout: 10.08 seconds\nFor documentation on this error, please visit: http://seleniumhq.org/exceptions/no_such_element.html\nBuild info: version: '2.50.1', revision: 'd7fc91b29de65b790abb01f3ac5f7ea2191c88a7', time: '2016-01-29 11:11:26'\nSystem info: host: 'MED-PC', ip: '192.168.1.189', os.name: 'Windows 11', os.arch: 'amd64', os.version: '10.0', java.version: '17.0.11'\nDriver info: org.openqa.selenium.chrome.ChromeDriver\nCapabilities [{mobileEmulationEnabled=false, timeouts={implicit=0, pageLoad=300000, script=30000}, hasTouchScreen=false, platform=XP, acceptSslCerts=false, goog:chromeOptions={debuggerAddress=localhost:50087}, webauthn:extension:credBlob=true, acceptInsecureCerts=false, fedcm:accounts=true, webStorageEnabled=true, browserName=chrome, takesScreenshot=true, javascriptEnabled=true, setWindowRect=true, webauthn:extension:largeBlob=true, unexpectedAlertBehaviour=ignore, rotatable=false, networkConnectionEnabled=false, chrome={chromedriverVersion=135.0.7049.95 (de2eb485a1951079e63bdb57ce25544d2dc79c15-refs/branch-heads/7049@{#1836}), userDataDir=C:\\WINDOWS\\SystemTemp\\scoped_dir6016_712171523}, takesHeapSnapshot=true, pageLoadStrategy=normal, strictFileInteractability=false, databaseEnabled=false, handlesAlerts=true, version=135.0.7049.96, browserConnectionEnabled=false, proxy={}, nativeEvents=true, webauthn:extension:minPinLength=true, webauthn:extension:prf=true, locationContextEnabled=true, cssSelectorsEnabled=true, webauthn:virtualAuthenticators=true}]\nSession ID: babbae15d8e283ab811b53b98c494457\n*** Element info: {Using=xpath, value=//button[@id='checkout']}","time":{"start":1745318727623,"stop":1745318753683,"duration":26060}},{"uid":"7b982589599e8327","reportUrl":"http://localhost:7000/job/SauceDemoCucumber_Maven/26/allure/#testresult/7b982589599e8327","status":"passed","time":{"start":1745245402328,"stop":1745245416803,"duration":14475}}]},"f3830dc2a755575901708395ee22da8e":{"statistic":{"failed":0,"broken":21,"skipped":0,"passed":10,"unknown":0,"total":31},"items":[{"uid":"5fbaeb1ea7104bad","reportUrl":"http://localhost:7000/job/SauceDemoCucumber_Maven/31/allure/#testresult/5fbaeb1ea7104bad","status":"passed","time":{"start":1745361054798,"stop":1745361069702,"duration":14904}},{"uid":"35a4b42412070c35","reportUrl":"http://localhost:7000/job/SauceDemoCucumber_Maven/30/allure/#testresult/35a4b42412070c35","status":"passed","time":{"start":1745323745319,"stop":1745323759022,"duration":13703}},{"uid":"986f087f5fb7975f","reportUrl":"http://localhost:7000/job/SauceDemoCucumber_Maven/29/allure/#testresult/986f087f5fb7975f","status":"broken","statusDetails":"no such element: Unable to locate element: {\"method\":\"xpath\",\"selector\":\"//button[@id='checkout']\"}\n  (Session info: chrome=135.0.7049.96)\n  (Driver info: chromedriver=135.0.7049.95 (de2eb485a1951079e63bdb57ce25544d2dc79c15-refs/branch-heads/7049@{#1836}),platform=Windows NT 10.0.22631 x86_64) (WARNING: The server did not provide any stacktrace information)\nCommand duration or timeout: 10.07 seconds\nFor documentation on this error, please visit: http://seleniumhq.org/exceptions/no_such_element.html\nBuild info: version: '2.50.1', revision: 'd7fc91b29de65b790abb01f3ac5f7ea2191c88a7', time: '2016-01-29 11:11:26'\nSystem info: host: 'MED-PC', ip: '192.168.1.189', os.name: 'Windows 11', os.arch: 'amd64', os.version: '10.0', java.version: '17.0.11'\nDriver info: org.openqa.selenium.chrome.ChromeDriver\nCapabilities [{mobileEmulationEnabled=false, timeouts={implicit=0, pageLoad=300000, script=30000}, hasTouchScreen=false, platform=XP, acceptSslCerts=false, goog:chromeOptions={debuggerAddress=localhost:50928}, webauthn:extension:credBlob=true, acceptInsecureCerts=false, fedcm:accounts=true, webStorageEnabled=true, browserName=chrome, takesScreenshot=true, javascriptEnabled=true, setWindowRect=true, webauthn:extension:largeBlob=true, unexpectedAlertBehaviour=ignore, rotatable=false, networkConnectionEnabled=false, chrome={chromedriverVersion=135.0.7049.95 (de2eb485a1951079e63bdb57ce25544d2dc79c15-refs/branch-heads/7049@{#1836}), userDataDir=C:\\WINDOWS\\SystemTemp\\scoped_dir1236_22658732}, takesHeapSnapshot=true, pageLoadStrategy=normal, strictFileInteractability=false, databaseEnabled=false, handlesAlerts=true, version=135.0.7049.96, browserConnectionEnabled=false, proxy={}, nativeEvents=true, webauthn:extension:minPinLength=true, webauthn:extension:prf=true, locationContextEnabled=true, cssSelectorsEnabled=true, webauthn:virtualAuthenticators=true}]\nSession ID: 92bc0585cdf5c969a66e728b7e770a17\n*** Element info: {Using=xpath, value=//button[@id='checkout']}","time":{"start":1745323433658,"stop":1745323456028,"duration":22370}},{"uid":"80011eb82b29d9f3","reportUrl":"http://localhost:7000/job/SauceDemoCucumber_Maven/28/allure/#testresult/80011eb82b29d9f3","status":"broken","statusDetails":"no such element: Unable to locate element: {\"method\":\"xpath\",\"selector\":\"//button[@id='checkout']\"}\n  (Session info: chrome=135.0.7049.96)\n  (Driver info: chromedriver=135.0.7049.95 (de2eb485a1951079e63bdb57ce25544d2dc79c15-refs/branch-heads/7049@{#1836}),platform=Windows NT 10.0.22631 x86_64) (WARNING: The server did not provide any stacktrace information)\nCommand duration or timeout: 10.04 seconds\nFor documentation on this error, please visit: http://seleniumhq.org/exceptions/no_such_element.html\nBuild info: version: '2.50.1', revision: 'd7fc91b29de65b790abb01f3ac5f7ea2191c88a7', time: '2016-01-29 11:11:26'\nSystem info: host: 'MED-PC', ip: '192.168.1.189', os.name: 'Windows 11', os.arch: 'amd64', os.version: '10.0', java.version: '17.0.11'\nDriver info: org.openqa.selenium.chrome.ChromeDriver\nCapabilities [{mobileEmulationEnabled=false, timeouts={implicit=0, pageLoad=300000, script=30000}, hasTouchScreen=false, platform=XP, acceptSslCerts=false, goog:chromeOptions={debuggerAddress=localhost:50348}, webauthn:extension:credBlob=true, acceptInsecureCerts=false, fedcm:accounts=true, webStorageEnabled=true, browserName=chrome, takesScreenshot=true, javascriptEnabled=true, setWindowRect=true, webauthn:extension:largeBlob=true, unexpectedAlertBehaviour=ignore, rotatable=false, networkConnectionEnabled=false, chrome={chromedriverVersion=135.0.7049.95 (de2eb485a1951079e63bdb57ce25544d2dc79c15-refs/branch-heads/7049@{#1836}), userDataDir=C:\\WINDOWS\\SystemTemp\\scoped_dir300_2016336052}, takesHeapSnapshot=true, pageLoadStrategy=normal, strictFileInteractability=false, databaseEnabled=false, handlesAlerts=true, version=135.0.7049.96, browserConnectionEnabled=false, proxy={}, nativeEvents=true, webauthn:extension:minPinLength=true, webauthn:extension:prf=true, locationContextEnabled=true, cssSelectorsEnabled=true, webauthn:virtualAuthenticators=true}]\nSession ID: a8433b51a0c2c23755fb42a701a80a7b\n*** Element info: {Using=xpath, value=//button[@id='checkout']}","time":{"start":1745319645583,"stop":1745319671497,"duration":25914}},{"uid":"3331467d75a1a6f5","reportUrl":"http://localhost:7000/job/SauceDemoCucumber_Maven/27/allure/#testresult/3331467d75a1a6f5","status":"broken","statusDetails":"no such element: Unable to locate element: {\"method\":\"xpath\",\"selector\":\"//button[@id='checkout']\"}\n  (Session info: chrome=135.0.7049.96)\n  (Driver info: chromedriver=135.0.7049.95 (de2eb485a1951079e63bdb57ce25544d2dc79c15-refs/branch-heads/7049@{#1836}),platform=Windows NT 10.0.22631 x86_64) (WARNING: The server did not provide any stacktrace information)\nCommand duration or timeout: 10.04 seconds\nFor documentation on this error, please visit: http://seleniumhq.org/exceptions/no_such_element.html\nBuild info: version: '2.50.1', revision: 'd7fc91b29de65b790abb01f3ac5f7ea2191c88a7', time: '2016-01-29 11:11:26'\nSystem info: host: 'MED-PC', ip: '192.168.1.189', os.name: 'Windows 11', os.arch: 'amd64', os.version: '10.0', java.version: '17.0.11'\nDriver info: org.openqa.selenium.chrome.ChromeDriver\nCapabilities [{mobileEmulationEnabled=false, timeouts={implicit=0, pageLoad=300000, script=30000}, hasTouchScreen=false, platform=XP, acceptSslCerts=false, goog:chromeOptions={debuggerAddress=localhost:50124}, webauthn:extension:credBlob=true, acceptInsecureCerts=false, fedcm:accounts=true, webStorageEnabled=true, browserName=chrome, takesScreenshot=true, javascriptEnabled=true, setWindowRect=true, webauthn:extension:largeBlob=true, unexpectedAlertBehaviour=ignore, rotatable=false, networkConnectionEnabled=false, chrome={chromedriverVersion=135.0.7049.95 (de2eb485a1951079e63bdb57ce25544d2dc79c15-refs/branch-heads/7049@{#1836}), userDataDir=C:\\WINDOWS\\SystemTemp\\scoped_dir3120_595460148}, takesHeapSnapshot=true, pageLoadStrategy=normal, strictFileInteractability=false, databaseEnabled=false, handlesAlerts=true, version=135.0.7049.96, browserConnectionEnabled=false, proxy={}, nativeEvents=true, webauthn:extension:minPinLength=true, webauthn:extension:prf=true, locationContextEnabled=true, cssSelectorsEnabled=true, webauthn:virtualAuthenticators=true}]\nSession ID: 77a2beda6c12e9026869288cf9fafd56\n*** Element info: {Using=xpath, value=//button[@id='checkout']}","time":{"start":1745318753743,"stop":1745318778161,"duration":24418}},{"uid":"8c7b6b6cc35f39cc","reportUrl":"http://localhost:7000/job/SauceDemoCucumber_Maven/26/allure/#testresult/8c7b6b6cc35f39cc","status":"passed","time":{"start":1745245416842,"stop":1745245430474,"duration":13632}},{"uid":"659d46c0dce33126","reportUrl":"http://localhost:7000/job/SauceDemoCucumber_Maven/25/allure/#testresult/659d46c0dce33126","status":"passed","time":{"start":1745235060528,"stop":1745235078692,"duration":18164}},{"uid":"a63f0bda0f049b41","reportUrl":"http://localhost:7000/job/SauceDemoCucumber_Maven/24/allure/#testresult/a63f0bda0f049b41","status":"broken","statusDetails":"no such element: Unable to locate element: {\"method\":\"xpath\",\"selector\":\"//button[@id='checkout']\"}\n  (Session info: chrome=135.0.7049.96)\n  (Driver info: chromedriver=135.0.7049.95 (de2eb485a1951079e63bdb57ce25544d2dc79c15-refs/branch-heads/7049@{#1836}),platform=Windows NT 10.0.22631 x86_64) (WARNING: The server did not provide any stacktrace information)\nCommand duration or timeout: 10.08 seconds\nFor documentation on this error, please visit: http://seleniumhq.org/exceptions/no_such_element.html\nBuild info: version: '2.50.1', revision: 'd7fc91b29de65b790abb01f3ac5f7ea2191c88a7', time: '2016-01-29 11:11:26'\nSystem info: host: 'MED-PC', ip: '192.168.1.189', os.name: 'Windows 11', os.arch: 'amd64', os.version: '10.0', java.version: '17.0.11'\nDriver info: org.openqa.selenium.chrome.ChromeDriver\nCapabilities [{mobileEmulationEnabled=false, timeouts={implicit=0, pageLoad=300000, script=30000}, hasTouchScreen=false, platform=XP, acceptSslCerts=false, goog:chromeOptions={debuggerAddress=localhost:51660}, webauthn:extension:credBlob=true, acceptInsecureCerts=false, fedcm:accounts=true, webStorageEnabled=true, browserName=chrome, takesScreenshot=true, javascriptEnabled=true, setWindowRect=true, webauthn:extension:largeBlob=true, unexpectedAlertBehaviour=ignore, rotatable=false, networkConnectionEnabled=false, chrome={chromedriverVersion=135.0.7049.95 (de2eb485a1951079e63bdb57ce25544d2dc79c15-refs/branch-heads/7049@{#1836}), userDataDir=C:\\WINDOWS\\SystemTemp\\scoped_dir14628_1060222557}, takesHeapSnapshot=true, pageLoadStrategy=normal, strictFileInteractability=false, databaseEnabled=false, handlesAlerts=true, version=135.0.7049.96, browserConnectionEnabled=false, proxy={}, nativeEvents=true, webauthn:extension:minPinLength=true, webauthn:extension:prf=true, locationContextEnabled=true, cssSelectorsEnabled=true, webauthn:virtualAuthenticators=true}]\nSession ID: b6730dee144ee7256d689333bce14022\n*** Element info: {Using=xpath, value=//button[@id='checkout']}","time":{"start":1745230137850,"stop":1745230167994,"duration":30144}},{"uid":"be9dd1b2ee7a7444","reportUrl":"http://localhost:7000/job/SauceDemoCucumber_Maven/23/allure/#testresult/be9dd1b2ee7a7444","status":"broken","statusDetails":"io.github.bonigarcia.wdm.config.WebDriverManagerException: java.net.UnknownHostException: chromedriver.storage.googleapis.com","time":{"start":1745152499269,"stop":1745152500613,"duration":1344}},{"uid":"b35c72765db3bf58","reportUrl":"http://localhost:7000/job/SauceDemoCucumber_Maven/22/allure/#testresult/b35c72765db3bf58","status":"broken","statusDetails":"io.github.bonigarcia.wdm.config.WebDriverManagerException: java.net.UnknownHostException: chromedriver.storage.googleapis.com","time":{"start":1745152456040,"stop":1745152459371,"duration":3331}},{"uid":"765a3b185c6a422f","reportUrl":"http://localhost:7000/job/SauceDemoCucumber_Maven/21/allure/#testresult/765a3b185c6a422f","status":"broken","statusDetails":"io.github.bonigarcia.wdm.config.WebDriverManagerException: java.net.UnknownHostException: chromedriver.storage.googleapis.com","time":{"start":1744996437463,"stop":1744996438845,"duration":1382}},{"uid":"61a632540b735b4e","reportUrl":"http://localhost:7000/job/SauceDemoCucumber_Maven/20/allure/#testresult/61a632540b735b4e","status":"passed","time":{"start":1744903434122,"stop":1744903453359,"duration":19237}},{"uid":"f46c7cb63833e574","reportUrl":"http://localhost:7000/job/SauceDemoCucumber_Maven/19/allure/#testresult/f46c7cb63833e574","status":"broken","statusDetails":"no such element: Unable to locate element: {\"method\":\"xpath\",\"selector\":\"//input[@id='first-name']\"}\n  (Session info: chrome=135.0.7049.95)\n  (Driver info: chromedriver=135.0.7049.95 (de2eb485a1951079e63bdb57ce25544d2dc79c15-refs/branch-heads/7049@{#1836}),platform=Windows NT 10.0.22631 x86_64) (WARNING: The server did not provide any stacktrace information)\nCommand duration or timeout: 10.03 seconds\nFor documentation on this error, please visit: http://seleniumhq.org/exceptions/no_such_element.html\nBuild info: version: '2.50.1', revision: 'd7fc91b29de65b790abb01f3ac5f7ea2191c88a7', time: '2016-01-29 11:11:26'\nSystem info: host: 'MED-PC', ip: '192.168.1.189', os.name: 'Windows 11', os.arch: 'amd64', os.version: '10.0', java.version: '17.0.11'\nDriver info: org.openqa.selenium.chrome.ChromeDriver\nCapabilities [{mobileEmulationEnabled=false, timeouts={implicit=0, pageLoad=300000, script=30000}, hasTouchScreen=false, platform=XP, acceptSslCerts=false, goog:chromeOptions={debuggerAddress=localhost:57352}, webauthn:extension:credBlob=true, acceptInsecureCerts=false, fedcm:accounts=true, webStorageEnabled=true, browserName=chrome, takesScreenshot=true, javascriptEnabled=true, setWindowRect=true, webauthn:extension:largeBlob=true, unexpectedAlertBehaviour=ignore, rotatable=false, networkConnectionEnabled=false, chrome={chromedriverVersion=135.0.7049.95 (de2eb485a1951079e63bdb57ce25544d2dc79c15-refs/branch-heads/7049@{#1836}), userDataDir=C:\\WINDOWS\\SystemTemp\\scoped_dir1868_1735879089}, takesHeapSnapshot=true, pageLoadStrategy=normal, strictFileInteractability=false, databaseEnabled=false, handlesAlerts=true, version=135.0.7049.95, browserConnectionEnabled=false, proxy={}, nativeEvents=true, webauthn:extension:minPinLength=true, webauthn:extension:prf=true, locationContextEnabled=true, cssSelectorsEnabled=true, webauthn:virtualAuthenticators=true}]\nSession ID: 11f2526fc01c4e07694c7f5de0f372df\n*** Element info: {Using=xpath, value=//input[@id='first-name']}","time":{"start":1744887123256,"stop":1744887150461,"duration":27205}},{"uid":"4ce9c35a6cb8627","reportUrl":"http://localhost:7000/job/SauceDemoCucumber_Maven/18/allure/#testresult/4ce9c35a6cb8627","status":"broken","statusDetails":"no such element: Unable to locate element: {\"method\":\"xpath\",\"selector\":\"//button[@id='checkout']\"}\n  (Session info: chrome=135.0.7049.95)\n  (Driver info: chromedriver=135.0.7049.95 (de2eb485a1951079e63bdb57ce25544d2dc79c15-refs/branch-heads/7049@{#1836}),platform=Windows NT 10.0.22631 x86_64) (WARNING: The server did not provide any stacktrace information)\nCommand duration or timeout: 10.02 seconds\nFor documentation on this error, please visit: http://seleniumhq.org/exceptions/no_such_element.html\nBuild info: version: '2.50.1', revision: 'd7fc91b29de65b790abb01f3ac5f7ea2191c88a7', time: '2016-01-29 11:11:26'\nSystem info: host: 'MED-PC', ip: '192.168.1.189', os.name: 'Windows 11', os.arch: 'amd64', os.version: '10.0', java.version: '17.0.11'\nDriver info: org.openqa.selenium.chrome.ChromeDriver\nCapabilities [{mobileEmulationEnabled=false, timeouts={implicit=0, pageLoad=300000, script=30000}, hasTouchScreen=false, platform=XP, acceptSslCerts=false, goog:chromeOptions={debuggerAddress=localhost:56598}, webauthn:extension:credBlob=true, acceptInsecureCerts=false, fedcm:accounts=true, webStorageEnabled=true, browserName=chrome, takesScreenshot=true, javascriptEnabled=true, setWindowRect=true, webauthn:extension:largeBlob=true, unexpectedAlertBehaviour=ignore, rotatable=false, networkConnectionEnabled=false, chrome={chromedriverVersion=135.0.7049.95 (de2eb485a1951079e63bdb57ce25544d2dc79c15-refs/branch-heads/7049@{#1836}), userDataDir=C:\\WINDOWS\\SystemTemp\\scoped_dir11968_1908160939}, takesHeapSnapshot=true, pageLoadStrategy=normal, strictFileInteractability=false, databaseEnabled=false, handlesAlerts=true, version=135.0.7049.95, browserConnectionEnabled=false, proxy={}, nativeEvents=true, webauthn:extension:minPinLength=true, webauthn:extension:prf=true, locationContextEnabled=true, cssSelectorsEnabled=true, webauthn:virtualAuthenticators=true}]\nSession ID: 80a002326e10d4c46940fc148a5987f1\n*** Element info: {Using=xpath, value=//button[@id='checkout']}","time":{"start":1744885592128,"stop":1744885628571,"duration":36443}},{"uid":"c2cd9471e9238f1a","reportUrl":"http://localhost:7000/job/SauceDemoCucumber_Maven/17/allure/#testresult/c2cd9471e9238f1a","status":"broken","statusDetails":"no such element: Unable to locate element: {\"method\":\"xpath\",\"selector\":\"//button[@id='checkout']\"}\n  (Session info: chrome=135.0.7049.95)\n  (Driver info: chromedriver=135.0.7049.95 (de2eb485a1951079e63bdb57ce25544d2dc79c15-refs/branch-heads/7049@{#1836}),platform=Windows NT 10.0.22631 x86_64) (WARNING: The server did not provide any stacktrace information)\nCommand duration or timeout: 10.05 seconds\nFor documentation on this error, please visit: http://seleniumhq.org/exceptions/no_such_element.html\nBuild info: version: '2.50.1', revision: 'd7fc91b29de65b790abb01f3ac5f7ea2191c88a7', time: '2016-01-29 11:11:26'\nSystem info: host: 'MED-PC', ip: '192.168.179.177', os.name: 'Windows 11', os.arch: 'amd64', os.version: '10.0', java.version: '17.0.11'\nDriver info: org.openqa.selenium.chrome.ChromeDriver\nCapabilities [{mobileEmulationEnabled=false, timeouts={implicit=0, pageLoad=300000, script=30000}, hasTouchScreen=false, platform=XP, acceptSslCerts=false, goog:chromeOptions={debuggerAddress=localhost:55691}, webauthn:extension:credBlob=true, acceptInsecureCerts=false, fedcm:accounts=true, webStorageEnabled=true, browserName=chrome, takesScreenshot=true, javascriptEnabled=true, setWindowRect=true, webauthn:extension:largeBlob=true, unexpectedAlertBehaviour=ignore, rotatable=false, networkConnectionEnabled=false, chrome={chromedriverVersion=135.0.7049.95 (de2eb485a1951079e63bdb57ce25544d2dc79c15-refs/branch-heads/7049@{#1836}), userDataDir=C:\\WINDOWS\\SystemTemp\\scoped_dir7764_2121356428}, takesHeapSnapshot=true, pageLoadStrategy=normal, strictFileInteractability=false, databaseEnabled=false, handlesAlerts=true, version=135.0.7049.95, browserConnectionEnabled=false, proxy={}, nativeEvents=true, webauthn:extension:minPinLength=true, webauthn:extension:prf=true, locationContextEnabled=true, cssSelectorsEnabled=true, webauthn:virtualAuthenticators=true}]\nSession ID: 228dd3aa8768f412734f964363c736ad\n*** Element info: {Using=xpath, value=//button[@id='checkout']}","time":{"start":1744841426996,"stop":1744841455522,"duration":28526}},{"uid":"42287e59c176c8d8","reportUrl":"http://localhost:7000/job/SauceDemoCucumber_Maven/16/allure/#testresult/42287e59c176c8d8","status":"broken","statusDetails":"no such element: Unable to locate element: {\"method\":\"xpath\",\"selector\":\"//button[@id='checkout']\"}\n  (Session info: chrome=135.0.7049.95)\n  (Driver info: chromedriver=135.0.7049.95 (de2eb485a1951079e63bdb57ce25544d2dc79c15-refs/branch-heads/7049@{#1836}),platform=Windows NT 10.0.22631 x86_64) (WARNING: The server did not provide any stacktrace information)\nCommand duration or timeout: 10.06 seconds\nFor documentation on this error, please visit: http://seleniumhq.org/exceptions/no_such_element.html\nBuild info: version: '2.50.1', revision: 'd7fc91b29de65b790abb01f3ac5f7ea2191c88a7', time: '2016-01-29 11:11:26'\nSystem info: host: 'MED-PC', ip: '192.168.179.177', os.name: 'Windows 11', os.arch: 'amd64', os.version: '10.0', java.version: '17.0.11'\nDriver info: org.openqa.selenium.chrome.ChromeDriver\nCapabilities [{mobileEmulationEnabled=false, timeouts={implicit=0, pageLoad=300000, script=30000}, hasTouchScreen=false, platform=XP, acceptSslCerts=false, goog:chromeOptions={debuggerAddress=localhost:55509}, webauthn:extension:credBlob=true, acceptInsecureCerts=false, fedcm:accounts=true, webStorageEnabled=true, browserName=chrome, takesScreenshot=true, javascriptEnabled=true, setWindowRect=true, webauthn:extension:largeBlob=true, unexpectedAlertBehaviour=ignore, rotatable=false, networkConnectionEnabled=false, chrome={chromedriverVersion=135.0.7049.95 (de2eb485a1951079e63bdb57ce25544d2dc79c15-refs/branch-heads/7049@{#1836}), userDataDir=C:\\WINDOWS\\SystemTemp\\scoped_dir4172_1148622095}, takesHeapSnapshot=true, pageLoadStrategy=normal, strictFileInteractability=false, databaseEnabled=false, handlesAlerts=true, version=135.0.7049.95, browserConnectionEnabled=false, proxy={}, nativeEvents=true, webauthn:extension:minPinLength=true, webauthn:extension:prf=true, locationContextEnabled=true, cssSelectorsEnabled=true, webauthn:virtualAuthenticators=true}]\nSession ID: a3cfee8d27e0299771b447ff6901e27e\n*** Element info: {Using=xpath, value=//button[@id='checkout']}","time":{"start":1744841245467,"stop":1744841284455,"duration":38988}},{"uid":"8c6497130e1ddcda","reportUrl":"http://localhost:7000/job/SauceDemoCucumber_Maven/15/allure/#testresult/8c6497130e1ddcda","status":"passed","time":{"start":1744802873943,"stop":1744802888722,"duration":14779}},{"uid":"5bbe70fdbb2323ea","reportUrl":"http://localhost:7000/job/SauceDemoCucumber_Maven/14/allure/#testresult/5bbe70fdbb2323ea","status":"passed","time":{"start":1744802310275,"stop":1744802328972,"duration":18697}},{"uid":"344de286387cf23c","reportUrl":"http://localhost:7000/job/SauceDemoCucumber_Maven/13/allure/#testresult/344de286387cf23c","status":"broken","statusDetails":"no such element: Unable to locate element: {\"method\":\"xpath\",\"selector\":\"//button[@id='checkout']\"}\n  (Session info: chrome=135.0.7049.95)\n  (Driver info: chromedriver=135.0.7049.84 (6c019e56001911b3fd467e03bf68c435924d62f4-refs/branch-heads/7049@{#1778}),platform=Windows NT 10.0.22631 x86_64) (WARNING: The server did not provide any stacktrace information)\nCommand duration or timeout: 10.05 seconds\nFor documentation on this error, please visit: http://seleniumhq.org/exceptions/no_such_element.html\nBuild info: version: '2.50.1', revision: 'd7fc91b29de65b790abb01f3ac5f7ea2191c88a7', time: '2016-01-29 11:11:26'\nSystem info: host: 'MED-PC', ip: '192.168.1.189', os.name: 'Windows 11', os.arch: 'amd64', os.version: '10.0', java.version: '17.0.11'\nDriver info: org.openqa.selenium.chrome.ChromeDriver\nCapabilities [{mobileEmulationEnabled=false, timeouts={implicit=0, pageLoad=300000, script=30000}, hasTouchScreen=false, platform=XP, acceptSslCerts=false, goog:chromeOptions={debuggerAddress=localhost:49846}, webauthn:extension:credBlob=true, acceptInsecureCerts=false, fedcm:accounts=true, webStorageEnabled=true, browserName=chrome, takesScreenshot=true, javascriptEnabled=true, setWindowRect=true, webauthn:extension:largeBlob=true, unexpectedAlertBehaviour=ignore, rotatable=false, networkConnectionEnabled=false, chrome={chromedriverVersion=135.0.7049.84 (6c019e56001911b3fd467e03bf68c435924d62f4-refs/branch-heads/7049@{#1778}), userDataDir=C:\\WINDOWS\\SystemTemp\\scoped_dir11484_97410212}, takesHeapSnapshot=true, pageLoadStrategy=normal, strictFileInteractability=false, databaseEnabled=false, handlesAlerts=true, version=135.0.7049.95, browserConnectionEnabled=false, proxy={}, nativeEvents=true, webauthn:extension:minPinLength=true, webauthn:extension:prf=true, locationContextEnabled=true, cssSelectorsEnabled=true, webauthn:virtualAuthenticators=true}]\nSession ID: 821e8a2c7b4a84e28c50901b6b361cd4\n*** Element info: {Using=xpath, value=//button[@id='checkout']}","time":{"start":1744798156534,"stop":1744798190504,"duration":33970}},{"uid":"29483ed487f4286f","reportUrl":"http://localhost:7000/job/SauceDemoCucumber_Maven/12/allure/#testresult/29483ed487f4286f","status":"broken","statusDetails":"no such element: Unable to locate element: {\"method\":\"xpath\",\"selector\":\"//button[@id='checkout']\"}\n  (Session info: chrome=135.0.7049.95)\n  (Driver info: chromedriver=135.0.7049.84 (6c019e56001911b3fd467e03bf68c435924d62f4-refs/branch-heads/7049@{#1778}),platform=Windows NT 10.0.22631 x86_64) (WARNING: The server did not provide any stacktrace information)\nCommand duration or timeout: 10.02 seconds\nFor documentation on this error, please visit: http://seleniumhq.org/exceptions/no_such_element.html\nBuild info: version: '2.50.1', revision: 'd7fc91b29de65b790abb01f3ac5f7ea2191c88a7', time: '2016-01-29 11:11:26'\nSystem info: host: 'MED-PC', ip: '192.168.179.177', os.name: 'Windows 11', os.arch: 'amd64', os.version: '10.0', java.version: '17.0.11'\nDriver info: org.openqa.selenium.chrome.ChromeDriver\nCapabilities [{mobileEmulationEnabled=false, timeouts={implicit=0, pageLoad=300000, script=30000}, hasTouchScreen=false, platform=XP, acceptSslCerts=false, goog:chromeOptions={debuggerAddress=localhost:60643}, webauthn:extension:credBlob=true, acceptInsecureCerts=false, fedcm:accounts=true, webStorageEnabled=true, browserName=chrome, takesScreenshot=true, javascriptEnabled=true, setWindowRect=true, webauthn:extension:largeBlob=true, unexpectedAlertBehaviour=ignore, rotatable=false, networkConnectionEnabled=false, chrome={chromedriverVersion=135.0.7049.84 (6c019e56001911b3fd467e03bf68c435924d62f4-refs/branch-heads/7049@{#1778}), userDataDir=C:\\WINDOWS\\SystemTemp\\scoped_dir11604_450590182}, takesHeapSnapshot=true, pageLoadStrategy=normal, strictFileInteractability=false, databaseEnabled=false, handlesAlerts=true, version=135.0.7049.95, browserConnectionEnabled=false, proxy={}, nativeEvents=true, webauthn:extension:minPinLength=true, webauthn:extension:prf=true, locationContextEnabled=true, cssSelectorsEnabled=true, webauthn:virtualAuthenticators=true}]\nSession ID: 6581b46edef51bba61b00f7c93543a9d\n*** Element info: {Using=xpath, value=//button[@id='checkout']}","time":{"start":1744758300402,"stop":1744758324869,"duration":24467}}]},"192fd0b32a50198ac4abd8f29343577b":{"statistic":{"failed":0,"broken":18,"skipped":0,"passed":12,"unknown":0,"total":30},"items":[{"uid":"ba8df0404da0d22b","reportUrl":"http://localhost:7000/job/SauceDemoCucumber_Maven/30/allure/#testresult/ba8df0404da0d22b","status":"passed","time":{"start":1745323759050,"stop":1745323772569,"duration":13519}},{"uid":"28622f67168b4533","reportUrl":"http://localhost:7000/job/SauceDemoCucumber_Maven/29/allure/#testresult/28622f67168b4533","status":"broken","statusDetails":"no such element: Unable to locate element: {\"method\":\"xpath\",\"selector\":\"//button[@id='checkout']\"}\n  (Session info: chrome=135.0.7049.96)\n  (Driver info: chromedriver=135.0.7049.95 (de2eb485a1951079e63bdb57ce25544d2dc79c15-refs/branch-heads/7049@{#1836}),platform=Windows NT 10.0.22631 x86_64) (WARNING: The server did not provide any stacktrace information)\nCommand duration or timeout: 10.04 seconds\nFor documentation on this error, please visit: http://seleniumhq.org/exceptions/no_such_element.html\nBuild info: version: '2.50.1', revision: 'd7fc91b29de65b790abb01f3ac5f7ea2191c88a7', time: '2016-01-29 11:11:26'\nSystem info: host: 'MED-PC', ip: '192.168.1.189', os.name: 'Windows 11', os.arch: 'amd64', os.version: '10.0', java.version: '17.0.11'\nDriver info: org.openqa.selenium.chrome.ChromeDriver\nCapabilities [{mobileEmulationEnabled=false, timeouts={implicit=0, pageLoad=300000, script=30000}, hasTouchScreen=false, platform=XP, acceptSslCerts=false, goog:chromeOptions={debuggerAddress=localhost:50956}, webauthn:extension:credBlob=true, acceptInsecureCerts=false, fedcm:accounts=true, webStorageEnabled=true, browserName=chrome, takesScreenshot=true, javascriptEnabled=true, setWindowRect=true, webauthn:extension:largeBlob=true, unexpectedAlertBehaviour=ignore, rotatable=false, networkConnectionEnabled=false, chrome={chromedriverVersion=135.0.7049.95 (de2eb485a1951079e63bdb57ce25544d2dc79c15-refs/branch-heads/7049@{#1836}), userDataDir=C:\\WINDOWS\\SystemTemp\\scoped_dir14584_1061747193}, takesHeapSnapshot=true, pageLoadStrategy=normal, strictFileInteractability=false, databaseEnabled=false, handlesAlerts=true, version=135.0.7049.96, browserConnectionEnabled=false, proxy={}, nativeEvents=true, webauthn:extension:minPinLength=true, webauthn:extension:prf=true, locationContextEnabled=true, cssSelectorsEnabled=true, webauthn:virtualAuthenticators=true}]\nSession ID: 904bcc6c9105c423923a900f38928b61\n*** Element info: {Using=xpath, value=//button[@id='checkout']}","time":{"start":1745323456051,"stop":1745323478568,"duration":22517}},{"uid":"9dafee00188490b8","reportUrl":"http://localhost:7000/job/SauceDemoCucumber_Maven/28/allure/#testresult/9dafee00188490b8","status":"broken","statusDetails":"no such element: Unable to locate element: {\"method\":\"xpath\",\"selector\":\"//button[@id='checkout']\"}\n  (Session info: chrome=135.0.7049.96)\n  (Driver info: chromedriver=135.0.7049.95 (de2eb485a1951079e63bdb57ce25544d2dc79c15-refs/branch-heads/7049@{#1836}),platform=Windows NT 10.0.22631 x86_64) (WARNING: The server did not provide any stacktrace information)\nCommand duration or timeout: 10.06 seconds\nFor documentation on this error, please visit: http://seleniumhq.org/exceptions/no_such_element.html\nBuild info: version: '2.50.1', revision: 'd7fc91b29de65b790abb01f3ac5f7ea2191c88a7', time: '2016-01-29 11:11:26'\nSystem info: host: 'MED-PC', ip: '192.168.1.189', os.name: 'Windows 11', os.arch: 'amd64', os.version: '10.0', java.version: '17.0.11'\nDriver info: org.openqa.selenium.chrome.ChromeDriver\nCapabilities [{mobileEmulationEnabled=false, timeouts={implicit=0, pageLoad=300000, script=30000}, hasTouchScreen=false, platform=XP, acceptSslCerts=false, goog:chromeOptions={debuggerAddress=localhost:50381}, webauthn:extension:credBlob=true, acceptInsecureCerts=false, fedcm:accounts=true, webStorageEnabled=true, browserName=chrome, takesScreenshot=true, javascriptEnabled=true, setWindowRect=true, webauthn:extension:largeBlob=true, unexpectedAlertBehaviour=ignore, rotatable=false, networkConnectionEnabled=false, chrome={chromedriverVersion=135.0.7049.95 (de2eb485a1951079e63bdb57ce25544d2dc79c15-refs/branch-heads/7049@{#1836}), userDataDir=C:\\WINDOWS\\SystemTemp\\scoped_dir14524_991712667}, takesHeapSnapshot=true, pageLoadStrategy=normal, strictFileInteractability=false, databaseEnabled=false, handlesAlerts=true, version=135.0.7049.96, browserConnectionEnabled=false, proxy={}, nativeEvents=true, webauthn:extension:minPinLength=true, webauthn:extension:prf=true, locationContextEnabled=true, cssSelectorsEnabled=true, webauthn:virtualAuthenticators=true}]\nSession ID: 769a5abbcaf4156b1ce1689a45a85472\n*** Element info: {Using=xpath, value=//button[@id='checkout']}","time":{"start":1745319671535,"stop":1745319694958,"duration":23423}},{"uid":"13ad6a44d62869de","reportUrl":"http://localhost:7000/job/SauceDemoCucumber_Maven/27/allure/#testresult/13ad6a44d62869de","status":"broken","statusDetails":"no such element: Unable to locate element: {\"method\":\"xpath\",\"selector\":\"//button[@id='checkout']\"}\n  (Session info: chrome=135.0.7049.96)\n  (Driver info: chromedriver=135.0.7049.95 (de2eb485a1951079e63bdb57ce25544d2dc79c15-refs/branch-heads/7049@{#1836}),platform=Windows NT 10.0.22631 x86_64) (WARNING: The server did not provide any stacktrace information)\nCommand duration or timeout: 10.07 seconds\nFor documentation on this error, please visit: http://seleniumhq.org/exceptions/no_such_element.html\nBuild info: version: '2.50.1', revision: 'd7fc91b29de65b790abb01f3ac5f7ea2191c88a7', time: '2016-01-29 11:11:26'\nSystem info: host: 'MED-PC', ip: '192.168.1.189', os.name: 'Windows 11', os.arch: 'amd64', os.version: '10.0', java.version: '17.0.11'\nDriver info: org.openqa.selenium.chrome.ChromeDriver\nCapabilities [{mobileEmulationEnabled=false, timeouts={implicit=0, pageLoad=300000, script=30000}, hasTouchScreen=false, platform=XP, acceptSslCerts=false, goog:chromeOptions={debuggerAddress=localhost:50160}, webauthn:extension:credBlob=true, acceptInsecureCerts=false, fedcm:accounts=true, webStorageEnabled=true, browserName=chrome, takesScreenshot=true, javascriptEnabled=true, setWindowRect=true, webauthn:extension:largeBlob=true, unexpectedAlertBehaviour=ignore, rotatable=false, networkConnectionEnabled=false, chrome={chromedriverVersion=135.0.7049.95 (de2eb485a1951079e63bdb57ce25544d2dc79c15-refs/branch-heads/7049@{#1836}), userDataDir=C:\\WINDOWS\\SystemTemp\\scoped_dir3940_60019551}, takesHeapSnapshot=true, pageLoadStrategy=normal, strictFileInteractability=false, databaseEnabled=false, handlesAlerts=true, version=135.0.7049.96, browserConnectionEnabled=false, proxy={}, nativeEvents=true, webauthn:extension:minPinLength=true, webauthn:extension:prf=true, locationContextEnabled=true, cssSelectorsEnabled=true, webauthn:virtualAuthenticators=true}]\nSession ID: ed56b988a5a8d5d3e6f37f2789ece0ae\n*** Element info: {Using=xpath, value=//button[@id='checkout']}","time":{"start":1745318778212,"stop":1745318802920,"duration":24708}},{"uid":"3518dfdaf489d6f1","reportUrl":"http://localhost:7000/job/SauceDemoCucumber_Maven/26/allure/#testresult/3518dfdaf489d6f1","status":"passed","time":{"start":1745235078769,"stop":1745235093308,"duration":14539}},{"uid":"260ac0658ba278c7","reportUrl":"http://localhost:7000/job/SauceDemoCucumber_Maven/25/allure/#testresult/260ac0658ba278c7","status":"passed","time":{"start":1745235078769,"stop":1745235093308,"duration":14539}},{"uid":"9d70059079bd6730","reportUrl":"http://localhost:7000/job/SauceDemoCucumber_Maven/24/allure/#testresult/9d70059079bd6730","status":"passed","time":{"start":1745230168058,"stop":1745230185648,"duration":17590}},{"uid":"cdd6399fe226f728","reportUrl":"http://localhost:7000/job/SauceDemoCucumber_Maven/23/allure/#testresult/cdd6399fe226f728","status":"broken","statusDetails":"io.github.bonigarcia.wdm.config.WebDriverManagerException: java.net.UnknownHostException: chromedriver.storage.googleapis.com","time":{"start":1745152500663,"stop":1745152501466,"duration":803}},{"uid":"bf82b5053092aaa1","reportUrl":"http://localhost:7000/job/SauceDemoCucumber_Maven/22/allure/#testresult/bf82b5053092aaa1","status":"broken","statusDetails":"io.github.bonigarcia.wdm.config.WebDriverManagerException: java.net.UnknownHostException: chromedriver.storage.googleapis.com","time":{"start":1745152459509,"stop":1745152460086,"duration":577}},{"uid":"ab0b0fe7c722770b","reportUrl":"http://localhost:7000/job/SauceDemoCucumber_Maven/21/allure/#testresult/ab0b0fe7c722770b","status":"broken","statusDetails":"io.github.bonigarcia.wdm.config.WebDriverManagerException: java.net.UnknownHostException: chromedriver.storage.googleapis.com","time":{"start":1744996438894,"stop":1744996439381,"duration":487}},{"uid":"451f59ef33016963","reportUrl":"http://localhost:7000/job/SauceDemoCucumber_Maven/20/allure/#testresult/451f59ef33016963","status":"passed","time":{"start":1744903453409,"stop":1744903468030,"duration":14621}},{"uid":"9892d58430927fd1","reportUrl":"http://localhost:7000/job/SauceDemoCucumber_Maven/19/allure/#testresult/9892d58430927fd1","status":"broken","statusDetails":"no such element: Unable to locate element: {\"method\":\"xpath\",\"selector\":\"//button[@id='checkout']\"}\n  (Session info: chrome=135.0.7049.95)\n  (Driver info: chromedriver=135.0.7049.95 (de2eb485a1951079e63bdb57ce25544d2dc79c15-refs/branch-heads/7049@{#1836}),platform=Windows NT 10.0.22631 x86_64) (WARNING: The server did not provide any stacktrace information)\nCommand duration or timeout: 10.10 seconds\nFor documentation on this error, please visit: http://seleniumhq.org/exceptions/no_such_element.html\nBuild info: version: '2.50.1', revision: 'd7fc91b29de65b790abb01f3ac5f7ea2191c88a7', time: '2016-01-29 11:11:26'\nSystem info: host: 'MED-PC', ip: '192.168.1.189', os.name: 'Windows 11', os.arch: 'amd64', os.version: '10.0', java.version: '17.0.11'\nDriver info: org.openqa.selenium.chrome.ChromeDriver\nCapabilities [{mobileEmulationEnabled=false, timeouts={implicit=0, pageLoad=300000, script=30000}, hasTouchScreen=false, platform=XP, acceptSslCerts=false, goog:chromeOptions={debuggerAddress=localhost:57383}, webauthn:extension:credBlob=true, acceptInsecureCerts=false, fedcm:accounts=true, webStorageEnabled=true, browserName=chrome, takesScreenshot=true, javascriptEnabled=true, setWindowRect=true, webauthn:extension:largeBlob=true, unexpectedAlertBehaviour=ignore, rotatable=false, networkConnectionEnabled=false, chrome={chromedriverVersion=135.0.7049.95 (de2eb485a1951079e63bdb57ce25544d2dc79c15-refs/branch-heads/7049@{#1836}), userDataDir=C:\\WINDOWS\\SystemTemp\\scoped_dir12144_590246431}, takesHeapSnapshot=true, pageLoadStrategy=normal, strictFileInteractability=false, databaseEnabled=false, handlesAlerts=true, version=135.0.7049.95, browserConnectionEnabled=false, proxy={}, nativeEvents=true, webauthn:extension:minPinLength=true, webauthn:extension:prf=true, locationContextEnabled=true, cssSelectorsEnabled=true, webauthn:virtualAuthenticators=true}]\nSession ID: 3f6f6e65b28d3e93a44a16762d35ed3f\n*** Element info: {Using=xpath, value=//button[@id='checkout']}","time":{"start":1744887150537,"stop":1744887184585,"duration":34048}},{"uid":"a8e28d965133e22f","reportUrl":"http://localhost:7000/job/SauceDemoCucumber_Maven/18/allure/#testresult/a8e28d965133e22f","status":"passed","time":{"start":1744885628646,"stop":1744885645720,"duration":17074}},{"uid":"29c98d492becf9ef","reportUrl":"http://localhost:7000/job/SauceDemoCucumber_Maven/17/allure/#testresult/29c98d492becf9ef","status":"broken","statusDetails":"no such element: Unable to locate element: {\"method\":\"xpath\",\"selector\":\"//button[@id='checkout']\"}\n  (Session info: chrome=135.0.7049.95)\n  (Driver info: chromedriver=135.0.7049.95 (de2eb485a1951079e63bdb57ce25544d2dc79c15-refs/branch-heads/7049@{#1836}),platform=Windows NT 10.0.22631 x86_64) (WARNING: The server did not provide any stacktrace information)\nCommand duration or timeout: 10.02 seconds\nFor documentation on this error, please visit: http://seleniumhq.org/exceptions/no_such_element.html\nBuild info: version: '2.50.1', revision: 'd7fc91b29de65b790abb01f3ac5f7ea2191c88a7', time: '2016-01-29 11:11:26'\nSystem info: host: 'MED-PC', ip: '192.168.179.177', os.name: 'Windows 11', os.arch: 'amd64', os.version: '10.0', java.version: '17.0.11'\nDriver info: org.openqa.selenium.chrome.ChromeDriver\nCapabilities [{mobileEmulationEnabled=false, timeouts={implicit=0, pageLoad=300000, script=30000}, hasTouchScreen=false, platform=XP, acceptSslCerts=false, goog:chromeOptions={debuggerAddress=localhost:55761}, webauthn:extension:credBlob=true, acceptInsecureCerts=false, fedcm:accounts=true, webStorageEnabled=true, browserName=chrome, takesScreenshot=true, javascriptEnabled=true, setWindowRect=true, webauthn:extension:largeBlob=true, unexpectedAlertBehaviour=ignore, rotatable=false, networkConnectionEnabled=false, chrome={chromedriverVersion=135.0.7049.95 (de2eb485a1951079e63bdb57ce25544d2dc79c15-refs/branch-heads/7049@{#1836}), userDataDir=C:\\WINDOWS\\SystemTemp\\scoped_dir1156_202672404}, takesHeapSnapshot=true, pageLoadStrategy=normal, strictFileInteractability=false, databaseEnabled=false, handlesAlerts=true, version=135.0.7049.95, browserConnectionEnabled=false, proxy={}, nativeEvents=true, webauthn:extension:minPinLength=true, webauthn:extension:prf=true, locationContextEnabled=true, cssSelectorsEnabled=true, webauthn:virtualAuthenticators=true}]\nSession ID: 33509c2a59b204373eaebe67ef6b04cd\n*** Element info: {Using=xpath, value=//button[@id='checkout']}","time":{"start":1744841455605,"stop":1744841489581,"duration":33976}},{"uid":"b7c94657f1400b11","reportUrl":"http://localhost:7000/job/SauceDemoCucumber_Maven/16/allure/#testresult/b7c94657f1400b11","status":"broken","statusDetails":"no such element: Unable to locate element: {\"method\":\"xpath\",\"selector\":\"//button[@id='checkout']\"}\n  (Session info: chrome=135.0.7049.95)\n  (Driver info: chromedriver=135.0.7049.95 (de2eb485a1951079e63bdb57ce25544d2dc79c15-refs/branch-heads/7049@{#1836}),platform=Windows NT 10.0.22631 x86_64) (WARNING: The server did not provide any stacktrace information)\nCommand duration or timeout: 10.08 seconds\nFor documentation on this error, please visit: http://seleniumhq.org/exceptions/no_such_element.html\nBuild info: version: '2.50.1', revision: 'd7fc91b29de65b790abb01f3ac5f7ea2191c88a7', time: '2016-01-29 11:11:26'\nSystem info: host: 'MED-PC', ip: '192.168.179.177', os.name: 'Windows 11', os.arch: 'amd64', os.version: '10.0', java.version: '17.0.11'\nDriver info: org.openqa.selenium.chrome.ChromeDriver\nCapabilities [{mobileEmulationEnabled=false, timeouts={implicit=0, pageLoad=300000, script=30000}, hasTouchScreen=false, platform=XP, acceptSslCerts=false, goog:chromeOptions={debuggerAddress=localhost:55538}, webauthn:extension:credBlob=true, acceptInsecureCerts=false, fedcm:accounts=true, webStorageEnabled=true, browserName=chrome, takesScreenshot=true, javascriptEnabled=true, setWindowRect=true, webauthn:extension:largeBlob=true, unexpectedAlertBehaviour=ignore, rotatable=false, networkConnectionEnabled=false, chrome={chromedriverVersion=135.0.7049.95 (de2eb485a1951079e63bdb57ce25544d2dc79c15-refs/branch-heads/7049@{#1836}), userDataDir=C:\\WINDOWS\\SystemTemp\\scoped_dir14032_1594779224}, takesHeapSnapshot=true, pageLoadStrategy=normal, strictFileInteractability=false, databaseEnabled=false, handlesAlerts=true, version=135.0.7049.95, browserConnectionEnabled=false, proxy={}, nativeEvents=true, webauthn:extension:minPinLength=true, webauthn:extension:prf=true, locationContextEnabled=true, cssSelectorsEnabled=true, webauthn:virtualAuthenticators=true}]\nSession ID: 4c41216ed06ce8cc484217de6328266a\n*** Element info: {Using=xpath, value=//button[@id='checkout']}","time":{"start":1744841284553,"stop":1744841309149,"duration":24596}},{"uid":"2c4e8eb380332bd8","reportUrl":"http://localhost:7000/job/SauceDemoCucumber_Maven/15/allure/#testresult/2c4e8eb380332bd8","status":"passed","time":{"start":1744802888777,"stop":1744802903710,"duration":14933}},{"uid":"8fc94692b08c73b0","reportUrl":"http://localhost:7000/job/SauceDemoCucumber_Maven/14/allure/#testresult/8fc94692b08c73b0","status":"passed","time":{"start":1744802329014,"stop":1744802343081,"duration":14067}},{"uid":"cf08e4e86ceacf3e","reportUrl":"http://localhost:7000/job/SauceDemoCucumber_Maven/13/allure/#testresult/cf08e4e86ceacf3e","status":"passed","time":{"start":1744798190602,"stop":1744798207159,"duration":16557}},{"uid":"efdfb3391e501c9e","reportUrl":"http://localhost:7000/job/SauceDemoCucumber_Maven/12/allure/#testresult/efdfb3391e501c9e","status":"broken","statusDetails":"no such element: Unable to locate element: {\"method\":\"xpath\",\"selector\":\"//button[@id='checkout']\"}\n  (Session info: chrome=135.0.7049.95)\n  (Driver info: chromedriver=135.0.7049.84 (6c019e56001911b3fd467e03bf68c435924d62f4-refs/branch-heads/7049@{#1778}),platform=Windows NT 10.0.22631 x86_64) (WARNING: The server did not provide any stacktrace information)\nCommand duration or timeout: 10.03 seconds\nFor documentation on this error, please visit: http://seleniumhq.org/exceptions/no_such_element.html\nBuild info: version: '2.50.1', revision: 'd7fc91b29de65b790abb01f3ac5f7ea2191c88a7', time: '2016-01-29 11:11:26'\nSystem info: host: 'MED-PC', ip: '192.168.179.177', os.name: 'Windows 11', os.arch: 'amd64', os.version: '10.0', java.version: '17.0.11'\nDriver info: org.openqa.selenium.chrome.ChromeDriver\nCapabilities [{mobileEmulationEnabled=false, timeouts={implicit=0, pageLoad=300000, script=30000}, hasTouchScreen=false, platform=XP, acceptSslCerts=false, goog:chromeOptions={debuggerAddress=localhost:60672}, webauthn:extension:credBlob=true, acceptInsecureCerts=false, fedcm:accounts=true, webStorageEnabled=true, browserName=chrome, takesScreenshot=true, javascriptEnabled=true, setWindowRect=true, webauthn:extension:largeBlob=true, unexpectedAlertBehaviour=ignore, rotatable=false, networkConnectionEnabled=false, chrome={chromedriverVersion=135.0.7049.84 (6c019e56001911b3fd467e03bf68c435924d62f4-refs/branch-heads/7049@{#1778}), userDataDir=C:\\WINDOWS\\SystemTemp\\scoped_dir17868_1972473066}, takesHeapSnapshot=true, pageLoadStrategy=normal, strictFileInteractability=false, databaseEnabled=false, handlesAlerts=true, version=135.0.7049.95, browserConnectionEnabled=false, proxy={}, nativeEvents=true, webauthn:extension:minPinLength=true, webauthn:extension:prf=true, locationContextEnabled=true, cssSelectorsEnabled=true, webauthn:virtualAuthenticators=true}]\nSession ID: ca6564c079df3d1d9529c4db86508d0b\n*** Element info: {Using=xpath, value=//button[@id='checkout']}","time":{"start":1744758324915,"stop":1744758347191,"duration":22276}},{"uid":"fc08c18287006509","reportUrl":"http://localhost:7000/job/SauceDemoCucumber_Maven/11/allure/#testresult/fc08c18287006509","status":"broken","statusDetails":"no such element: Unable to locate element: {\"method\":\"xpath\",\"selector\":\"//button[@id='checkout']\"}\n  (Session info: chrome=135.0.7049.95)\n  (Driver info: chromedriver=135.0.7049.84 (6c019e56001911b3fd467e03bf68c435924d62f4-refs/branch-heads/7049@{#1778}),platform=Windows NT 10.0.22631 x86_64) (WARNING: The server did not provide any stacktrace information)\nCommand duration or timeout: 10.03 seconds\nFor documentation on this error, please visit: http://seleniumhq.org/exceptions/no_such_element.html\nBuild info: version: '2.50.1', revision: 'd7fc91b29de65b790abb01f3ac5f7ea2191c88a7', time: '2016-01-29 11:11:26'\nSystem info: host: 'MED-PC', ip: '192.168.179.177', os.name: 'Windows 11', os.arch: 'amd64', os.version: '10.0', java.version: '17.0.11'\nDriver info: org.openqa.selenium.chrome.ChromeDriver\nCapabilities [{mobileEmulationEnabled=false, timeouts={implicit=0, pageLoad=300000, script=30000}, hasTouchScreen=false, platform=XP, acceptSslCerts=false, goog:chromeOptions={debuggerAddress=localhost:60062}, webauthn:extension:credBlob=true, acceptInsecureCerts=false, fedcm:accounts=true, webStorageEnabled=true, browserName=chrome, takesScreenshot=true, javascriptEnabled=true, setWindowRect=true, webauthn:extension:largeBlob=true, unexpectedAlertBehaviour=ignore, rotatable=false, networkConnectionEnabled=false, chrome={chromedriverVersion=135.0.7049.84 (6c019e56001911b3fd467e03bf68c435924d62f4-refs/branch-heads/7049@{#1778}), userDataDir=C:\\WINDOWS\\SystemTemp\\scoped_dir13688_534243594}, takesHeapSnapshot=true, pageLoadStrategy=normal, strictFileInteractability=false, databaseEnabled=false, handlesAlerts=true, version=135.0.7049.95, browserConnectionEnabled=false, proxy={}, nativeEvents=true, webauthn:extension:minPinLength=true, webauthn:extension:prf=true, locationContextEnabled=true, cssSelectorsEnabled=true, webauthn:virtualAuthenticators=true}]\nSession ID: ebf1b76065895d5a800fcab19cc4901b\n*** Element info: {Using=xpath, value=//button[@id='checkout']}","time":{"start":1744756028866,"stop":1744756052059,"duration":23193}}]},"e25886195c41f56bd4987fda230b904e":{"statistic":{"failed":0,"broken":18,"skipped":0,"passed":12,"unknown":0,"total":30},"items":[{"uid":"4a84031b4ba1c895","reportUrl":"http://localhost:7000/job/SauceDemoCucumber_Maven/30/allure/#testresult/4a84031b4ba1c895","status":"passed","time":{"start":1745323772591,"stop":1745323789194,"duration":16603}},{"uid":"59064f753d0e98f3","reportUrl":"http://localhost:7000/job/SauceDemoCucumber_Maven/29/allure/#testresult/59064f753d0e98f3","status":"broken","statusDetails":"no such element: Unable to locate element: {\"method\":\"xpath\",\"selector\":\"//button[@id='checkout']\"}\n  (Session info: chrome=135.0.7049.96)\n  (Driver info: chromedriver=135.0.7049.95 (de2eb485a1951079e63bdb57ce25544d2dc79c15-refs/branch-heads/7049@{#1836}),platform=Windows NT 10.0.22631 x86_64) (WARNING: The server did not provide any stacktrace information)\nCommand duration or timeout: 10.02 seconds\nFor documentation on this error, please visit: http://seleniumhq.org/exceptions/no_such_element.html\nBuild info: version: '2.50.1', revision: 'd7fc91b29de65b790abb01f3ac5f7ea2191c88a7', time: '2016-01-29 11:11:26'\nSystem info: host: 'MED-PC', ip: '192.168.1.189', os.name: 'Windows 11', os.arch: 'amd64', os.version: '10.0', java.version: '17.0.11'\nDriver info: org.openqa.selenium.chrome.ChromeDriver\nCapabilities [{mobileEmulationEnabled=false, timeouts={implicit=0, pageLoad=300000, script=30000}, hasTouchScreen=false, platform=XP, acceptSslCerts=false, goog:chromeOptions={debuggerAddress=localhost:50986}, webauthn:extension:credBlob=true, acceptInsecureCerts=false, fedcm:accounts=true, webStorageEnabled=true, browserName=chrome, takesScreenshot=true, javascriptEnabled=true, setWindowRect=true, webauthn:extension:largeBlob=true, unexpectedAlertBehaviour=ignore, rotatable=false, networkConnectionEnabled=false, chrome={chromedriverVersion=135.0.7049.95 (de2eb485a1951079e63bdb57ce25544d2dc79c15-refs/branch-heads/7049@{#1836}), userDataDir=C:\\WINDOWS\\SystemTemp\\scoped_dir12644_677846487}, takesHeapSnapshot=true, pageLoadStrategy=normal, strictFileInteractability=false, databaseEnabled=false, handlesAlerts=true, version=135.0.7049.96, browserConnectionEnabled=false, proxy={}, nativeEvents=true, webauthn:extension:minPinLength=true, webauthn:extension:prf=true, locationContextEnabled=true, cssSelectorsEnabled=true, webauthn:virtualAuthenticators=true}]\nSession ID: 6b896d1cdb4294230967c3e19d137f2b\n*** Element info: {Using=xpath, value=//button[@id='checkout']}","time":{"start":1745323478591,"stop":1745323500962,"duration":22371}},{"uid":"3bc114339980d4cd","reportUrl":"http://localhost:7000/job/SauceDemoCucumber_Maven/28/allure/#testresult/3bc114339980d4cd","status":"broken","statusDetails":"no such element: Unable to locate element: {\"method\":\"xpath\",\"selector\":\"//button[@id='checkout']\"}\n  (Session info: chrome=135.0.7049.96)\n  (Driver info: chromedriver=135.0.7049.95 (de2eb485a1951079e63bdb57ce25544d2dc79c15-refs/branch-heads/7049@{#1836}),platform=Windows NT 10.0.22631 x86_64) (WARNING: The server did not provide any stacktrace information)\nCommand duration or timeout: 10.10 seconds\nFor documentation on this error, please visit: http://seleniumhq.org/exceptions/no_such_element.html\nBuild info: version: '2.50.1', revision: 'd7fc91b29de65b790abb01f3ac5f7ea2191c88a7', time: '2016-01-29 11:11:26'\nSystem info: host: 'MED-PC', ip: '192.168.1.189', os.name: 'Windows 11', os.arch: 'amd64', os.version: '10.0', java.version: '17.0.11'\nDriver info: org.openqa.selenium.chrome.ChromeDriver\nCapabilities [{mobileEmulationEnabled=false, timeouts={implicit=0, pageLoad=300000, script=30000}, hasTouchScreen=false, platform=XP, acceptSslCerts=false, goog:chromeOptions={debuggerAddress=localhost:50411}, webauthn:extension:credBlob=true, acceptInsecureCerts=false, fedcm:accounts=true, webStorageEnabled=true, browserName=chrome, takesScreenshot=true, javascriptEnabled=true, setWindowRect=true, webauthn:extension:largeBlob=true, unexpectedAlertBehaviour=ignore, rotatable=false, networkConnectionEnabled=false, chrome={chromedriverVersion=135.0.7049.95 (de2eb485a1951079e63bdb57ce25544d2dc79c15-refs/branch-heads/7049@{#1836}), userDataDir=C:\\WINDOWS\\SystemTemp\\scoped_dir2056_1132606673}, takesHeapSnapshot=true, pageLoadStrategy=normal, strictFileInteractability=false, databaseEnabled=false, handlesAlerts=true, version=135.0.7049.96, browserConnectionEnabled=false, proxy={}, nativeEvents=true, webauthn:extension:minPinLength=true, webauthn:extension:prf=true, locationContextEnabled=true, cssSelectorsEnabled=true, webauthn:virtualAuthenticators=true}]\nSession ID: 9a70d2e20d5082bbec1ec4e528458190\n*** Element info: {Using=xpath, value=//button[@id='checkout']}","time":{"start":1745319695008,"stop":1745319718888,"duration":23880}},{"uid":"af399f6c969f4ff9","reportUrl":"http://localhost:7000/job/SauceDemoCucumber_Maven/27/allure/#testresult/af399f6c969f4ff9","status":"broken","statusDetails":"no such element: Unable to locate element: {\"method\":\"xpath\",\"selector\":\"//button[@id='checkout']\"}\n  (Session info: chrome=135.0.7049.96)\n  (Driver info: chromedriver=135.0.7049.95 (de2eb485a1951079e63bdb57ce25544d2dc79c15-refs/branch-heads/7049@{#1836}),platform=Windows NT 10.0.22631 x86_64) (WARNING: The server did not provide any stacktrace information)\nCommand duration or timeout: 10.08 seconds\nFor documentation on this error, please visit: http://seleniumhq.org/exceptions/no_such_element.html\nBuild info: version: '2.50.1', revision: 'd7fc91b29de65b790abb01f3ac5f7ea2191c88a7', time: '2016-01-29 11:11:26'\nSystem info: host: 'MED-PC', ip: '192.168.1.189', os.name: 'Windows 11', os.arch: 'amd64', os.version: '10.0', java.version: '17.0.11'\nDriver info: org.openqa.selenium.chrome.ChromeDriver\nCapabilities [{mobileEmulationEnabled=false, timeouts={implicit=0, pageLoad=300000, script=30000}, hasTouchScreen=false, platform=XP, acceptSslCerts=false, goog:chromeOptions={debuggerAddress=localhost:50196}, webauthn:extension:credBlob=true, acceptInsecureCerts=false, fedcm:accounts=true, webStorageEnabled=true, browserName=chrome, takesScreenshot=true, javascriptEnabled=true, setWindowRect=true, webauthn:extension:largeBlob=true, unexpectedAlertBehaviour=ignore, rotatable=false, networkConnectionEnabled=false, chrome={chromedriverVersion=135.0.7049.95 (de2eb485a1951079e63bdb57ce25544d2dc79c15-refs/branch-heads/7049@{#1836}), userDataDir=C:\\WINDOWS\\SystemTemp\\scoped_dir9004_884114115}, takesHeapSnapshot=true, pageLoadStrategy=normal, strictFileInteractability=false, databaseEnabled=false, handlesAlerts=true, version=135.0.7049.96, browserConnectionEnabled=false, proxy={}, nativeEvents=true, webauthn:extension:minPinLength=true, webauthn:extension:prf=true, locationContextEnabled=true, cssSelectorsEnabled=true, webauthn:virtualAuthenticators=true}]\nSession ID: e0032c738d2960a565d450ec633cac8a\n*** Element info: {Using=xpath, value=//button[@id='checkout']}","time":{"start":1745318802965,"stop":1745318827438,"duration":24473}},{"uid":"23d4778d573ff454","reportUrl":"http://localhost:7000/job/SauceDemoCucumber_Maven/26/allure/#testresult/23d4778d573ff454","status":"passed","time":{"start":1745230185692,"stop":1745230202205,"duration":16513}},{"uid":"e572e552f8ec391c","reportUrl":"http://localhost:7000/job/SauceDemoCucumber_Maven/25/allure/#testresult/e572e552f8ec391c","status":"passed","time":{"start":1745230185692,"stop":1745230202205,"duration":16513}},{"uid":"2d03fd165c464b43","reportUrl":"http://localhost:7000/job/SauceDemoCucumber_Maven/24/allure/#testresult/2d03fd165c464b43","status":"passed","time":{"start":1745230185692,"stop":1745230202205,"duration":16513}},{"uid":"f6ed1bf1287423ca","reportUrl":"http://localhost:7000/job/SauceDemoCucumber_Maven/23/allure/#testresult/f6ed1bf1287423ca","status":"broken","statusDetails":"io.github.bonigarcia.wdm.config.WebDriverManagerException: java.net.UnknownHostException: chromedriver.storage.googleapis.com","time":{"start":1745152501509,"stop":1745152502011,"duration":502}},{"uid":"ae8987ee33839dec","reportUrl":"http://localhost:7000/job/SauceDemoCucumber_Maven/22/allure/#testresult/ae8987ee33839dec","status":"broken","statusDetails":"io.github.bonigarcia.wdm.config.WebDriverManagerException: java.net.UnknownHostException: chromedriver.storage.googleapis.com","time":{"start":1745152460132,"stop":1745152461944,"duration":1812}},{"uid":"f959194e1cc37ab1","reportUrl":"http://localhost:7000/job/SauceDemoCucumber_Maven/21/allure/#testresult/f959194e1cc37ab1","status":"broken","statusDetails":"io.github.bonigarcia.wdm.config.WebDriverManagerException: java.net.UnknownHostException: chromedriver.storage.googleapis.com","time":{"start":1744996439423,"stop":1744996439960,"duration":537}},{"uid":"2069765fc3fdcebc","reportUrl":"http://localhost:7000/job/SauceDemoCucumber_Maven/20/allure/#testresult/2069765fc3fdcebc","status":"passed","time":{"start":1744903468081,"stop":1744903484716,"duration":16635}},{"uid":"f2b5b610f289bba9","reportUrl":"http://localhost:7000/job/SauceDemoCucumber_Maven/19/allure/#testresult/f2b5b610f289bba9","status":"broken","statusDetails":"no such element: Unable to locate element: {\"method\":\"xpath\",\"selector\":\"//button[@id='checkout']\"}\n  (Session info: chrome=135.0.7049.95)\n  (Driver info: chromedriver=135.0.7049.95 (de2eb485a1951079e63bdb57ce25544d2dc79c15-refs/branch-heads/7049@{#1836}),platform=Windows NT 10.0.22631 x86_64) (WARNING: The server did not provide any stacktrace information)\nCommand duration or timeout: 10.04 seconds\nFor documentation on this error, please visit: http://seleniumhq.org/exceptions/no_such_element.html\nBuild info: version: '2.50.1', revision: 'd7fc91b29de65b790abb01f3ac5f7ea2191c88a7', time: '2016-01-29 11:11:26'\nSystem info: host: 'MED-PC', ip: '192.168.1.189', os.name: 'Windows 11', os.arch: 'amd64', os.version: '10.0', java.version: '17.0.11'\nDriver info: org.openqa.selenium.chrome.ChromeDriver\nCapabilities [{mobileEmulationEnabled=false, timeouts={implicit=0, pageLoad=300000, script=30000}, hasTouchScreen=false, platform=XP, acceptSslCerts=false, goog:chromeOptions={debuggerAddress=localhost:57415}, webauthn:extension:credBlob=true, acceptInsecureCerts=false, fedcm:accounts=true, webStorageEnabled=true, browserName=chrome, takesScreenshot=true, javascriptEnabled=true, setWindowRect=true, webauthn:extension:largeBlob=true, unexpectedAlertBehaviour=ignore, rotatable=false, networkConnectionEnabled=false, chrome={chromedriverVersion=135.0.7049.95 (de2eb485a1951079e63bdb57ce25544d2dc79c15-refs/branch-heads/7049@{#1836}), userDataDir=C:\\WINDOWS\\SystemTemp\\scoped_dir8676_1024779610}, takesHeapSnapshot=true, pageLoadStrategy=normal, strictFileInteractability=false, databaseEnabled=false, handlesAlerts=true, version=135.0.7049.95, browserConnectionEnabled=false, proxy={}, nativeEvents=true, webauthn:extension:minPinLength=true, webauthn:extension:prf=true, locationContextEnabled=true, cssSelectorsEnabled=true, webauthn:virtualAuthenticators=true}]\nSession ID: d86d1595be62a84d1c57abb0047dc4b4\n*** Element info: {Using=xpath, value=//button[@id='checkout']}","time":{"start":1744887184637,"stop":1744887211536,"duration":26899}},{"uid":"32aed56bc9cfffbf","reportUrl":"http://localhost:7000/job/SauceDemoCucumber_Maven/18/allure/#testresult/32aed56bc9cfffbf","status":"passed","time":{"start":1744885645779,"stop":1744885667375,"duration":21596}},{"uid":"3f6c47f4aae332e4","reportUrl":"http://localhost:7000/job/SauceDemoCucumber_Maven/17/allure/#testresult/3f6c47f4aae332e4","status":"broken","statusDetails":"no such element: Unable to locate element: {\"method\":\"xpath\",\"selector\":\"//button[@id='checkout']\"}\n  (Session info: chrome=135.0.7049.95)\n  (Driver info: chromedriver=135.0.7049.95 (de2eb485a1951079e63bdb57ce25544d2dc79c15-refs/branch-heads/7049@{#1836}),platform=Windows NT 10.0.22631 x86_64) (WARNING: The server did not provide any stacktrace information)\nCommand duration or timeout: 10.07 seconds\nFor documentation on this error, please visit: http://seleniumhq.org/exceptions/no_such_element.html\nBuild info: version: '2.50.1', revision: 'd7fc91b29de65b790abb01f3ac5f7ea2191c88a7', time: '2016-01-29 11:11:26'\nSystem info: host: 'MED-PC', ip: '192.168.179.177', os.name: 'Windows 11', os.arch: 'amd64', os.version: '10.0', java.version: '17.0.11'\nDriver info: org.openqa.selenium.chrome.ChromeDriver\nCapabilities [{mobileEmulationEnabled=false, timeouts={implicit=0, pageLoad=300000, script=30000}, hasTouchScreen=false, platform=XP, acceptSslCerts=false, goog:chromeOptions={debuggerAddress=localhost:55840}, webauthn:extension:credBlob=true, acceptInsecureCerts=false, fedcm:accounts=true, webStorageEnabled=true, browserName=chrome, takesScreenshot=true, javascriptEnabled=true, setWindowRect=true, webauthn:extension:largeBlob=true, unexpectedAlertBehaviour=ignore, rotatable=false, networkConnectionEnabled=false, chrome={chromedriverVersion=135.0.7049.95 (de2eb485a1951079e63bdb57ce25544d2dc79c15-refs/branch-heads/7049@{#1836}), userDataDir=C:\\WINDOWS\\SystemTemp\\scoped_dir13620_1904814977}, takesHeapSnapshot=true, pageLoadStrategy=normal, strictFileInteractability=false, databaseEnabled=false, handlesAlerts=true, version=135.0.7049.95, browserConnectionEnabled=false, proxy={}, nativeEvents=true, webauthn:extension:minPinLength=true, webauthn:extension:prf=true, locationContextEnabled=true, cssSelectorsEnabled=true, webauthn:virtualAuthenticators=true}]\nSession ID: a463e7c28ddf3da2f2f3adbb9ec5c2ba\n*** Element info: {Using=xpath, value=//button[@id='checkout']}","time":{"start":1744841489615,"stop":1744841516732,"duration":27117}},{"uid":"efafb0932c1b02fc","reportUrl":"http://localhost:7000/job/SauceDemoCucumber_Maven/16/allure/#testresult/efafb0932c1b02fc","status":"broken","statusDetails":"no such element: Unable to locate element: {\"method\":\"xpath\",\"selector\":\"//button[@id='checkout']\"}\n  (Session info: chrome=135.0.7049.95)\n  (Driver info: chromedriver=135.0.7049.95 (de2eb485a1951079e63bdb57ce25544d2dc79c15-refs/branch-heads/7049@{#1836}),platform=Windows NT 10.0.22631 x86_64) (WARNING: The server did not provide any stacktrace information)\nCommand duration or timeout: 10.02 seconds\nFor documentation on this error, please visit: http://seleniumhq.org/exceptions/no_such_element.html\nBuild info: version: '2.50.1', revision: 'd7fc91b29de65b790abb01f3ac5f7ea2191c88a7', time: '2016-01-29 11:11:26'\nSystem info: host: 'MED-PC', ip: '192.168.179.177', os.name: 'Windows 11', os.arch: 'amd64', os.version: '10.0', java.version: '17.0.11'\nDriver info: org.openqa.selenium.chrome.ChromeDriver\nCapabilities [{mobileEmulationEnabled=false, timeouts={implicit=0, pageLoad=300000, script=30000}, hasTouchScreen=false, platform=XP, acceptSslCerts=false, goog:chromeOptions={debuggerAddress=localhost:55571}, webauthn:extension:credBlob=true, acceptInsecureCerts=false, fedcm:accounts=true, webStorageEnabled=true, browserName=chrome, takesScreenshot=true, javascriptEnabled=true, setWindowRect=true, webauthn:extension:largeBlob=true, unexpectedAlertBehaviour=ignore, rotatable=false, networkConnectionEnabled=false, chrome={chromedriverVersion=135.0.7049.95 (de2eb485a1951079e63bdb57ce25544d2dc79c15-refs/branch-heads/7049@{#1836}), userDataDir=C:\\WINDOWS\\SystemTemp\\scoped_dir7072_1405536460}, takesHeapSnapshot=true, pageLoadStrategy=normal, strictFileInteractability=false, databaseEnabled=false, handlesAlerts=true, version=135.0.7049.95, browserConnectionEnabled=false, proxy={}, nativeEvents=true, webauthn:extension:minPinLength=true, webauthn:extension:prf=true, locationContextEnabled=true, cssSelectorsEnabled=true, webauthn:virtualAuthenticators=true}]\nSession ID: b7d8e4a5b23685c01eb6399459e59767\n*** Element info: {Using=xpath, value=//button[@id='checkout']}","time":{"start":1744841309189,"stop":1744841336760,"duration":27571}},{"uid":"192fa28906362c","reportUrl":"http://localhost:7000/job/SauceDemoCucumber_Maven/15/allure/#testresult/192fa28906362c","status":"passed","time":{"start":1744802903733,"stop":1744802917824,"duration":14091}},{"uid":"2b7e6e26dc825e47","reportUrl":"http://localhost:7000/job/SauceDemoCucumber_Maven/14/allure/#testresult/2b7e6e26dc825e47","status":"passed","time":{"start":1744802343110,"stop":1744802357302,"duration":14192}},{"uid":"af3a7fd07b65b306","reportUrl":"http://localhost:7000/job/SauceDemoCucumber_Maven/13/allure/#testresult/af3a7fd07b65b306","status":"passed","time":{"start":1744798207210,"stop":1744798223952,"duration":16742}},{"uid":"acdd46e84e65725","reportUrl":"http://localhost:7000/job/SauceDemoCucumber_Maven/12/allure/#testresult/acdd46e84e65725","status":"broken","statusDetails":"no such element: Unable to locate element: {\"method\":\"xpath\",\"selector\":\"//button[@id='checkout']\"}\n  (Session info: chrome=135.0.7049.95)\n  (Driver info: chromedriver=135.0.7049.84 (6c019e56001911b3fd467e03bf68c435924d62f4-refs/branch-heads/7049@{#1778}),platform=Windows NT 10.0.22631 x86_64) (WARNING: The server did not provide any stacktrace information)\nCommand duration or timeout: 10.02 seconds\nFor documentation on this error, please visit: http://seleniumhq.org/exceptions/no_such_element.html\nBuild info: version: '2.50.1', revision: 'd7fc91b29de65b790abb01f3ac5f7ea2191c88a7', time: '2016-01-29 11:11:26'\nSystem info: host: 'MED-PC', ip: '192.168.179.177', os.name: 'Windows 11', os.arch: 'amd64', os.version: '10.0', java.version: '17.0.11'\nDriver info: org.openqa.selenium.chrome.ChromeDriver\nCapabilities [{mobileEmulationEnabled=false, timeouts={implicit=0, pageLoad=300000, script=30000}, hasTouchScreen=false, platform=XP, acceptSslCerts=false, goog:chromeOptions={debuggerAddress=localhost:60700}, webauthn:extension:credBlob=true, acceptInsecureCerts=false, fedcm:accounts=true, webStorageEnabled=true, browserName=chrome, takesScreenshot=true, javascriptEnabled=true, setWindowRect=true, webauthn:extension:largeBlob=true, unexpectedAlertBehaviour=ignore, rotatable=false, networkConnectionEnabled=false, chrome={chromedriverVersion=135.0.7049.84 (6c019e56001911b3fd467e03bf68c435924d62f4-refs/branch-heads/7049@{#1778}), userDataDir=C:\\WINDOWS\\SystemTemp\\scoped_dir12488_1760786876}, takesHeapSnapshot=true, pageLoadStrategy=normal, strictFileInteractability=false, databaseEnabled=false, handlesAlerts=true, version=135.0.7049.95, browserConnectionEnabled=false, proxy={}, nativeEvents=true, webauthn:extension:minPinLength=true, webauthn:extension:prf=true, locationContextEnabled=true, cssSelectorsEnabled=true, webauthn:virtualAuthenticators=true}]\nSession ID: 78509e26660eea2dd8165b9afdc2f2a1\n*** Element info: {Using=xpath, value=//button[@id='checkout']}","time":{"start":1744758347216,"stop":1744758369500,"duration":22284}},{"uid":"1a4e7db05c56d538","reportUrl":"http://localhost:7000/job/SauceDemoCucumber_Maven/11/allure/#testresult/1a4e7db05c56d538","status":"broken","statusDetails":"no such element: Unable to locate element: {\"method\":\"xpath\",\"selector\":\"//button[@id='checkout']\"}\n  (Session info: chrome=135.0.7049.95)\n  (Driver info: chromedriver=135.0.7049.84 (6c019e56001911b3fd467e03bf68c435924d62f4-refs/branch-heads/7049@{#1778}),platform=Windows NT 10.0.22631 x86_64) (WARNING: The server did not provide any stacktrace information)\nCommand duration or timeout: 10.07 seconds\nFor documentation on this error, please visit: http://seleniumhq.org/exceptions/no_such_element.html\nBuild info: version: '2.50.1', revision: 'd7fc91b29de65b790abb01f3ac5f7ea2191c88a7', time: '2016-01-29 11:11:26'\nSystem info: host: 'MED-PC', ip: '192.168.179.177', os.name: 'Windows 11', os.arch: 'amd64', os.version: '10.0', java.version: '17.0.11'\nDriver info: org.openqa.selenium.chrome.ChromeDriver\nCapabilities [{mobileEmulationEnabled=false, timeouts={implicit=0, pageLoad=300000, script=30000}, hasTouchScreen=false, platform=XP, acceptSslCerts=false, goog:chromeOptions={debuggerAddress=localhost:60098}, webauthn:extension:credBlob=true, acceptInsecureCerts=false, fedcm:accounts=true, webStorageEnabled=true, browserName=chrome, takesScreenshot=true, javascriptEnabled=true, setWindowRect=true, webauthn:extension:largeBlob=true, unexpectedAlertBehaviour=ignore, rotatable=false, networkConnectionEnabled=false, chrome={chromedriverVersion=135.0.7049.84 (6c019e56001911b3fd467e03bf68c435924d62f4-refs/branch-heads/7049@{#1778}), userDataDir=C:\\WINDOWS\\SystemTemp\\scoped_dir18084_720164621}, takesHeapSnapshot=true, pageLoadStrategy=normal, strictFileInteractability=false, databaseEnabled=false, handlesAlerts=true, version=135.0.7049.95, browserConnectionEnabled=false, proxy={}, nativeEvents=true, webauthn:extension:minPinLength=true, webauthn:extension:prf=true, locationContextEnabled=true, cssSelectorsEnabled=true, webauthn:virtualAuthenticators=true}]\nSession ID: 161f9d89043a6c7257143f876227d1c8\n*** Element info: {Using=xpath, value=//button[@id='checkout']}","time":{"start":1744756052103,"stop":1744756075695,"duration":23592}}]},"43234f5d9cce39b4a419cc2ab96248fe":{"statistic":{"failed":0,"broken":14,"skipped":0,"passed":16,"unknown":0,"total":30},"items":[{"uid":"a3c1e0b25f7a5b83","reportUrl":"http://localhost:7000/job/SauceDemoCucumber_Maven/30/allure/#testresult/a3c1e0b25f7a5b83","status":"passed","time":{"start":1745230202251,"stop":1745230219076,"duration":16825}},{"uid":"4631154c4fd8faee","reportUrl":"http://localhost:7000/job/SauceDemoCucumber_Maven/29/allure/#testresult/4631154c4fd8faee","status":"passed","time":{"start":1745230202251,"stop":1745230219076,"duration":16825}},{"uid":"86794846ceaafef9","reportUrl":"http://localhost:7000/job/SauceDemoCucumber_Maven/28/allure/#testresult/86794846ceaafef9","status":"passed","time":{"start":1745230202251,"stop":1745230219076,"duration":16825}},{"uid":"66139853b91e3b27","reportUrl":"http://localhost:7000/job/SauceDemoCucumber_Maven/27/allure/#testresult/66139853b91e3b27","status":"passed","time":{"start":1745230202251,"stop":1745230219076,"duration":16825}},{"uid":"8ca67e1c9f3fedf","reportUrl":"http://localhost:7000/job/SauceDemoCucumber_Maven/26/allure/#testresult/8ca67e1c9f3fedf","status":"passed","time":{"start":1745230202251,"stop":1745230219076,"duration":16825}},{"uid":"e857b815dc151082","reportUrl":"http://localhost:7000/job/SauceDemoCucumber_Maven/25/allure/#testresult/e857b815dc151082","status":"passed","time":{"start":1745230202251,"stop":1745230219076,"duration":16825}},{"uid":"14f30d417dc02b53","reportUrl":"http://localhost:7000/job/SauceDemoCucumber_Maven/24/allure/#testresult/14f30d417dc02b53","status":"passed","time":{"start":1745230202251,"stop":1745230219076,"duration":16825}},{"uid":"cace0f96d2bd9422","reportUrl":"http://localhost:7000/job/SauceDemoCucumber_Maven/23/allure/#testresult/cace0f96d2bd9422","status":"broken","statusDetails":"io.github.bonigarcia.wdm.config.WebDriverManagerException: java.net.UnknownHostException: chromedriver.storage.googleapis.com","time":{"start":1745152502060,"stop":1745152502623,"duration":563}},{"uid":"a72f70e487de31ce","reportUrl":"http://localhost:7000/job/SauceDemoCucumber_Maven/22/allure/#testresult/a72f70e487de31ce","status":"broken","statusDetails":"io.github.bonigarcia.wdm.config.WebDriverManagerException: java.net.UnknownHostException: chromedriver.storage.googleapis.com","time":{"start":1745152462745,"stop":1745152463707,"duration":962}},{"uid":"6267b53e138c24e5","reportUrl":"http://localhost:7000/job/SauceDemoCucumber_Maven/21/allure/#testresult/6267b53e138c24e5","status":"broken","statusDetails":"io.github.bonigarcia.wdm.config.WebDriverManagerException: java.net.UnknownHostException: chromedriver.storage.googleapis.com","time":{"start":1744996440004,"stop":1744996440548,"duration":544}},{"uid":"850ba5db3b195cb4","reportUrl":"http://localhost:7000/job/SauceDemoCucumber_Maven/20/allure/#testresult/850ba5db3b195cb4","status":"passed","time":{"start":1744903484753,"stop":1744903499874,"duration":15121}},{"uid":"6897d11c192839f8","reportUrl":"http://localhost:7000/job/SauceDemoCucumber_Maven/19/allure/#testresult/6897d11c192839f8","status":"broken","statusDetails":"no such element: Unable to locate element: {\"method\":\"xpath\",\"selector\":\"//button[@id='checkout']\"}\n  (Session info: chrome=135.0.7049.95)\n  (Driver info: chromedriver=135.0.7049.95 (de2eb485a1951079e63bdb57ce25544d2dc79c15-refs/branch-heads/7049@{#1836}),platform=Windows NT 10.0.22631 x86_64) (WARNING: The server did not provide any stacktrace information)\nCommand duration or timeout: 10.05 seconds\nFor documentation on this error, please visit: http://seleniumhq.org/exceptions/no_such_element.html\nBuild info: version: '2.50.1', revision: 'd7fc91b29de65b790abb01f3ac5f7ea2191c88a7', time: '2016-01-29 11:11:26'\nSystem info: host: 'MED-PC', ip: '192.168.1.189', os.name: 'Windows 11', os.arch: 'amd64', os.version: '10.0', java.version: '17.0.11'\nDriver info: org.openqa.selenium.chrome.ChromeDriver\nCapabilities [{mobileEmulationEnabled=false, timeouts={implicit=0, pageLoad=300000, script=30000}, hasTouchScreen=false, platform=XP, acceptSslCerts=false, goog:chromeOptions={debuggerAddress=localhost:57464}, webauthn:extension:credBlob=true, acceptInsecureCerts=false, fedcm:accounts=true, webStorageEnabled=true, browserName=chrome, takesScreenshot=true, javascriptEnabled=true, setWindowRect=true, webauthn:extension:largeBlob=true, unexpectedAlertBehaviour=ignore, rotatable=false, networkConnectionEnabled=false, chrome={chromedriverVersion=135.0.7049.95 (de2eb485a1951079e63bdb57ce25544d2dc79c15-refs/branch-heads/7049@{#1836}), userDataDir=C:\\WINDOWS\\SystemTemp\\scoped_dir16268_2088805869}, takesHeapSnapshot=true, pageLoadStrategy=normal, strictFileInteractability=false, databaseEnabled=false, handlesAlerts=true, version=135.0.7049.95, browserConnectionEnabled=false, proxy={}, nativeEvents=true, webauthn:extension:minPinLength=true, webauthn:extension:prf=true, locationContextEnabled=true, cssSelectorsEnabled=true, webauthn:virtualAuthenticators=true}]\nSession ID: f4ee573bd70065b4a112f97864d077cb\n*** Element info: {Using=xpath, value=//button[@id='checkout']}","time":{"start":1744887211589,"stop":1744887236529,"duration":24940}},{"uid":"37f0b4307f8b8b7f","reportUrl":"http://localhost:7000/job/SauceDemoCucumber_Maven/18/allure/#testresult/37f0b4307f8b8b7f","status":"passed","time":{"start":1744885667422,"stop":1744885685082,"duration":17660}},{"uid":"ada044ba97759ae4","reportUrl":"http://localhost:7000/job/SauceDemoCucumber_Maven/17/allure/#testresult/ada044ba97759ae4","status":"broken","statusDetails":"no such element: Unable to locate element: {\"method\":\"xpath\",\"selector\":\"//button[@id='checkout']\"}\n  (Session info: chrome=135.0.7049.95)\n  (Driver info: chromedriver=135.0.7049.95 (de2eb485a1951079e63bdb57ce25544d2dc79c15-refs/branch-heads/7049@{#1836}),platform=Windows NT 10.0.22631 x86_64) (WARNING: The server did not provide any stacktrace information)\nCommand duration or timeout: 10.08 seconds\nFor documentation on this error, please visit: http://seleniumhq.org/exceptions/no_such_element.html\nBuild info: version: '2.50.1', revision: 'd7fc91b29de65b790abb01f3ac5f7ea2191c88a7', time: '2016-01-29 11:11:26'\nSystem info: host: 'MED-PC', ip: '192.168.179.177', os.name: 'Windows 11', os.arch: 'amd64', os.version: '10.0', java.version: '17.0.11'\nDriver info: org.openqa.selenium.chrome.ChromeDriver\nCapabilities [{mobileEmulationEnabled=false, timeouts={implicit=0, pageLoad=300000, script=30000}, hasTouchScreen=false, platform=XP, acceptSslCerts=false, goog:chromeOptions={debuggerAddress=localhost:55906}, webauthn:extension:credBlob=true, acceptInsecureCerts=false, fedcm:accounts=true, webStorageEnabled=true, browserName=chrome, takesScreenshot=true, javascriptEnabled=true, setWindowRect=true, webauthn:extension:largeBlob=true, unexpectedAlertBehaviour=ignore, rotatable=false, networkConnectionEnabled=false, chrome={chromedriverVersion=135.0.7049.95 (de2eb485a1951079e63bdb57ce25544d2dc79c15-refs/branch-heads/7049@{#1836}), userDataDir=C:\\WINDOWS\\SystemTemp\\scoped_dir13520_246069444}, takesHeapSnapshot=true, pageLoadStrategy=normal, strictFileInteractability=false, databaseEnabled=false, handlesAlerts=true, version=135.0.7049.95, browserConnectionEnabled=false, proxy={}, nativeEvents=true, webauthn:extension:minPinLength=true, webauthn:extension:prf=true, locationContextEnabled=true, cssSelectorsEnabled=true, webauthn:virtualAuthenticators=true}]\nSession ID: 84e6ac904e1a0a228c1b2bf702f25b1f\n*** Element info: {Using=xpath, value=//button[@id='checkout']}","time":{"start":1744841516771,"stop":1744841542877,"duration":26106}},{"uid":"75e47f8480e1a33","reportUrl":"http://localhost:7000/job/SauceDemoCucumber_Maven/16/allure/#testresult/75e47f8480e1a33","status":"broken","statusDetails":"no such element: Unable to locate element: {\"method\":\"xpath\",\"selector\":\"//button[@id='checkout']\"}\n  (Session info: chrome=135.0.7049.95)\n  (Driver info: chromedriver=135.0.7049.95 (de2eb485a1951079e63bdb57ce25544d2dc79c15-refs/branch-heads/7049@{#1836}),platform=Windows NT 10.0.22631 x86_64) (WARNING: The server did not provide any stacktrace information)\nCommand duration or timeout: 10.03 seconds\nFor documentation on this error, please visit: http://seleniumhq.org/exceptions/no_such_element.html\nBuild info: version: '2.50.1', revision: 'd7fc91b29de65b790abb01f3ac5f7ea2191c88a7', time: '2016-01-29 11:11:26'\nSystem info: host: 'MED-PC', ip: '192.168.179.177', os.name: 'Windows 11', os.arch: 'amd64', os.version: '10.0', java.version: '17.0.11'\nDriver info: org.openqa.selenium.chrome.ChromeDriver\nCapabilities [{mobileEmulationEnabled=false, timeouts={implicit=0, pageLoad=300000, script=30000}, hasTouchScreen=false, platform=XP, acceptSslCerts=false, goog:chromeOptions={debuggerAddress=localhost:55618}, webauthn:extension:credBlob=true, acceptInsecureCerts=false, fedcm:accounts=true, webStorageEnabled=true, browserName=chrome, takesScreenshot=true, javascriptEnabled=true, setWindowRect=true, webauthn:extension:largeBlob=true, unexpectedAlertBehaviour=ignore, rotatable=false, networkConnectionEnabled=false, chrome={chromedriverVersion=135.0.7049.95 (de2eb485a1951079e63bdb57ce25544d2dc79c15-refs/branch-heads/7049@{#1836}), userDataDir=C:\\WINDOWS\\SystemTemp\\scoped_dir1768_654788462}, takesHeapSnapshot=true, pageLoadStrategy=normal, strictFileInteractability=false, databaseEnabled=false, handlesAlerts=true, version=135.0.7049.95, browserConnectionEnabled=false, proxy={}, nativeEvents=true, webauthn:extension:minPinLength=true, webauthn:extension:prf=true, locationContextEnabled=true, cssSelectorsEnabled=true, webauthn:virtualAuthenticators=true}]\nSession ID: 80c7b733a5bde322a8531d52b36c10bf\n*** Element info: {Using=xpath, value=//button[@id='checkout']}","time":{"start":1744841336803,"stop":1744841360320,"duration":23517}},{"uid":"859b7a85c1339de7","reportUrl":"http://localhost:7000/job/SauceDemoCucumber_Maven/15/allure/#testresult/859b7a85c1339de7","status":"passed","time":{"start":1744802917850,"stop":1744802931968,"duration":14118}},{"uid":"1083e7e5590c19b8","reportUrl":"http://localhost:7000/job/SauceDemoCucumber_Maven/14/allure/#testresult/1083e7e5590c19b8","status":"passed","time":{"start":1744802357321,"stop":1744802371428,"duration":14107}},{"uid":"37cce7c9131d8c3c","reportUrl":"http://localhost:7000/job/SauceDemoCucumber_Maven/13/allure/#testresult/37cce7c9131d8c3c","status":"passed","time":{"start":1744798223991,"stop":1744798242150,"duration":18159}},{"uid":"87b62aa9ea934421","reportUrl":"http://localhost:7000/job/SauceDemoCucumber_Maven/12/allure/#testresult/87b62aa9ea934421","status":"broken","statusDetails":"no such element: Unable to locate element: {\"method\":\"xpath\",\"selector\":\"//button[@id='checkout']\"}\n  (Session info: chrome=135.0.7049.95)\n  (Driver info: chromedriver=135.0.7049.84 (6c019e56001911b3fd467e03bf68c435924d62f4-refs/branch-heads/7049@{#1778}),platform=Windows NT 10.0.22631 x86_64) (WARNING: The server did not provide any stacktrace information)\nCommand duration or timeout: 10.07 seconds\nFor documentation on this error, please visit: http://seleniumhq.org/exceptions/no_such_element.html\nBuild info: version: '2.50.1', revision: 'd7fc91b29de65b790abb01f3ac5f7ea2191c88a7', time: '2016-01-29 11:11:26'\nSystem info: host: 'MED-PC', ip: '192.168.179.177', os.name: 'Windows 11', os.arch: 'amd64', os.version: '10.0', java.version: '17.0.11'\nDriver info: org.openqa.selenium.chrome.ChromeDriver\nCapabilities [{mobileEmulationEnabled=false, timeouts={implicit=0, pageLoad=300000, script=30000}, hasTouchScreen=false, platform=XP, acceptSslCerts=false, goog:chromeOptions={debuggerAddress=localhost:60733}, webauthn:extension:credBlob=true, acceptInsecureCerts=false, fedcm:accounts=true, webStorageEnabled=true, browserName=chrome, takesScreenshot=true, javascriptEnabled=true, setWindowRect=true, webauthn:extension:largeBlob=true, unexpectedAlertBehaviour=ignore, rotatable=false, networkConnectionEnabled=false, chrome={chromedriverVersion=135.0.7049.84 (6c019e56001911b3fd467e03bf68c435924d62f4-refs/branch-heads/7049@{#1778}), userDataDir=C:\\WINDOWS\\SystemTemp\\scoped_dir11560_1812983221}, takesHeapSnapshot=true, pageLoadStrategy=normal, strictFileInteractability=false, databaseEnabled=false, handlesAlerts=true, version=135.0.7049.95, browserConnectionEnabled=false, proxy={}, nativeEvents=true, webauthn:extension:minPinLength=true, webauthn:extension:prf=true, locationContextEnabled=true, cssSelectorsEnabled=true, webauthn:virtualAuthenticators=true}]\nSession ID: 2687902586acddce2e8e82fb8c2c49c1\n*** Element info: {Using=xpath, value=//button[@id='checkout']}","time":{"start":1744758369529,"stop":1744758391753,"duration":22224}},{"uid":"27b704db25acf960","reportUrl":"http://localhost:7000/job/SauceDemoCucumber_Maven/11/allure/#testresult/27b704db25acf960","status":"broken","statusDetails":"no such element: Unable to locate element: {\"method\":\"xpath\",\"selector\":\"//button[@id='checkout']\"}\n  (Session info: chrome=135.0.7049.95)\n  (Driver info: chromedriver=135.0.7049.84 (6c019e56001911b3fd467e03bf68c435924d62f4-refs/branch-heads/7049@{#1778}),platform=Windows NT 10.0.22631 x86_64) (WARNING: The server did not provide any stacktrace information)\nCommand duration or timeout: 10.02 seconds\nFor documentation on this error, please visit: http://seleniumhq.org/exceptions/no_such_element.html\nBuild info: version: '2.50.1', revision: 'd7fc91b29de65b790abb01f3ac5f7ea2191c88a7', time: '2016-01-29 11:11:26'\nSystem info: host: 'MED-PC', ip: '192.168.179.177', os.name: 'Windows 11', os.arch: 'amd64', os.version: '10.0', java.version: '17.0.11'\nDriver info: org.openqa.selenium.chrome.ChromeDriver\nCapabilities [{mobileEmulationEnabled=false, timeouts={implicit=0, pageLoad=300000, script=30000}, hasTouchScreen=false, platform=XP, acceptSslCerts=false, goog:chromeOptions={debuggerAddress=localhost:60133}, webauthn:extension:credBlob=true, acceptInsecureCerts=false, fedcm:accounts=true, webStorageEnabled=true, browserName=chrome, takesScreenshot=true, javascriptEnabled=true, setWindowRect=true, webauthn:extension:largeBlob=true, unexpectedAlertBehaviour=ignore, rotatable=false, networkConnectionEnabled=false, chrome={chromedriverVersion=135.0.7049.84 (6c019e56001911b3fd467e03bf68c435924d62f4-refs/branch-heads/7049@{#1778}), userDataDir=C:\\WINDOWS\\SystemTemp\\scoped_dir5676_1083068696}, takesHeapSnapshot=true, pageLoadStrategy=normal, strictFileInteractability=false, databaseEnabled=false, handlesAlerts=true, version=135.0.7049.95, browserConnectionEnabled=false, proxy={}, nativeEvents=true, webauthn:extension:minPinLength=true, webauthn:extension:prf=true, locationContextEnabled=true, cssSelectorsEnabled=true, webauthn:virtualAuthenticators=true}]\nSession ID: edc8df19bdf3b98911960af5fe8a5c43\n*** Element info: {Using=xpath, value=//button[@id='checkout']}","time":{"start":1744756075754,"stop":1744756099093,"duration":23339}}]}}