{"uid":"659d46c0dce33126","name":"Payment with foor carts","fullName":"src/test/features/PaymentPage/Payement.feature:29","historyId":"f3830dc2a755575901708395ee22da8e","time":{"start":1745235060528,"stop":1745235078692,"duration":18164},"description":"  I want to pay the product","descriptionHtml":"<p>I want to pay the product</p>\n","status":"passed","flaky":false,"newFailed":false,"newBroken":false,"newPassed":true,"retriesCount":30,"retriesStatusChange":true,"beforeStages":[{"name":"Hooks.SetUp.initial()","time":{"start":1745235060709,"stop":1745235064661,"duration":3952},"status":"passed","steps":[],"attachments":[],"parameters":[],"attachmentsCount":0,"shouldDisplayMessage":false,"stepsCount":0,"hasContent":false,"attachmentStep":false}],"testStage":{"description":"  I want to pay the product","status":"passed","steps":[{"name":"Hooks.SetUp.etape()","time":{"start":1745235064771,"stop":1745235064779,"duration":8},"status":"passed","steps":[],"attachments":[],"parameters":[],"attachmentsCount":0,"shouldDisplayMessage":false,"stepsCount":0,"hasContent":false,"attachmentStep":false},{"name":"Given I enter  url \"https://www.saucedemo.com/\"","time":{"start":1745235064780,"stop":1745235066834,"duration":2054},"status":"passed","steps":[],"attachments":[],"parameters":[],"attachmentsCount":0,"shouldDisplayMessage":false,"stepsCount":0,"hasContent":false,"attachmentStep":false},{"name":"Hooks.SetUp.TakeScreenshot(io.cucumber.java.Scenario)","time":{"start":1745235066834,"stop":1745235066939,"duration":105},"status":"passed","steps":[],"attachments":[{"uid":"cf7a5b15deece154","name":"image","source":"cf7a5b15deece154.png","type":"image/png","size":25200}],"parameters":[],"attachmentsCount":1,"shouldDisplayMessage":false,"stepsCount":0,"hasContent":true,"attachmentStep":false},{"name":"Hooks.SetUp.etape()","time":{"start":1745235066939,"stop":1745235066939,"duration":0},"status":"passed","steps":[],"attachments":[],"parameters":[],"attachmentsCount":0,"shouldDisplayMessage":false,"stepsCount":0,"hasContent":false,"attachmentStep":false},{"name":"When I enter  username \"standard_user\"","time":{"start":1745235066940,"stop":1745235067044,"duration":104},"status":"passed","steps":[],"attachments":[],"parameters":[],"attachmentsCount":0,"shouldDisplayMessage":false,"stepsCount":0,"hasContent":false,"attachmentStep":false},{"name":"Hooks.SetUp.TakeScreenshot(io.cucumber.java.Scenario)","time":{"start":1745235067044,"stop":1745235067129,"duration":85},"status":"passed","steps":[],"attachments":[{"uid":"3fd58f0b99825718","name":"image","source":"3fd58f0b99825718.png","type":"image/png","size":25802}],"parameters":[],"attachmentsCount":1,"shouldDisplayMessage":false,"stepsCount":0,"hasContent":true,"attachmentStep":false},{"name":"Hooks.SetUp.etape()","time":{"start":1745235067130,"stop":1745235067131,"duration":1},"status":"passed","steps":[],"attachments":[],"parameters":[],"attachmentsCount":0,"shouldDisplayMessage":false,"stepsCount":0,"hasContent":false,"attachmentStep":false},{"name":"And I enter  password \"secret_sauce\"","time":{"start":1745235067133,"stop":1745235067217,"duration":84},"status":"passed","steps":[],"attachments":[],"parameters":[],"attachmentsCount":0,"shouldDisplayMessage":false,"stepsCount":0,"hasContent":false,"attachmentStep":false},{"name":"Hooks.SetUp.TakeScreenshot(io.cucumber.java.Scenario)","time":{"start":1745235067218,"stop":1745235067293,"duration":75},"status":"passed","steps":[],"attachments":[{"uid":"50ff6e123799990","name":"image","source":"50ff6e123799990.png","type":"image/png","size":24908}],"parameters":[],"attachmentsCount":1,"shouldDisplayMessage":false,"stepsCount":0,"hasContent":true,"attachmentStep":false},{"name":"Hooks.SetUp.etape()","time":{"start":1745235067295,"stop":1745235067295,"duration":0},"status":"passed","steps":[],"attachments":[],"parameters":[],"attachmentsCount":0,"shouldDisplayMessage":false,"stepsCount":0,"hasContent":false,"attachmentStep":false},{"name":"And I click  login button","time":{"start":1745235067296,"stop":1745235067431,"duration":135},"status":"passed","steps":[],"attachments":[],"parameters":[],"attachmentsCount":0,"shouldDisplayMessage":false,"stepsCount":0,"hasContent":false,"attachmentStep":false},{"name":"Hooks.SetUp.TakeScreenshot(io.cucumber.java.Scenario)","time":{"start":1745235067431,"stop":1745235067519,"duration":88},"status":"passed","steps":[],"attachments":[{"uid":"3f41fca311bda6a6","name":"image","source":"3f41fca311bda6a6.png","type":"image/png","size":37238}],"parameters":[],"attachmentsCount":1,"shouldDisplayMessage":false,"stepsCount":0,"hasContent":true,"attachmentStep":false},{"name":"Hooks.SetUp.etape()","time":{"start":1745235067519,"stop":1745235067520,"duration":1},"status":"passed","steps":[],"attachments":[],"parameters":[],"attachmentsCount":0,"shouldDisplayMessage":false,"stepsCount":0,"hasContent":false,"attachmentStep":false},{"name":"Then I validate  page \"https://www.saucedemo.com/inventory.html\"","time":{"start":1745235067520,"stop":1745235067535,"duration":15},"status":"passed","steps":[],"attachments":[],"parameters":[],"attachmentsCount":0,"shouldDisplayMessage":false,"stepsCount":0,"hasContent":false,"attachmentStep":false},{"name":"Hooks.SetUp.TakeScreenshot(io.cucumber.java.Scenario)","time":{"start":1745235067536,"stop":1745235067620,"duration":84},"status":"passed","steps":[],"attachments":[{"uid":"fecb1d2d81a4cc0f","name":"image","source":"fecb1d2d81a4cc0f.png","type":"image/png","size":72671}],"parameters":[],"attachmentsCount":1,"shouldDisplayMessage":false,"stepsCount":0,"hasContent":true,"attachmentStep":false},{"name":"Hooks.SetUp.etape()","time":{"start":1745235067620,"stop":1745235067621,"duration":1},"status":"passed","steps":[],"attachments":[],"parameters":[],"attachmentsCount":0,"shouldDisplayMessage":false,"stepsCount":0,"hasContent":false,"attachmentStep":false},{"name":"Given Choose the first product and click add_to_cart1","time":{"start":1745235067621,"stop":1745235069786,"duration":2165},"status":"passed","steps":[],"attachments":[],"parameters":[],"attachmentsCount":0,"shouldDisplayMessage":false,"stepsCount":0,"hasContent":false,"attachmentStep":false},{"name":"Hooks.SetUp.TakeScreenshot(io.cucumber.java.Scenario)","time":{"start":1745235069787,"stop":1745235069888,"duration":101},"status":"passed","steps":[],"attachments":[{"uid":"62370116c9ad5079","name":"image","source":"62370116c9ad5079.png","type":"image/png","size":93236}],"parameters":[],"attachmentsCount":1,"shouldDisplayMessage":false,"stepsCount":0,"hasContent":true,"attachmentStep":false},{"name":"Hooks.SetUp.etape()","time":{"start":1745235069889,"stop":1745235069889,"duration":0},"status":"passed","steps":[],"attachments":[],"parameters":[],"attachmentsCount":0,"shouldDisplayMessage":false,"stepsCount":0,"hasContent":false,"attachmentStep":false},{"name":"When Choose the seecond product and click add_to_cart2","time":{"start":1745235069890,"stop":1745235072019,"duration":2129},"status":"passed","steps":[],"attachments":[],"parameters":[],"attachmentsCount":0,"shouldDisplayMessage":false,"stepsCount":0,"hasContent":false,"attachmentStep":false},{"name":"Hooks.SetUp.TakeScreenshot(io.cucumber.java.Scenario)","time":{"start":1745235072020,"stop":1745235072128,"duration":108},"status":"passed","steps":[],"attachments":[{"uid":"10aa4132f3184b33","name":"image","source":"10aa4132f3184b33.png","type":"image/png","size":112514}],"parameters":[],"attachmentsCount":1,"shouldDisplayMessage":false,"stepsCount":0,"hasContent":true,"attachmentStep":false},{"name":"Hooks.SetUp.etape()","time":{"start":1745235072128,"stop":1745235072129,"duration":1},"status":"passed","steps":[],"attachments":[],"parameters":[],"attachmentsCount":0,"shouldDisplayMessage":false,"stepsCount":0,"hasContent":false,"attachmentStep":false},{"name":"And click the cart button","time":{"start":1745235072129,"stop":1745235072240,"duration":111},"status":"passed","steps":[],"attachments":[],"parameters":[],"attachmentsCount":0,"shouldDisplayMessage":false,"stepsCount":0,"hasContent":false,"attachmentStep":false},{"name":"Hooks.SetUp.TakeScreenshot(io.cucumber.java.Scenario)","time":{"start":1745235072240,"stop":1745235072353,"duration":113},"status":"passed","steps":[],"attachments":[{"uid":"2ab970d77692d92f","name":"image","source":"2ab970d77692d92f.png","type":"image/png","size":40461}],"parameters":[],"attachmentsCount":1,"shouldDisplayMessage":false,"stepsCount":0,"hasContent":true,"attachmentStep":false},{"name":"Hooks.SetUp.etape()","time":{"start":1745235072353,"stop":1745235072353,"duration":0},"status":"passed","steps":[],"attachments":[],"parameters":[],"attachmentsCount":0,"shouldDisplayMessage":false,"stepsCount":0,"hasContent":false,"attachmentStep":false},{"name":"Then verify that the two product are added successfully to my cart \"Sauce Labs Backpack\" and \"Sauce Labs Onesie\"","time":{"start":1745235072355,"stop":1745235077438,"duration":5083},"status":"passed","steps":[],"attachments":[],"parameters":[],"attachmentsCount":0,"shouldDisplayMessage":false,"stepsCount":0,"hasContent":false,"attachmentStep":false},{"name":"Hooks.SetUp.TakeScreenshot(io.cucumber.java.Scenario)","time":{"start":1745235077439,"stop":1745235077531,"duration":92},"status":"passed","steps":[],"attachments":[{"uid":"53891b6e1f42f685","name":"image","source":"53891b6e1f42f685.png","type":"image/png","size":40461}],"parameters":[],"attachmentsCount":1,"shouldDisplayMessage":false,"stepsCount":0,"hasContent":true,"attachmentStep":false},{"name":"Hooks.SetUp.etape()","time":{"start":1745235077533,"stop":1745235077533,"duration":0},"status":"passed","steps":[],"attachments":[],"parameters":[],"attachmentsCount":0,"shouldDisplayMessage":false,"stepsCount":0,"hasContent":false,"attachmentStep":false},{"name":"Given i click the checkout button","time":{"start":1745235077534,"stop":1745235077637,"duration":103},"status":"passed","steps":[],"attachments":[],"parameters":[],"attachmentsCount":0,"shouldDisplayMessage":false,"stepsCount":0,"hasContent":false,"attachmentStep":false},{"name":"Hooks.SetUp.TakeScreenshot(io.cucumber.java.Scenario)","time":{"start":1745235077637,"stop":1745235077722,"duration":85},"status":"passed","steps":[],"attachments":[{"uid":"1b19f727070f9251","name":"image","source":"1b19f727070f9251.png","type":"image/png","size":15911}],"parameters":[],"attachmentsCount":1,"shouldDisplayMessage":false,"stepsCount":0,"hasContent":true,"attachmentStep":false},{"name":"Hooks.SetUp.etape()","time":{"start":1745235077722,"stop":1745235077722,"duration":0},"status":"passed","steps":[],"attachments":[],"parameters":[],"attachmentsCount":0,"shouldDisplayMessage":false,"stepsCount":0,"hasContent":false,"attachmentStep":false},{"name":"When i enter the First Name \"mohamed\"","time":{"start":1745235077723,"stop":1745235077796,"duration":73},"status":"passed","steps":[],"attachments":[],"parameters":[],"attachmentsCount":0,"shouldDisplayMessage":false,"stepsCount":0,"hasContent":false,"attachmentStep":false},{"name":"Hooks.SetUp.TakeScreenshot(io.cucumber.java.Scenario)","time":{"start":1745235077797,"stop":1745235077848,"duration":51},"status":"passed","steps":[],"attachments":[{"uid":"f44ebf52c12fd57b","name":"image","source":"f44ebf52c12fd57b.png","type":"image/png","size":16087}],"parameters":[],"attachmentsCount":1,"shouldDisplayMessage":false,"stepsCount":0,"hasContent":true,"attachmentStep":false},{"name":"Hooks.SetUp.etape()","time":{"start":1745235077848,"stop":1745235077849,"duration":1},"status":"passed","steps":[],"attachments":[],"parameters":[],"attachmentsCount":0,"shouldDisplayMessage":false,"stepsCount":0,"hasContent":false,"attachmentStep":false},{"name":"And i enter the Last Name  \"medini\"","time":{"start":1745235077849,"stop":1745235077915,"duration":66},"status":"passed","steps":[],"attachments":[],"parameters":[],"attachmentsCount":0,"shouldDisplayMessage":false,"stepsCount":0,"hasContent":false,"attachmentStep":false},{"name":"Hooks.SetUp.TakeScreenshot(io.cucumber.java.Scenario)","time":{"start":1745235077915,"stop":1745235077987,"duration":72},"status":"passed","steps":[],"attachments":[{"uid":"daa0fc769080f923","name":"image","source":"daa0fc769080f923.png","type":"image/png","size":15896}],"parameters":[],"attachmentsCount":1,"shouldDisplayMessage":false,"stepsCount":0,"hasContent":true,"attachmentStep":false},{"name":"Hooks.SetUp.etape()","time":{"start":1745235077987,"stop":1745235077987,"duration":0},"status":"passed","steps":[],"attachments":[],"parameters":[],"attachmentsCount":0,"shouldDisplayMessage":false,"stepsCount":0,"hasContent":false,"attachmentStep":false},{"name":"And i enter the Zip Code \"<Zip>\"","time":{"start":1745235077988,"stop":1745235078052,"duration":64},"status":"passed","steps":[],"attachments":[],"parameters":[],"attachmentsCount":0,"shouldDisplayMessage":false,"stepsCount":0,"hasContent":false,"attachmentStep":false},{"name":"Hooks.SetUp.TakeScreenshot(io.cucumber.java.Scenario)","time":{"start":1745235078052,"stop":1745235078120,"duration":68},"status":"passed","steps":[],"attachments":[{"uid":"4b573bd1d610400a","name":"image","source":"4b573bd1d610400a.png","type":"image/png","size":14680}],"parameters":[],"attachmentsCount":1,"shouldDisplayMessage":false,"stepsCount":0,"hasContent":true,"attachmentStep":false},{"name":"Hooks.SetUp.etape()","time":{"start":1745235078121,"stop":1745235078121,"duration":0},"status":"passed","steps":[],"attachments":[],"parameters":[],"attachmentsCount":0,"shouldDisplayMessage":false,"stepsCount":0,"hasContent":false,"attachmentStep":false},{"name":"And i click the continue button","time":{"start":1745235078121,"stop":1745235078214,"duration":93},"status":"passed","steps":[],"attachments":[],"parameters":[],"attachmentsCount":0,"shouldDisplayMessage":false,"stepsCount":0,"hasContent":false,"attachmentStep":false},{"name":"Hooks.SetUp.TakeScreenshot(io.cucumber.java.Scenario)","time":{"start":1745235078214,"stop":1745235078302,"duration":88},"status":"passed","steps":[],"attachments":[{"uid":"a7039be466dbb857","name":"image","source":"a7039be466dbb857.png","type":"image/png","size":41555}],"parameters":[],"attachmentsCount":1,"shouldDisplayMessage":false,"stepsCount":0,"hasContent":true,"attachmentStep":false},{"name":"Hooks.SetUp.etape()","time":{"start":1745235078302,"stop":1745235078303,"duration":1},"status":"passed","steps":[],"attachments":[],"parameters":[],"attachmentsCount":0,"shouldDisplayMessage":false,"stepsCount":0,"hasContent":false,"attachmentStep":false},{"name":"And i click the finish button","time":{"start":1745235078303,"stop":1745235078387,"duration":84},"status":"passed","steps":[],"attachments":[],"parameters":[],"attachmentsCount":0,"shouldDisplayMessage":false,"stepsCount":0,"hasContent":false,"attachmentStep":false},{"name":"Hooks.SetUp.TakeScreenshot(io.cucumber.java.Scenario)","time":{"start":1745235078388,"stop":1745235078457,"duration":69},"status":"passed","steps":[],"attachments":[{"uid":"d6a34c8d84fa7c5a","name":"image","source":"d6a34c8d84fa7c5a.png","type":"image/png","size":27572}],"parameters":[],"attachmentsCount":1,"shouldDisplayMessage":false,"stepsCount":0,"hasContent":true,"attachmentStep":false},{"name":"Hooks.SetUp.etape()","time":{"start":1745235078458,"stop":1745235078459,"duration":1},"status":"passed","steps":[],"attachments":[],"parameters":[],"attachmentsCount":0,"shouldDisplayMessage":false,"stepsCount":0,"hasContent":false,"attachmentStep":false},{"name":"Then i verify the payment with the message \"Thank you for your order!\"","time":{"start":1745235078459,"stop":1745235078491,"duration":32},"status":"passed","steps":[],"attachments":[],"parameters":[],"attachmentsCount":0,"shouldDisplayMessage":false,"stepsCount":0,"hasContent":false,"attachmentStep":false},{"name":"Hooks.SetUp.TakeScreenshot(io.cucumber.java.Scenario)","time":{"start":1745235078493,"stop":1745235078560,"duration":67},"status":"passed","steps":[],"attachments":[{"uid":"b3e8ab29fccd990d","name":"image","source":"b3e8ab29fccd990d.png","type":"image/png","size":27572}],"parameters":[],"attachmentsCount":1,"shouldDisplayMessage":false,"stepsCount":0,"hasContent":true,"attachmentStep":false}],"attachments":[],"parameters":[],"attachmentsCount":16,"shouldDisplayMessage":false,"stepsCount":48,"hasContent":true,"attachmentStep":false},"afterStages":[{"name":"Hooks.SetUp.terminal()","time":{"start":1745235078561,"stop":1745235078688,"duration":127},"status":"passed","steps":[],"attachments":[],"parameters":[],"attachmentsCount":0,"shouldDisplayMessage":false,"stepsCount":0,"hasContent":false,"attachmentStep":false}],"labels":[{"name":"tag","value":"Payment_SauceDemo"},{"name":"tag","value":"Payment_with_4_cart"},{"name":"host","value":"MED-PC"},{"name":"thread","value":"5012@MED-PC.main(1)"},{"name":"feature","value":"Payment of the product"},{"name":"story","value":"Payment with foor carts"},{"name":"suite","value":"Payment of the product"},{"name":"testClass","value":"Payment with foor carts"},{"name":"framework","value":"cucumber4jvm"},{"name":"language","value":"java"},{"name":"gherkin_uri","value":"file:///C:/Users/medin/git/repository2/SauceDemoPOM/src/test/features/PaymentPage/Payement.feature"},{"name":"package","value":"src.test.features.PaymentPage.Payement_feature.Payment of the product"},{"name":"resultFormat","value":"allure2"}],"parameters":[{"name":"first name","value":"mohamed"},{"name":"last name","value":"medini"},{"name":"zip","value":"9030"}],"links":[],"hidden":false,"retry":false,"extra":{"severity":"normal","retries":[{"uid":"7597f29ec1b09077","status":"broken","statusDetails":"no such element: Unable to locate element: {\"method\":\"xpath\",\"selector\":\"//button[@id='checkout']\"}\n  (Session info: chrome=135.0.7049.96)\n  (Driver info: chromedriver=135.0.7049.95 (de2eb485a1951079e63bdb57ce25544d2dc79c15-refs/branch-heads/7049@{#1836}),platform=Windows NT 10.0.22631 x86_64) (WARNING: The server did not provide any stacktrace information)\nCommand duration or timeout: 10.08 seconds\nFor documentation on this error, please visit: http://seleniumhq.org/exceptions/no_such_element.html\nBuild info: version: '2.50.1', revision: 'd7fc91b29de65b790abb01f3ac5f7ea2191c88a7', time: '2016-01-29 11:11:26'\nSystem info: host: 'MED-PC', ip: '192.168.1.189', os.name: 'Windows 11', os.arch: 'amd64', os.version: '10.0', java.version: '17.0.11'\nDriver info: org.openqa.selenium.chrome.ChromeDriver\nCapabilities [{mobileEmulationEnabled=false, timeouts={implicit=0, pageLoad=300000, script=30000}, hasTouchScreen=false, platform=XP, acceptSslCerts=false, goog:chromeOptions={debuggerAddress=localhost:51660}, webauthn:extension:credBlob=true, acceptInsecureCerts=false, fedcm:accounts=true, webStorageEnabled=true, browserName=chrome, takesScreenshot=true, javascriptEnabled=true, setWindowRect=true, webauthn:extension:largeBlob=true, unexpectedAlertBehaviour=ignore, rotatable=false, networkConnectionEnabled=false, chrome={chromedriverVersion=135.0.7049.95 (de2eb485a1951079e63bdb57ce25544d2dc79c15-refs/branch-heads/7049@{#1836}), userDataDir=C:\\WINDOWS\\SystemTemp\\scoped_dir14628_1060222557}, takesHeapSnapshot=true, pageLoadStrategy=normal, strictFileInteractability=false, databaseEnabled=false, handlesAlerts=true, version=135.0.7049.96, browserConnectionEnabled=false, proxy={}, nativeEvents=true, webauthn:extension:minPinLength=true, webauthn:extension:prf=true, locationContextEnabled=true, cssSelectorsEnabled=true, webauthn:virtualAuthenticators=true}]\nSession ID: b6730dee144ee7256d689333bce14022\n*** Element info: {Using=xpath, value=//button[@id='checkout']}","time":{"start":1745230137850,"stop":1745230167994,"duration":30144}},{"uid":"4318878a4c237bc7","status":"broken","statusDetails":"io.github.bonigarcia.wdm.config.WebDriverManagerException: java.net.UnknownHostException: chromedriver.storage.googleapis.com","time":{"start":1745152499269,"stop":1745152500613,"duration":1344}},{"uid":"baec15248fd3bb0d","status":"broken","statusDetails":"io.github.bonigarcia.wdm.config.WebDriverManagerException: java.net.UnknownHostException: chromedriver.storage.googleapis.com","time":{"start":1745152456040,"stop":1745152459371,"duration":3331}},{"uid":"6a6889ce71e87f8","status":"broken","statusDetails":"io.github.bonigarcia.wdm.config.WebDriverManagerException: java.net.UnknownHostException: chromedriver.storage.googleapis.com","time":{"start":1744996437463,"stop":1744996438845,"duration":1382}},{"uid":"d9a6ca8258803656","status":"passed","time":{"start":1744903434122,"stop":1744903453359,"duration":19237}},{"uid":"3c797dbcdf274ff3","status":"broken","statusDetails":"no such element: Unable to locate element: {\"method\":\"xpath\",\"selector\":\"//input[@id='first-name']\"}\n  (Session info: chrome=135.0.7049.95)\n  (Driver info: chromedriver=135.0.7049.95 (de2eb485a1951079e63bdb57ce25544d2dc79c15-refs/branch-heads/7049@{#1836}),platform=Windows NT 10.0.22631 x86_64) (WARNING: The server did not provide any stacktrace information)\nCommand duration or timeout: 10.03 seconds\nFor documentation on this error, please visit: http://seleniumhq.org/exceptions/no_such_element.html\nBuild info: version: '2.50.1', revision: 'd7fc91b29de65b790abb01f3ac5f7ea2191c88a7', time: '2016-01-29 11:11:26'\nSystem info: host: 'MED-PC', ip: '192.168.1.189', os.name: 'Windows 11', os.arch: 'amd64', os.version: '10.0', java.version: '17.0.11'\nDriver info: org.openqa.selenium.chrome.ChromeDriver\nCapabilities [{mobileEmulationEnabled=false, timeouts={implicit=0, pageLoad=300000, script=30000}, hasTouchScreen=false, platform=XP, acceptSslCerts=false, goog:chromeOptions={debuggerAddress=localhost:57352}, webauthn:extension:credBlob=true, acceptInsecureCerts=false, fedcm:accounts=true, webStorageEnabled=true, browserName=chrome, takesScreenshot=true, javascriptEnabled=true, setWindowRect=true, webauthn:extension:largeBlob=true, unexpectedAlertBehaviour=ignore, rotatable=false, networkConnectionEnabled=false, chrome={chromedriverVersion=135.0.7049.95 (de2eb485a1951079e63bdb57ce25544d2dc79c15-refs/branch-heads/7049@{#1836}), userDataDir=C:\\WINDOWS\\SystemTemp\\scoped_dir1868_1735879089}, takesHeapSnapshot=true, pageLoadStrategy=normal, strictFileInteractability=false, databaseEnabled=false, handlesAlerts=true, version=135.0.7049.95, browserConnectionEnabled=false, proxy={}, nativeEvents=true, webauthn:extension:minPinLength=true, webauthn:extension:prf=true, locationContextEnabled=true, cssSelectorsEnabled=true, webauthn:virtualAuthenticators=true}]\nSession ID: 11f2526fc01c4e07694c7f5de0f372df\n*** Element info: {Using=xpath, value=//input[@id='first-name']}","time":{"start":1744887123256,"stop":1744887150461,"duration":27205}},{"uid":"5df8d8394bf3a306","status":"broken","statusDetails":"no such element: Unable to locate element: {\"method\":\"xpath\",\"selector\":\"//button[@id='checkout']\"}\n  (Session info: chrome=135.0.7049.95)\n  (Driver info: chromedriver=135.0.7049.95 (de2eb485a1951079e63bdb57ce25544d2dc79c15-refs/branch-heads/7049@{#1836}),platform=Windows NT 10.0.22631 x86_64) (WARNING: The server did not provide any stacktrace information)\nCommand duration or timeout: 10.02 seconds\nFor documentation on this error, please visit: http://seleniumhq.org/exceptions/no_such_element.html\nBuild info: version: '2.50.1', revision: 'd7fc91b29de65b790abb01f3ac5f7ea2191c88a7', time: '2016-01-29 11:11:26'\nSystem info: host: 'MED-PC', ip: '192.168.1.189', os.name: 'Windows 11', os.arch: 'amd64', os.version: '10.0', java.version: '17.0.11'\nDriver info: org.openqa.selenium.chrome.ChromeDriver\nCapabilities [{mobileEmulationEnabled=false, timeouts={implicit=0, pageLoad=300000, script=30000}, hasTouchScreen=false, platform=XP, acceptSslCerts=false, goog:chromeOptions={debuggerAddress=localhost:56598}, webauthn:extension:credBlob=true, acceptInsecureCerts=false, fedcm:accounts=true, webStorageEnabled=true, browserName=chrome, takesScreenshot=true, javascriptEnabled=true, setWindowRect=true, webauthn:extension:largeBlob=true, unexpectedAlertBehaviour=ignore, rotatable=false, networkConnectionEnabled=false, chrome={chromedriverVersion=135.0.7049.95 (de2eb485a1951079e63bdb57ce25544d2dc79c15-refs/branch-heads/7049@{#1836}), userDataDir=C:\\WINDOWS\\SystemTemp\\scoped_dir11968_1908160939}, takesHeapSnapshot=true, pageLoadStrategy=normal, strictFileInteractability=false, databaseEnabled=false, handlesAlerts=true, version=135.0.7049.95, browserConnectionEnabled=false, proxy={}, nativeEvents=true, webauthn:extension:minPinLength=true, webauthn:extension:prf=true, locationContextEnabled=true, cssSelectorsEnabled=true, webauthn:virtualAuthenticators=true}]\nSession ID: 80a002326e10d4c46940fc148a5987f1\n*** Element info: {Using=xpath, value=//button[@id='checkout']}","time":{"start":1744885592128,"stop":1744885628571,"duration":36443}},{"uid":"b743cce61c61736f","status":"broken","statusDetails":"no such element: Unable to locate element: {\"method\":\"xpath\",\"selector\":\"//button[@id='checkout']\"}\n  (Session info: chrome=135.0.7049.95)\n  (Driver info: chromedriver=135.0.7049.95 (de2eb485a1951079e63bdb57ce25544d2dc79c15-refs/branch-heads/7049@{#1836}),platform=Windows NT 10.0.22631 x86_64) (WARNING: The server did not provide any stacktrace information)\nCommand duration or timeout: 10.05 seconds\nFor documentation on this error, please visit: http://seleniumhq.org/exceptions/no_such_element.html\nBuild info: version: '2.50.1', revision: 'd7fc91b29de65b790abb01f3ac5f7ea2191c88a7', time: '2016-01-29 11:11:26'\nSystem info: host: 'MED-PC', ip: '192.168.179.177', os.name: 'Windows 11', os.arch: 'amd64', os.version: '10.0', java.version: '17.0.11'\nDriver info: org.openqa.selenium.chrome.ChromeDriver\nCapabilities [{mobileEmulationEnabled=false, timeouts={implicit=0, pageLoad=300000, script=30000}, hasTouchScreen=false, platform=XP, acceptSslCerts=false, goog:chromeOptions={debuggerAddress=localhost:55691}, webauthn:extension:credBlob=true, acceptInsecureCerts=false, fedcm:accounts=true, webStorageEnabled=true, browserName=chrome, takesScreenshot=true, javascriptEnabled=true, setWindowRect=true, webauthn:extension:largeBlob=true, unexpectedAlertBehaviour=ignore, rotatable=false, networkConnectionEnabled=false, chrome={chromedriverVersion=135.0.7049.95 (de2eb485a1951079e63bdb57ce25544d2dc79c15-refs/branch-heads/7049@{#1836}), userDataDir=C:\\WINDOWS\\SystemTemp\\scoped_dir7764_2121356428}, takesHeapSnapshot=true, pageLoadStrategy=normal, strictFileInteractability=false, databaseEnabled=false, handlesAlerts=true, version=135.0.7049.95, browserConnectionEnabled=false, proxy={}, nativeEvents=true, webauthn:extension:minPinLength=true, webauthn:extension:prf=true, locationContextEnabled=true, cssSelectorsEnabled=true, webauthn:virtualAuthenticators=true}]\nSession ID: 228dd3aa8768f412734f964363c736ad\n*** Element info: {Using=xpath, value=//button[@id='checkout']}","time":{"start":1744841426996,"stop":1744841455522,"duration":28526}},{"uid":"a3cf842f7f3d598c","status":"broken","statusDetails":"no such element: Unable to locate element: {\"method\":\"xpath\",\"selector\":\"//button[@id='checkout']\"}\n  (Session info: chrome=135.0.7049.95)\n  (Driver info: chromedriver=135.0.7049.95 (de2eb485a1951079e63bdb57ce25544d2dc79c15-refs/branch-heads/7049@{#1836}),platform=Windows NT 10.0.22631 x86_64) (WARNING: The server did not provide any stacktrace information)\nCommand duration or timeout: 10.06 seconds\nFor documentation on this error, please visit: http://seleniumhq.org/exceptions/no_such_element.html\nBuild info: version: '2.50.1', revision: 'd7fc91b29de65b790abb01f3ac5f7ea2191c88a7', time: '2016-01-29 11:11:26'\nSystem info: host: 'MED-PC', ip: '192.168.179.177', os.name: 'Windows 11', os.arch: 'amd64', os.version: '10.0', java.version: '17.0.11'\nDriver info: org.openqa.selenium.chrome.ChromeDriver\nCapabilities [{mobileEmulationEnabled=false, timeouts={implicit=0, pageLoad=300000, script=30000}, hasTouchScreen=false, platform=XP, acceptSslCerts=false, goog:chromeOptions={debuggerAddress=localhost:55509}, webauthn:extension:credBlob=true, acceptInsecureCerts=false, fedcm:accounts=true, webStorageEnabled=true, browserName=chrome, takesScreenshot=true, javascriptEnabled=true, setWindowRect=true, webauthn:extension:largeBlob=true, unexpectedAlertBehaviour=ignore, rotatable=false, networkConnectionEnabled=false, chrome={chromedriverVersion=135.0.7049.95 (de2eb485a1951079e63bdb57ce25544d2dc79c15-refs/branch-heads/7049@{#1836}), userDataDir=C:\\WINDOWS\\SystemTemp\\scoped_dir4172_1148622095}, takesHeapSnapshot=true, pageLoadStrategy=normal, strictFileInteractability=false, databaseEnabled=false, handlesAlerts=true, version=135.0.7049.95, browserConnectionEnabled=false, proxy={}, nativeEvents=true, webauthn:extension:minPinLength=true, webauthn:extension:prf=true, locationContextEnabled=true, cssSelectorsEnabled=true, webauthn:virtualAuthenticators=true}]\nSession ID: a3cfee8d27e0299771b447ff6901e27e\n*** Element info: {Using=xpath, value=//button[@id='checkout']}","time":{"start":1744841245467,"stop":1744841284455,"duration":38988}},{"uid":"d6621aa20a2cc8b","status":"broken","statusDetails":"no such element: Unable to locate element: {\"method\":\"xpath\",\"selector\":\"//button[@id='checkout']\"}\n  (Session info: chrome=135.0.7049.95)\n  (Driver info: chromedriver=135.0.7049.95 (de2eb485a1951079e63bdb57ce25544d2dc79c15-refs/branch-heads/7049@{#1836}),platform=Windows NT 10.0.22631 x86_64) (WARNING: The server did not provide any stacktrace information)\nCommand duration or timeout: 10.03 seconds\nFor documentation on this error, please visit: http://seleniumhq.org/exceptions/no_such_element.html\nBuild info: version: '2.50.1', revision: 'd7fc91b29de65b790abb01f3ac5f7ea2191c88a7', time: '2016-01-29 11:11:26'\nSystem info: host: 'MED-PC', ip: '192.168.1.189', os.name: 'Windows 11', os.arch: 'amd64', os.version: '10.0', java.version: '17.0.11'\nDriver info: org.openqa.selenium.chrome.ChromeDriver\nCapabilities [{mobileEmulationEnabled=false, timeouts={implicit=0, pageLoad=300000, script=30000}, hasTouchScreen=false, platform=XP, acceptSslCerts=false, goog:chromeOptions={debuggerAddress=localhost:53437}, webauthn:extension:credBlob=true, acceptInsecureCerts=false, fedcm:accounts=true, webStorageEnabled=true, browserName=chrome, takesScreenshot=true, javascriptEnabled=true, setWindowRect=true, webauthn:extension:largeBlob=true, unexpectedAlertBehaviour=ignore, rotatable=false, networkConnectionEnabled=false, chrome={chromedriverVersion=135.0.7049.95 (de2eb485a1951079e63bdb57ce25544d2dc79c15-refs/branch-heads/7049@{#1836}), userDataDir=C:\\Users\\medin\\AppData\\Local\\Temp\\scoped_dir12244_1271812204}, takesHeapSnapshot=true, pageLoadStrategy=normal, strictFileInteractability=false, databaseEnabled=false, handlesAlerts=true, version=135.0.7049.95, browserConnectionEnabled=false, proxy={}, nativeEvents=true, webauthn:extension:minPinLength=true, webauthn:extension:prf=true, locationContextEnabled=true, cssSelectorsEnabled=true, webauthn:virtualAuthenticators=true}]\nSession ID: 9c9a691ac5d38a0973a554aeb82caa97\n*** Element info: {Using=xpath, value=//button[@id='checkout']}","time":{"start":1744808984288,"stop":1744809020144,"duration":35856}},{"uid":"6a7740bc74a6becc","status":"passed","time":{"start":1744802873943,"stop":1744802888722,"duration":14779}},{"uid":"ab3c09d6037d2ab1","status":"passed","time":{"start":1744802310275,"stop":1744802328972,"duration":18697}},{"uid":"c096a3c2137ee07a","status":"broken","statusDetails":"no such element: Unable to locate element: {\"method\":\"xpath\",\"selector\":\"//button[@id='checkout']\"}\n  (Session info: chrome=135.0.7049.95)\n  (Driver info: chromedriver=135.0.7049.84 (6c019e56001911b3fd467e03bf68c435924d62f4-refs/branch-heads/7049@{#1778}),platform=Windows NT 10.0.22631 x86_64) (WARNING: The server did not provide any stacktrace information)\nCommand duration or timeout: 10.05 seconds\nFor documentation on this error, please visit: http://seleniumhq.org/exceptions/no_such_element.html\nBuild info: version: '2.50.1', revision: 'd7fc91b29de65b790abb01f3ac5f7ea2191c88a7', time: '2016-01-29 11:11:26'\nSystem info: host: 'MED-PC', ip: '192.168.1.189', os.name: 'Windows 11', os.arch: 'amd64', os.version: '10.0', java.version: '17.0.11'\nDriver info: org.openqa.selenium.chrome.ChromeDriver\nCapabilities [{mobileEmulationEnabled=false, timeouts={implicit=0, pageLoad=300000, script=30000}, hasTouchScreen=false, platform=XP, acceptSslCerts=false, goog:chromeOptions={debuggerAddress=localhost:49846}, webauthn:extension:credBlob=true, acceptInsecureCerts=false, fedcm:accounts=true, webStorageEnabled=true, browserName=chrome, takesScreenshot=true, javascriptEnabled=true, setWindowRect=true, webauthn:extension:largeBlob=true, unexpectedAlertBehaviour=ignore, rotatable=false, networkConnectionEnabled=false, chrome={chromedriverVersion=135.0.7049.84 (6c019e56001911b3fd467e03bf68c435924d62f4-refs/branch-heads/7049@{#1778}), userDataDir=C:\\WINDOWS\\SystemTemp\\scoped_dir11484_97410212}, takesHeapSnapshot=true, pageLoadStrategy=normal, strictFileInteractability=false, databaseEnabled=false, handlesAlerts=true, version=135.0.7049.95, browserConnectionEnabled=false, proxy={}, nativeEvents=true, webauthn:extension:minPinLength=true, webauthn:extension:prf=true, locationContextEnabled=true, cssSelectorsEnabled=true, webauthn:virtualAuthenticators=true}]\nSession ID: 821e8a2c7b4a84e28c50901b6b361cd4\n*** Element info: {Using=xpath, value=//button[@id='checkout']}","time":{"start":1744798156534,"stop":1744798190504,"duration":33970}},{"uid":"4a0f918260354fb0","status":"broken","statusDetails":"no such element: Unable to locate element: {\"method\":\"xpath\",\"selector\":\"//button[@id='checkout']\"}\n  (Session info: chrome=135.0.7049.95)\n  (Driver info: chromedriver=135.0.7049.84 (6c019e56001911b3fd467e03bf68c435924d62f4-refs/branch-heads/7049@{#1778}),platform=Windows NT 10.0.22631 x86_64) (WARNING: The server did not provide any stacktrace information)\nCommand duration or timeout: 10.02 seconds\nFor documentation on this error, please visit: http://seleniumhq.org/exceptions/no_such_element.html\nBuild info: version: '2.50.1', revision: 'd7fc91b29de65b790abb01f3ac5f7ea2191c88a7', time: '2016-01-29 11:11:26'\nSystem info: host: 'MED-PC', ip: '192.168.179.177', os.name: 'Windows 11', os.arch: 'amd64', os.version: '10.0', java.version: '17.0.11'\nDriver info: org.openqa.selenium.chrome.ChromeDriver\nCapabilities [{mobileEmulationEnabled=false, timeouts={implicit=0, pageLoad=300000, script=30000}, hasTouchScreen=false, platform=XP, acceptSslCerts=false, goog:chromeOptions={debuggerAddress=localhost:60643}, webauthn:extension:credBlob=true, acceptInsecureCerts=false, fedcm:accounts=true, webStorageEnabled=true, browserName=chrome, takesScreenshot=true, javascriptEnabled=true, setWindowRect=true, webauthn:extension:largeBlob=true, unexpectedAlertBehaviour=ignore, rotatable=false, networkConnectionEnabled=false, chrome={chromedriverVersion=135.0.7049.84 (6c019e56001911b3fd467e03bf68c435924d62f4-refs/branch-heads/7049@{#1778}), userDataDir=C:\\WINDOWS\\SystemTemp\\scoped_dir11604_450590182}, takesHeapSnapshot=true, pageLoadStrategy=normal, strictFileInteractability=false, databaseEnabled=false, handlesAlerts=true, version=135.0.7049.95, browserConnectionEnabled=false, proxy={}, nativeEvents=true, webauthn:extension:minPinLength=true, webauthn:extension:prf=true, locationContextEnabled=true, cssSelectorsEnabled=true, webauthn:virtualAuthenticators=true}]\nSession ID: 6581b46edef51bba61b00f7c93543a9d\n*** Element info: {Using=xpath, value=//button[@id='checkout']}","time":{"start":1744758300402,"stop":1744758324869,"duration":24467}},{"uid":"38c4216e15c0b985","status":"broken","statusDetails":"no such element: Unable to locate element: {\"method\":\"xpath\",\"selector\":\"//button[@id='checkout']\"}\n  (Session info: chrome=135.0.7049.95)\n  (Driver info: chromedriver=135.0.7049.84 (6c019e56001911b3fd467e03bf68c435924d62f4-refs/branch-heads/7049@{#1778}),platform=Windows NT 10.0.22631 x86_64) (WARNING: The server did not provide any stacktrace information)\nCommand duration or timeout: 10.07 seconds\nFor documentation on this error, please visit: http://seleniumhq.org/exceptions/no_such_element.html\nBuild info: version: '2.50.1', revision: 'd7fc91b29de65b790abb01f3ac5f7ea2191c88a7', time: '2016-01-29 11:11:26'\nSystem info: host: 'MED-PC', ip: '192.168.179.177', os.name: 'Windows 11', os.arch: 'amd64', os.version: '10.0', java.version: '17.0.11'\nDriver info: org.openqa.selenium.chrome.ChromeDriver\nCapabilities [{mobileEmulationEnabled=false, timeouts={implicit=0, pageLoad=300000, script=30000}, hasTouchScreen=false, platform=XP, acceptSslCerts=false, goog:chromeOptions={debuggerAddress=localhost:60033}, webauthn:extension:credBlob=true, acceptInsecureCerts=false, fedcm:accounts=true, webStorageEnabled=true, browserName=chrome, takesScreenshot=true, javascriptEnabled=true, setWindowRect=true, webauthn:extension:largeBlob=true, unexpectedAlertBehaviour=ignore, rotatable=false, networkConnectionEnabled=false, chrome={chromedriverVersion=135.0.7049.84 (6c019e56001911b3fd467e03bf68c435924d62f4-refs/branch-heads/7049@{#1778}), userDataDir=C:\\WINDOWS\\SystemTemp\\scoped_dir14112_1947458053}, takesHeapSnapshot=true, pageLoadStrategy=normal, strictFileInteractability=false, databaseEnabled=false, handlesAlerts=true, version=135.0.7049.95, browserConnectionEnabled=false, proxy={}, nativeEvents=true, webauthn:extension:minPinLength=true, webauthn:extension:prf=true, locationContextEnabled=true, cssSelectorsEnabled=true, webauthn:virtualAuthenticators=true}]\nSession ID: ada76c20eb9a2192c9410fc261a1af36\n*** Element info: {Using=xpath, value=//button[@id='checkout']}","time":{"start":1744756003510,"stop":1744756028792,"duration":25282}},{"uid":"e98f65ef2c01c9bf","status":"broken","statusDetails":"no such element: Unable to locate element: {\"method\":\"xpath\",\"selector\":\"//button[@id='checkout']\"}\n  (Session info: chrome=135.0.7049.95)\n  (Driver info: chromedriver=135.0.7049.84 (6c019e56001911b3fd467e03bf68c435924d62f4-refs/branch-heads/7049@{#1778}),platform=Windows NT 10.0.22631 x86_64) (WARNING: The server did not provide any stacktrace information)\nCommand duration or timeout: 10.05 seconds\nFor documentation on this error, please visit: http://seleniumhq.org/exceptions/no_such_element.html\nBuild info: version: '2.50.1', revision: 'd7fc91b29de65b790abb01f3ac5f7ea2191c88a7', time: '2016-01-29 11:11:26'\nSystem info: host: 'MED-PC', ip: '192.168.179.177', os.name: 'Windows 11', os.arch: 'amd64', os.version: '10.0', java.version: '17.0.11'\nDriver info: org.openqa.selenium.chrome.ChromeDriver\nCapabilities [{mobileEmulationEnabled=false, timeouts={implicit=0, pageLoad=300000, script=30000}, hasTouchScreen=false, platform=XP, acceptSslCerts=false, goog:chromeOptions={debuggerAddress=localhost:59878}, webauthn:extension:credBlob=true, acceptInsecureCerts=false, fedcm:accounts=true, webStorageEnabled=true, browserName=chrome, takesScreenshot=true, javascriptEnabled=true, setWindowRect=true, webauthn:extension:largeBlob=true, unexpectedAlertBehaviour=ignore, rotatable=false, networkConnectionEnabled=false, chrome={chromedriverVersion=135.0.7049.84 (6c019e56001911b3fd467e03bf68c435924d62f4-refs/branch-heads/7049@{#1778}), userDataDir=C:\\WINDOWS\\SystemTemp\\scoped_dir13512_766516800}, takesHeapSnapshot=true, pageLoadStrategy=normal, strictFileInteractability=false, databaseEnabled=false, handlesAlerts=true, version=135.0.7049.95, browserConnectionEnabled=false, proxy={}, nativeEvents=true, webauthn:extension:minPinLength=true, webauthn:extension:prf=true, locationContextEnabled=true, cssSelectorsEnabled=true, webauthn:virtualAuthenticators=true}]\nSession ID: 5361fdcde6cba84dfe0b9d9f71fd83c9\n*** Element info: {Using=xpath, value=//button[@id='checkout']}","time":{"start":1744755690622,"stop":1744755718305,"duration":27683}},{"uid":"3af7faae11a46745","status":"passed","time":{"start":1744730886536,"stop":1744730902253,"duration":15717}},{"uid":"c229c33097193c0","status":"broken","statusDetails":"no such element: Unable to locate element: {\"method\":\"xpath\",\"selector\":\"//button[@id='checkout']\"}\n  (Session info: chrome=135.0.7049.85)\n  (Driver info: chromedriver=135.0.7049.84 (6c019e56001911b3fd467e03bf68c435924d62f4-refs/branch-heads/7049@{#1778}),platform=Windows NT 10.0.22631 x86_64) (WARNING: The server did not provide any stacktrace information)\nCommand duration or timeout: 10.07 seconds\nFor documentation on this error, please visit: http://seleniumhq.org/exceptions/no_such_element.html\nBuild info: version: '2.50.1', revision: 'd7fc91b29de65b790abb01f3ac5f7ea2191c88a7', time: '2016-01-29 11:11:26'\nSystem info: host: 'MED-PC', ip: '192.168.1.189', os.name: 'Windows 11', os.arch: 'amd64', os.version: '10.0', java.version: '17.0.11'\nDriver info: org.openqa.selenium.chrome.ChromeDriver\nCapabilities [{mobileEmulationEnabled=false, timeouts={implicit=0, pageLoad=300000, script=30000}, hasTouchScreen=false, platform=XP, acceptSslCerts=false, goog:chromeOptions={debuggerAddress=localhost:57685}, webauthn:extension:credBlob=true, acceptInsecureCerts=false, fedcm:accounts=true, webStorageEnabled=true, browserName=chrome, takesScreenshot=true, javascriptEnabled=true, setWindowRect=true, webauthn:extension:largeBlob=true, unexpectedAlertBehaviour=ignore, rotatable=false, networkConnectionEnabled=false, chrome={chromedriverVersion=135.0.7049.84 (6c019e56001911b3fd467e03bf68c435924d62f4-refs/branch-heads/7049@{#1778}), userDataDir=C:\\WINDOWS\\SystemTemp\\scoped_dir18184_1837078238}, takesHeapSnapshot=true, pageLoadStrategy=normal, strictFileInteractability=false, databaseEnabled=false, handlesAlerts=true, version=135.0.7049.85, browserConnectionEnabled=false, proxy={}, nativeEvents=true, webauthn:extension:minPinLength=true, webauthn:extension:prf=true, locationContextEnabled=true, cssSelectorsEnabled=true, webauthn:virtualAuthenticators=true}]\nSession ID: fb970d5dbfdc47ecb866f5987759fc16\n*** Element info: {Using=xpath, value=//button[@id='checkout']}","time":{"start":1744729977736,"stop":1744730002712,"duration":24976}},{"uid":"5859e2e0ed1df08f","status":"broken","statusDetails":"no such element: Unable to locate element: {\"method\":\"xpath\",\"selector\":\"//button[@id='checkout']\"}\n  (Session info: chrome=135.0.7049.85)\n  (Driver info: chromedriver=135.0.7049.84 (6c019e56001911b3fd467e03bf68c435924d62f4-refs/branch-heads/7049@{#1778}),platform=Windows NT 10.0.22631 x86_64) (WARNING: The server did not provide any stacktrace information)\nCommand duration or timeout: 10.06 seconds\nFor documentation on this error, please visit: http://seleniumhq.org/exceptions/no_such_element.html\nBuild info: version: '2.50.1', revision: 'd7fc91b29de65b790abb01f3ac5f7ea2191c88a7', time: '2016-01-29 11:11:26'\nSystem info: host: 'MED-PC', ip: '192.168.1.189', os.name: 'Windows 11', os.arch: 'amd64', os.version: '10.0', java.version: '17.0.11'\nDriver info: org.openqa.selenium.chrome.ChromeDriver\nCapabilities [{mobileEmulationEnabled=false, timeouts={implicit=0, pageLoad=300000, script=30000}, hasTouchScreen=false, platform=XP, acceptSslCerts=false, goog:chromeOptions={debuggerAddress=localhost:57520}, webauthn:extension:credBlob=true, acceptInsecureCerts=false, fedcm:accounts=true, webStorageEnabled=true, browserName=chrome, takesScreenshot=true, javascriptEnabled=true, setWindowRect=true, webauthn:extension:largeBlob=true, unexpectedAlertBehaviour=ignore, rotatable=false, networkConnectionEnabled=false, chrome={chromedriverVersion=135.0.7049.84 (6c019e56001911b3fd467e03bf68c435924d62f4-refs/branch-heads/7049@{#1778}), userDataDir=C:\\WINDOWS\\SystemTemp\\scoped_dir16204_1687414283}, takesHeapSnapshot=true, pageLoadStrategy=normal, strictFileInteractability=false, databaseEnabled=false, handlesAlerts=true, version=135.0.7049.85, browserConnectionEnabled=false, proxy={}, nativeEvents=true, webauthn:extension:minPinLength=true, webauthn:extension:prf=true, locationContextEnabled=true, cssSelectorsEnabled=true, webauthn:virtualAuthenticators=true}]\nSession ID: 47ef774ddc201df5c8167e947c9c2c96\n*** Element info: {Using=xpath, value=//button[@id='checkout']}","time":{"start":1744729806912,"stop":1744729835761,"duration":28849}},{"uid":"4a565dd3d6fe2853","status":"broken","statusDetails":"no such window: target window already closed\nfrom unknown error: web view not found\n  (Session info: chrome=135.0.7049.85)\n  (Driver info: chromedriver=135.0.7049.84 (6c019e56001911b3fd467e03bf68c435924d62f4-refs/branch-heads/7049@{#1778}),platform=Windows NT 10.0.22631 x86_64) (WARNING: The server did not provide any stacktrace information)\nCommand duration or timeout: 23 milliseconds\nBuild info: version: '2.50.1', revision: 'd7fc91b29de65b790abb01f3ac5f7ea2191c88a7', time: '2016-01-29 11:11:26'\nSystem info: host: 'MED-PC', ip: '192.168.1.189', os.name: 'Windows 11', os.arch: 'amd64', os.version: '10.0', java.version: '17.0.11'\nDriver info: org.openqa.selenium.chrome.ChromeDriver\nCapabilities [{mobileEmulationEnabled=false, timeouts={implicit=0, pageLoad=300000, script=30000}, hasTouchScreen=false, platform=XP, acceptSslCerts=false, goog:chromeOptions={debuggerAddress=localhost:50339}, webauthn:extension:credBlob=true, acceptInsecureCerts=false, fedcm:accounts=true, webStorageEnabled=true, browserName=chrome, takesScreenshot=true, javascriptEnabled=true, setWindowRect=true, webauthn:extension:largeBlob=true, unexpectedAlertBehaviour=ignore, rotatable=false, networkConnectionEnabled=false, chrome={chromedriverVersion=135.0.7049.84 (6c019e56001911b3fd467e03bf68c435924d62f4-refs/branch-heads/7049@{#1778}), userDataDir=C:\\Users\\medin\\AppData\\Local\\Temp\\scoped_dir2788_674333225}, takesHeapSnapshot=true, pageLoadStrategy=normal, strictFileInteractability=false, databaseEnabled=false, handlesAlerts=true, version=135.0.7049.85, browserConnectionEnabled=false, proxy={}, nativeEvents=true, webauthn:extension:minPinLength=true, webauthn:extension:prf=true, locationContextEnabled=true, cssSelectorsEnabled=true, webauthn:virtualAuthenticators=true}]\nSession ID: 791b2ed98509727683c1a25ef63faa38\n*** Element info: {Using=id, value=user-name}","time":{"start":1744645587439,"stop":1744645595640,"duration":8201}},{"uid":"64ea4038ac323da7","status":"broken","statusDetails":"no such element: Unable to locate element: {\"method\":\"xpath\",\"selector\":\"//button[@id='checkout']\"}\n  (Session info: chrome=135.0.7049.85)\n  (Driver info: chromedriver=135.0.7049.84 (6c019e56001911b3fd467e03bf68c435924d62f4-refs/branch-heads/7049@{#1778}),platform=Windows NT 10.0.22631 x86_64) (WARNING: The server did not provide any stacktrace information)\nCommand duration or timeout: 10.05 seconds\nFor documentation on this error, please visit: http://seleniumhq.org/exceptions/no_such_element.html\nBuild info: version: '2.50.1', revision: 'd7fc91b29de65b790abb01f3ac5f7ea2191c88a7', time: '2016-01-29 11:11:26'\nSystem info: host: 'MED-PC', ip: '192.168.1.189', os.name: 'Windows 11', os.arch: 'amd64', os.version: '10.0', java.version: '17.0.11'\nDriver info: org.openqa.selenium.chrome.ChromeDriver\nCapabilities [{mobileEmulationEnabled=false, timeouts={implicit=0, pageLoad=300000, script=30000}, hasTouchScreen=false, platform=XP, acceptSslCerts=false, goog:chromeOptions={debuggerAddress=localhost:51366}, webauthn:extension:credBlob=true, acceptInsecureCerts=false, fedcm:accounts=true, webStorageEnabled=true, browserName=chrome, takesScreenshot=true, javascriptEnabled=true, setWindowRect=true, webauthn:extension:largeBlob=true, unexpectedAlertBehaviour=ignore, rotatable=false, networkConnectionEnabled=false, chrome={chromedriverVersion=135.0.7049.84 (6c019e56001911b3fd467e03bf68c435924d62f4-refs/branch-heads/7049@{#1778}), userDataDir=C:\\WINDOWS\\SystemTemp\\scoped_dir8604_475596300}, takesHeapSnapshot=true, pageLoadStrategy=normal, strictFileInteractability=false, databaseEnabled=false, handlesAlerts=true, version=135.0.7049.85, browserConnectionEnabled=false, proxy={}, nativeEvents=true, webauthn:extension:minPinLength=true, webauthn:extension:prf=true, locationContextEnabled=true, cssSelectorsEnabled=true, webauthn:virtualAuthenticators=true}]\nSession ID: 568c8cc918e40263ad947cbdb46e20d0\n*** Element info: {Using=xpath, value=//button[@id='checkout']}","time":{"start":1744639413586,"stop":1744639440811,"duration":27225}},{"uid":"6ce5a2a630f4029f","status":"broken","statusDetails":"no such element: Unable to locate element: {\"method\":\"xpath\",\"selector\":\"//button[@id='checkout']\"}\n  (Session info: chrome=135.0.7049.85)\n  (Driver info: chromedriver=135.0.7049.84 (6c019e56001911b3fd467e03bf68c435924d62f4-refs/branch-heads/7049@{#1778}),platform=Windows NT 10.0.22631 x86_64) (WARNING: The server did not provide any stacktrace information)\nCommand duration or timeout: 10.05 seconds\nFor documentation on this error, please visit: http://seleniumhq.org/exceptions/no_such_element.html\nBuild info: version: '2.50.1', revision: 'd7fc91b29de65b790abb01f3ac5f7ea2191c88a7', time: '2016-01-29 11:11:26'\nSystem info: host: 'MED-PC', ip: '192.168.1.189', os.name: 'Windows 11', os.arch: 'amd64', os.version: '10.0', java.version: '17.0.11'\nDriver info: org.openqa.selenium.chrome.ChromeDriver\nCapabilities [{mobileEmulationEnabled=false, timeouts={implicit=0, pageLoad=300000, script=30000}, hasTouchScreen=false, platform=XP, acceptSslCerts=false, goog:chromeOptions={debuggerAddress=localhost:49804}, webauthn:extension:credBlob=true, acceptInsecureCerts=false, fedcm:accounts=true, webStorageEnabled=true, browserName=chrome, takesScreenshot=true, javascriptEnabled=true, setWindowRect=true, webauthn:extension:largeBlob=true, unexpectedAlertBehaviour=ignore, rotatable=false, networkConnectionEnabled=false, chrome={chromedriverVersion=135.0.7049.84 (6c019e56001911b3fd467e03bf68c435924d62f4-refs/branch-heads/7049@{#1778}), userDataDir=C:\\WINDOWS\\SystemTemp\\scoped_dir1496_768050863}, takesHeapSnapshot=true, pageLoadStrategy=normal, strictFileInteractability=false, databaseEnabled=false, handlesAlerts=true, version=135.0.7049.85, browserConnectionEnabled=false, proxy={}, nativeEvents=true, webauthn:extension:minPinLength=true, webauthn:extension:prf=true, locationContextEnabled=true, cssSelectorsEnabled=true, webauthn:virtualAuthenticators=true}]\nSession ID: 1a75e258c710327e9ceecb557799fbc1\n*** Element info: {Using=xpath, value=//button[@id='checkout']}","time":{"start":1744632310251,"stop":1744632340600,"duration":30349}},{"uid":"a148cd09280ea269","status":"broken","statusDetails":"no such element: Unable to locate element: {\"method\":\"xpath\",\"selector\":\"//button[@id='checkout']\"}\n  (Session info: chrome=135.0.7049.85)\n  (Driver info: chromedriver=135.0.7049.84 (6c019e56001911b3fd467e03bf68c435924d62f4-refs/branch-heads/7049@{#1778}),platform=Windows NT 10.0.22631 x86_64) (WARNING: The server did not provide any stacktrace information)\nCommand duration or timeout: 10.05 seconds\nFor documentation on this error, please visit: http://seleniumhq.org/exceptions/no_such_element.html\nBuild info: version: '2.50.1', revision: 'd7fc91b29de65b790abb01f3ac5f7ea2191c88a7', time: '2016-01-29 11:11:26'\nSystem info: host: 'MED-PC', ip: '192.168.1.189', os.name: 'Windows 11', os.arch: 'amd64', os.version: '10.0', java.version: '17.0.11'\nDriver info: org.openqa.selenium.chrome.ChromeDriver\nCapabilities [{mobileEmulationEnabled=false, timeouts={implicit=0, pageLoad=300000, script=30000}, hasTouchScreen=false, platform=XP, acceptSslCerts=false, goog:chromeOptions={debuggerAddress=localhost:53487}, webauthn:extension:credBlob=true, acceptInsecureCerts=false, fedcm:accounts=true, webStorageEnabled=true, browserName=chrome, takesScreenshot=true, javascriptEnabled=true, setWindowRect=true, webauthn:extension:largeBlob=true, unexpectedAlertBehaviour=ignore, rotatable=false, networkConnectionEnabled=false, chrome={chromedriverVersion=135.0.7049.84 (6c019e56001911b3fd467e03bf68c435924d62f4-refs/branch-heads/7049@{#1778}), userDataDir=C:\\WINDOWS\\SystemTemp\\scoped_dir7892_2132404867}, takesHeapSnapshot=true, pageLoadStrategy=normal, strictFileInteractability=false, databaseEnabled=false, handlesAlerts=true, version=135.0.7049.85, browserConnectionEnabled=false, proxy={}, nativeEvents=true, webauthn:extension:minPinLength=true, webauthn:extension:prf=true, locationContextEnabled=true, cssSelectorsEnabled=true, webauthn:virtualAuthenticators=true}]\nSession ID: 47cd13c13e8ccee73e26409cd1cd175e\n*** Element info: {Using=xpath, value=//button[@id='checkout']}","time":{"start":1744624512912,"stop":1744624550192,"duration":37280}},{"uid":"bf2ec15647d914df","status":"passed","time":{"start":1744305631697,"stop":1744305651043,"duration":19346}},{"uid":"6cd6c9c28d0b1d2c","status":"broken","statusDetails":"no such element: Unable to locate element: {\"method\":\"xpath\",\"selector\":\"//button[@id='checkout']\"}\n  (Session info: chrome=135.0.7049.85)\n  (Driver info: chromedriver=135.0.7049.84 (6c019e56001911b3fd467e03bf68c435924d62f4-refs/branch-heads/7049@{#1778}),platform=Windows NT 10.0.22631 x86_64) (WARNING: The server did not provide any stacktrace information)\nCommand duration or timeout: 10.03 seconds\nFor documentation on this error, please visit: http://seleniumhq.org/exceptions/no_such_element.html\nBuild info: version: '2.50.1', revision: 'd7fc91b29de65b790abb01f3ac5f7ea2191c88a7', time: '2016-01-29 11:11:26'\nSystem info: host: 'MED-PC', ip: '192.168.1.109', os.name: 'Windows 11', os.arch: 'amd64', os.version: '10.0', java.version: '17.0.11'\nDriver info: org.openqa.selenium.chrome.ChromeDriver\nCapabilities [{mobileEmulationEnabled=false, timeouts={implicit=0, pageLoad=300000, script=30000}, hasTouchScreen=false, platform=XP, acceptSslCerts=false, goog:chromeOptions={debuggerAddress=localhost:53696}, webauthn:extension:credBlob=true, acceptInsecureCerts=false, fedcm:accounts=true, webStorageEnabled=true, browserName=chrome, takesScreenshot=true, javascriptEnabled=true, setWindowRect=true, webauthn:extension:largeBlob=true, unexpectedAlertBehaviour=ignore, rotatable=false, networkConnectionEnabled=false, chrome={chromedriverVersion=135.0.7049.84 (6c019e56001911b3fd467e03bf68c435924d62f4-refs/branch-heads/7049@{#1778}), userDataDir=C:\\WINDOWS\\SystemTemp\\scoped_dir15952_636893597}, takesHeapSnapshot=true, pageLoadStrategy=normal, strictFileInteractability=false, databaseEnabled=false, handlesAlerts=true, version=135.0.7049.85, browserConnectionEnabled=false, proxy={}, nativeEvents=true, webauthn:extension:minPinLength=true, webauthn:extension:prf=true, locationContextEnabled=true, cssSelectorsEnabled=true, webauthn:virtualAuthenticators=true}]\nSession ID: 3d1e6d8d5f00b36051cf4cde832d7bf0\n*** Element info: {Using=xpath, value=//button[@id='checkout']}","time":{"start":1744296450104,"stop":1744296475196,"duration":25092}},{"uid":"4a6cb7907383fafc","status":"passed","time":{"start":1744296192154,"stop":1744296222982,"duration":30828}},{"uid":"38b23b0e89e49433","status":"broken","statusDetails":"no such window: target window already closed\nfrom unknown error: web view not found\n  (Session info: chrome=135.0.7049.85)\n  (Driver info: chromedriver=135.0.7049.84 (6c019e56001911b3fd467e03bf68c435924d62f4-refs/branch-heads/7049@{#1778}),platform=Windows NT 10.0.22631 x86_64) (WARNING: The server did not provide any stacktrace information)\nCommand duration or timeout: 17 milliseconds\nBuild info: version: '2.50.1', revision: 'd7fc91b29de65b790abb01f3ac5f7ea2191c88a7', time: '2016-01-29 11:11:26'\nSystem info: host: 'MED-PC', ip: '192.168.1.101', os.name: 'Windows 11', os.arch: 'amd64', os.version: '10.0', java.version: '17.0.11'\nDriver info: org.openqa.selenium.chrome.ChromeDriver\nCapabilities [{mobileEmulationEnabled=false, timeouts={implicit=0, pageLoad=300000, script=30000}, hasTouchScreen=false, platform=XP, acceptSslCerts=false, goog:chromeOptions={debuggerAddress=localhost:51198}, webauthn:extension:credBlob=true, acceptInsecureCerts=false, fedcm:accounts=true, webStorageEnabled=true, browserName=chrome, takesScreenshot=true, javascriptEnabled=true, setWindowRect=true, webauthn:extension:largeBlob=true, unexpectedAlertBehaviour=ignore, rotatable=false, networkConnectionEnabled=false, chrome={chromedriverVersion=135.0.7049.84 (6c019e56001911b3fd467e03bf68c435924d62f4-refs/branch-heads/7049@{#1778}), userDataDir=C:\\Users\\medin\\AppData\\Local\\Temp\\scoped_dir4548_655456443}, takesHeapSnapshot=true, pageLoadStrategy=normal, strictFileInteractability=false, databaseEnabled=false, handlesAlerts=true, version=135.0.7049.85, browserConnectionEnabled=false, proxy={}, nativeEvents=true, webauthn:extension:minPinLength=true, webauthn:extension:prf=true, locationContextEnabled=true, cssSelectorsEnabled=true, webauthn:virtualAuthenticators=true}]\nSession ID: aea4233bdb8a58b8ce74c50b26f40881","time":{"start":1744245757198,"stop":1744245774746,"duration":17548}},{"uid":"e59fe567b63c1d37","status":"passed","time":{"start":1744245256053,"stop":1744245272547,"duration":16494}},{"uid":"568cfa6ec9ce8506","status":"broken","statusDetails":"no such window: target window already closed\nfrom unknown error: web view not found\n  (Session info: chrome=135.0.7049.85)\n  (Driver info: chromedriver=135.0.7049.84 (6c019e56001911b3fd467e03bf68c435924d62f4-refs/branch-heads/7049@{#1778}),platform=Windows NT 10.0.22631 x86_64) (WARNING: The server did not provide any stacktrace information)\nCommand duration or timeout: 17 milliseconds\nBuild info: version: '2.50.1', revision: 'd7fc91b29de65b790abb01f3ac5f7ea2191c88a7', time: '2016-01-29 11:11:26'\nSystem info: host: 'MED-PC', ip: '192.168.1.101', os.name: 'Windows 11', os.arch: 'amd64', os.version: '10.0', java.version: '17.0.11'\nDriver info: org.openqa.selenium.chrome.ChromeDriver\nCapabilities [{mobileEmulationEnabled=false, timeouts={implicit=0, pageLoad=300000, script=30000}, hasTouchScreen=false, platform=XP, acceptSslCerts=false, goog:chromeOptions={debuggerAddress=localhost:50881}, webauthn:extension:credBlob=true, acceptInsecureCerts=false, fedcm:accounts=true, webStorageEnabled=true, browserName=chrome, takesScreenshot=true, javascriptEnabled=true, setWindowRect=true, webauthn:extension:largeBlob=true, unexpectedAlertBehaviour=ignore, rotatable=false, networkConnectionEnabled=false, chrome={chromedriverVersion=135.0.7049.84 (6c019e56001911b3fd467e03bf68c435924d62f4-refs/branch-heads/7049@{#1778}), userDataDir=C:\\Users\\medin\\AppData\\Local\\Temp\\scoped_dir13644_727164715}, takesHeapSnapshot=true, pageLoadStrategy=normal, strictFileInteractability=false, databaseEnabled=false, handlesAlerts=true, version=135.0.7049.85, browserConnectionEnabled=false, proxy={}, nativeEvents=true, webauthn:extension:minPinLength=true, webauthn:extension:prf=true, locationContextEnabled=true, cssSelectorsEnabled=true, webauthn:virtualAuthenticators=true}]\nSession ID: 6858791e26f19e0e51e9dd7edca33bba","time":{"start":1744244960713,"stop":1744244966006,"duration":5293}},{"uid":"364b0f05cbe62c8d","status":"broken","statusDetails":"no such element: Unable to locate element: {\"method\":\"xpath\",\"selector\":\"//button[@id='checkout']\"}\n  (Session info: chrome=135.0.7049.85)\n  (Driver info: chromedriver=135.0.7049.84 (6c019e56001911b3fd467e03bf68c435924d62f4-refs/branch-heads/7049@{#1778}),platform=Windows NT 10.0.22631 x86_64) (WARNING: The server did not provide any stacktrace information)\nCommand duration or timeout: 10.07 seconds\nFor documentation on this error, please visit: http://seleniumhq.org/exceptions/no_such_element.html\nBuild info: version: '2.50.1', revision: 'd7fc91b29de65b790abb01f3ac5f7ea2191c88a7', time: '2016-01-29 11:11:26'\nSystem info: host: 'MED-PC', ip: '192.168.1.101', os.name: 'Windows 11', os.arch: 'amd64', os.version: '10.0', java.version: '17.0.11'\nDriver info: org.openqa.selenium.chrome.ChromeDriver\nCapabilities [{mobileEmulationEnabled=false, timeouts={implicit=0, pageLoad=300000, script=30000}, hasTouchScreen=false, platform=XP, acceptSslCerts=false, goog:chromeOptions={debuggerAddress=localhost:50713}, webauthn:extension:credBlob=true, acceptInsecureCerts=false, fedcm:accounts=true, webStorageEnabled=true, browserName=chrome, takesScreenshot=true, javascriptEnabled=true, setWindowRect=true, webauthn:extension:largeBlob=true, unexpectedAlertBehaviour=ignore, rotatable=false, networkConnectionEnabled=false, chrome={chromedriverVersion=135.0.7049.84 (6c019e56001911b3fd467e03bf68c435924d62f4-refs/branch-heads/7049@{#1778}), userDataDir=C:\\Users\\medin\\AppData\\Local\\Temp\\scoped_dir13460_1259358654}, takesHeapSnapshot=true, pageLoadStrategy=normal, strictFileInteractability=false, databaseEnabled=false, handlesAlerts=true, version=135.0.7049.85, browserConnectionEnabled=false, proxy={}, nativeEvents=true, webauthn:extension:minPinLength=true, webauthn:extension:prf=true, locationContextEnabled=true, cssSelectorsEnabled=true, webauthn:virtualAuthenticators=true}]\nSession ID: 721d70f8b5ab882d7d56368038ac4108\n*** Element info: {Using=xpath, value=//button[@id='checkout']}","time":{"start":1744244471559,"stop":1744244497164,"duration":25605}}],"categories":[],"history":{"statistic":{"failed":0,"broken":18,"skipped":0,"passed":7,"unknown":0,"total":25},"items":[{"uid":"a63f0bda0f049b41","reportUrl":"http://localhost:7000/job/SauceDemoCucumber_Maven/24/allure/#testresult/a63f0bda0f049b41","status":"broken","statusDetails":"no such element: Unable to locate element: {\"method\":\"xpath\",\"selector\":\"//button[@id='checkout']\"}\n  (Session info: chrome=135.0.7049.96)\n  (Driver info: chromedriver=135.0.7049.95 (de2eb485a1951079e63bdb57ce25544d2dc79c15-refs/branch-heads/7049@{#1836}),platform=Windows NT 10.0.22631 x86_64) (WARNING: The server did not provide any stacktrace information)\nCommand duration or timeout: 10.08 seconds\nFor documentation on this error, please visit: http://seleniumhq.org/exceptions/no_such_element.html\nBuild info: version: '2.50.1', revision: 'd7fc91b29de65b790abb01f3ac5f7ea2191c88a7', time: '2016-01-29 11:11:26'\nSystem info: host: 'MED-PC', ip: '192.168.1.189', os.name: 'Windows 11', os.arch: 'amd64', os.version: '10.0', java.version: '17.0.11'\nDriver info: org.openqa.selenium.chrome.ChromeDriver\nCapabilities [{mobileEmulationEnabled=false, timeouts={implicit=0, pageLoad=300000, script=30000}, hasTouchScreen=false, platform=XP, acceptSslCerts=false, goog:chromeOptions={debuggerAddress=localhost:51660}, webauthn:extension:credBlob=true, acceptInsecureCerts=false, fedcm:accounts=true, webStorageEnabled=true, browserName=chrome, takesScreenshot=true, javascriptEnabled=true, setWindowRect=true, webauthn:extension:largeBlob=true, unexpectedAlertBehaviour=ignore, rotatable=false, networkConnectionEnabled=false, chrome={chromedriverVersion=135.0.7049.95 (de2eb485a1951079e63bdb57ce25544d2dc79c15-refs/branch-heads/7049@{#1836}), userDataDir=C:\\WINDOWS\\SystemTemp\\scoped_dir14628_1060222557}, takesHeapSnapshot=true, pageLoadStrategy=normal, strictFileInteractability=false, databaseEnabled=false, handlesAlerts=true, version=135.0.7049.96, browserConnectionEnabled=false, proxy={}, nativeEvents=true, webauthn:extension:minPinLength=true, webauthn:extension:prf=true, locationContextEnabled=true, cssSelectorsEnabled=true, webauthn:virtualAuthenticators=true}]\nSession ID: b6730dee144ee7256d689333bce14022\n*** Element info: {Using=xpath, value=//button[@id='checkout']}","time":{"start":1745230137850,"stop":1745230167994,"duration":30144}},{"uid":"be9dd1b2ee7a7444","reportUrl":"http://localhost:7000/job/SauceDemoCucumber_Maven/23/allure/#testresult/be9dd1b2ee7a7444","status":"broken","statusDetails":"io.github.bonigarcia.wdm.config.WebDriverManagerException: java.net.UnknownHostException: chromedriver.storage.googleapis.com","time":{"start":1745152499269,"stop":1745152500613,"duration":1344}},{"uid":"b35c72765db3bf58","reportUrl":"http://localhost:7000/job/SauceDemoCucumber_Maven/22/allure/#testresult/b35c72765db3bf58","status":"broken","statusDetails":"io.github.bonigarcia.wdm.config.WebDriverManagerException: java.net.UnknownHostException: chromedriver.storage.googleapis.com","time":{"start":1745152456040,"stop":1745152459371,"duration":3331}},{"uid":"765a3b185c6a422f","reportUrl":"http://localhost:7000/job/SauceDemoCucumber_Maven/21/allure/#testresult/765a3b185c6a422f","status":"broken","statusDetails":"io.github.bonigarcia.wdm.config.WebDriverManagerException: java.net.UnknownHostException: chromedriver.storage.googleapis.com","time":{"start":1744996437463,"stop":1744996438845,"duration":1382}},{"uid":"61a632540b735b4e","reportUrl":"http://localhost:7000/job/SauceDemoCucumber_Maven/20/allure/#testresult/61a632540b735b4e","status":"passed","time":{"start":1744903434122,"stop":1744903453359,"duration":19237}},{"uid":"f46c7cb63833e574","reportUrl":"http://localhost:7000/job/SauceDemoCucumber_Maven/19/allure/#testresult/f46c7cb63833e574","status":"broken","statusDetails":"no such element: Unable to locate element: {\"method\":\"xpath\",\"selector\":\"//input[@id='first-name']\"}\n  (Session info: chrome=135.0.7049.95)\n  (Driver info: chromedriver=135.0.7049.95 (de2eb485a1951079e63bdb57ce25544d2dc79c15-refs/branch-heads/7049@{#1836}),platform=Windows NT 10.0.22631 x86_64) (WARNING: The server did not provide any stacktrace information)\nCommand duration or timeout: 10.03 seconds\nFor documentation on this error, please visit: http://seleniumhq.org/exceptions/no_such_element.html\nBuild info: version: '2.50.1', revision: 'd7fc91b29de65b790abb01f3ac5f7ea2191c88a7', time: '2016-01-29 11:11:26'\nSystem info: host: 'MED-PC', ip: '192.168.1.189', os.name: 'Windows 11', os.arch: 'amd64', os.version: '10.0', java.version: '17.0.11'\nDriver info: org.openqa.selenium.chrome.ChromeDriver\nCapabilities [{mobileEmulationEnabled=false, timeouts={implicit=0, pageLoad=300000, script=30000}, hasTouchScreen=false, platform=XP, acceptSslCerts=false, goog:chromeOptions={debuggerAddress=localhost:57352}, webauthn:extension:credBlob=true, acceptInsecureCerts=false, fedcm:accounts=true, webStorageEnabled=true, browserName=chrome, takesScreenshot=true, javascriptEnabled=true, setWindowRect=true, webauthn:extension:largeBlob=true, unexpectedAlertBehaviour=ignore, rotatable=false, networkConnectionEnabled=false, chrome={chromedriverVersion=135.0.7049.95 (de2eb485a1951079e63bdb57ce25544d2dc79c15-refs/branch-heads/7049@{#1836}), userDataDir=C:\\WINDOWS\\SystemTemp\\scoped_dir1868_1735879089}, takesHeapSnapshot=true, pageLoadStrategy=normal, strictFileInteractability=false, databaseEnabled=false, handlesAlerts=true, version=135.0.7049.95, browserConnectionEnabled=false, proxy={}, nativeEvents=true, webauthn:extension:minPinLength=true, webauthn:extension:prf=true, locationContextEnabled=true, cssSelectorsEnabled=true, webauthn:virtualAuthenticators=true}]\nSession ID: 11f2526fc01c4e07694c7f5de0f372df\n*** Element info: {Using=xpath, value=//input[@id='first-name']}","time":{"start":1744887123256,"stop":1744887150461,"duration":27205}},{"uid":"4ce9c35a6cb8627","reportUrl":"http://localhost:7000/job/SauceDemoCucumber_Maven/18/allure/#testresult/4ce9c35a6cb8627","status":"broken","statusDetails":"no such element: Unable to locate element: {\"method\":\"xpath\",\"selector\":\"//button[@id='checkout']\"}\n  (Session info: chrome=135.0.7049.95)\n  (Driver info: chromedriver=135.0.7049.95 (de2eb485a1951079e63bdb57ce25544d2dc79c15-refs/branch-heads/7049@{#1836}),platform=Windows NT 10.0.22631 x86_64) (WARNING: The server did not provide any stacktrace information)\nCommand duration or timeout: 10.02 seconds\nFor documentation on this error, please visit: http://seleniumhq.org/exceptions/no_such_element.html\nBuild info: version: '2.50.1', revision: 'd7fc91b29de65b790abb01f3ac5f7ea2191c88a7', time: '2016-01-29 11:11:26'\nSystem info: host: 'MED-PC', ip: '192.168.1.189', os.name: 'Windows 11', os.arch: 'amd64', os.version: '10.0', java.version: '17.0.11'\nDriver info: org.openqa.selenium.chrome.ChromeDriver\nCapabilities [{mobileEmulationEnabled=false, timeouts={implicit=0, pageLoad=300000, script=30000}, hasTouchScreen=false, platform=XP, acceptSslCerts=false, goog:chromeOptions={debuggerAddress=localhost:56598}, webauthn:extension:credBlob=true, acceptInsecureCerts=false, fedcm:accounts=true, webStorageEnabled=true, browserName=chrome, takesScreenshot=true, javascriptEnabled=true, setWindowRect=true, webauthn:extension:largeBlob=true, unexpectedAlertBehaviour=ignore, rotatable=false, networkConnectionEnabled=false, chrome={chromedriverVersion=135.0.7049.95 (de2eb485a1951079e63bdb57ce25544d2dc79c15-refs/branch-heads/7049@{#1836}), userDataDir=C:\\WINDOWS\\SystemTemp\\scoped_dir11968_1908160939}, takesHeapSnapshot=true, pageLoadStrategy=normal, strictFileInteractability=false, databaseEnabled=false, handlesAlerts=true, version=135.0.7049.95, browserConnectionEnabled=false, proxy={}, nativeEvents=true, webauthn:extension:minPinLength=true, webauthn:extension:prf=true, locationContextEnabled=true, cssSelectorsEnabled=true, webauthn:virtualAuthenticators=true}]\nSession ID: 80a002326e10d4c46940fc148a5987f1\n*** Element info: {Using=xpath, value=//button[@id='checkout']}","time":{"start":1744885592128,"stop":1744885628571,"duration":36443}},{"uid":"c2cd9471e9238f1a","reportUrl":"http://localhost:7000/job/SauceDemoCucumber_Maven/17/allure/#testresult/c2cd9471e9238f1a","status":"broken","statusDetails":"no such element: Unable to locate element: {\"method\":\"xpath\",\"selector\":\"//button[@id='checkout']\"}\n  (Session info: chrome=135.0.7049.95)\n  (Driver info: chromedriver=135.0.7049.95 (de2eb485a1951079e63bdb57ce25544d2dc79c15-refs/branch-heads/7049@{#1836}),platform=Windows NT 10.0.22631 x86_64) (WARNING: The server did not provide any stacktrace information)\nCommand duration or timeout: 10.05 seconds\nFor documentation on this error, please visit: http://seleniumhq.org/exceptions/no_such_element.html\nBuild info: version: '2.50.1', revision: 'd7fc91b29de65b790abb01f3ac5f7ea2191c88a7', time: '2016-01-29 11:11:26'\nSystem info: host: 'MED-PC', ip: '192.168.179.177', os.name: 'Windows 11', os.arch: 'amd64', os.version: '10.0', java.version: '17.0.11'\nDriver info: org.openqa.selenium.chrome.ChromeDriver\nCapabilities [{mobileEmulationEnabled=false, timeouts={implicit=0, pageLoad=300000, script=30000}, hasTouchScreen=false, platform=XP, acceptSslCerts=false, goog:chromeOptions={debuggerAddress=localhost:55691}, webauthn:extension:credBlob=true, acceptInsecureCerts=false, fedcm:accounts=true, webStorageEnabled=true, browserName=chrome, takesScreenshot=true, javascriptEnabled=true, setWindowRect=true, webauthn:extension:largeBlob=true, unexpectedAlertBehaviour=ignore, rotatable=false, networkConnectionEnabled=false, chrome={chromedriverVersion=135.0.7049.95 (de2eb485a1951079e63bdb57ce25544d2dc79c15-refs/branch-heads/7049@{#1836}), userDataDir=C:\\WINDOWS\\SystemTemp\\scoped_dir7764_2121356428}, takesHeapSnapshot=true, pageLoadStrategy=normal, strictFileInteractability=false, databaseEnabled=false, handlesAlerts=true, version=135.0.7049.95, browserConnectionEnabled=false, proxy={}, nativeEvents=true, webauthn:extension:minPinLength=true, webauthn:extension:prf=true, locationContextEnabled=true, cssSelectorsEnabled=true, webauthn:virtualAuthenticators=true}]\nSession ID: 228dd3aa8768f412734f964363c736ad\n*** Element info: {Using=xpath, value=//button[@id='checkout']}","time":{"start":1744841426996,"stop":1744841455522,"duration":28526}},{"uid":"42287e59c176c8d8","reportUrl":"http://localhost:7000/job/SauceDemoCucumber_Maven/16/allure/#testresult/42287e59c176c8d8","status":"broken","statusDetails":"no such element: Unable to locate element: {\"method\":\"xpath\",\"selector\":\"//button[@id='checkout']\"}\n  (Session info: chrome=135.0.7049.95)\n  (Driver info: chromedriver=135.0.7049.95 (de2eb485a1951079e63bdb57ce25544d2dc79c15-refs/branch-heads/7049@{#1836}),platform=Windows NT 10.0.22631 x86_64) (WARNING: The server did not provide any stacktrace information)\nCommand duration or timeout: 10.06 seconds\nFor documentation on this error, please visit: http://seleniumhq.org/exceptions/no_such_element.html\nBuild info: version: '2.50.1', revision: 'd7fc91b29de65b790abb01f3ac5f7ea2191c88a7', time: '2016-01-29 11:11:26'\nSystem info: host: 'MED-PC', ip: '192.168.179.177', os.name: 'Windows 11', os.arch: 'amd64', os.version: '10.0', java.version: '17.0.11'\nDriver info: org.openqa.selenium.chrome.ChromeDriver\nCapabilities [{mobileEmulationEnabled=false, timeouts={implicit=0, pageLoad=300000, script=30000}, hasTouchScreen=false, platform=XP, acceptSslCerts=false, goog:chromeOptions={debuggerAddress=localhost:55509}, webauthn:extension:credBlob=true, acceptInsecureCerts=false, fedcm:accounts=true, webStorageEnabled=true, browserName=chrome, takesScreenshot=true, javascriptEnabled=true, setWindowRect=true, webauthn:extension:largeBlob=true, unexpectedAlertBehaviour=ignore, rotatable=false, networkConnectionEnabled=false, chrome={chromedriverVersion=135.0.7049.95 (de2eb485a1951079e63bdb57ce25544d2dc79c15-refs/branch-heads/7049@{#1836}), userDataDir=C:\\WINDOWS\\SystemTemp\\scoped_dir4172_1148622095}, takesHeapSnapshot=true, pageLoadStrategy=normal, strictFileInteractability=false, databaseEnabled=false, handlesAlerts=true, version=135.0.7049.95, browserConnectionEnabled=false, proxy={}, nativeEvents=true, webauthn:extension:minPinLength=true, webauthn:extension:prf=true, locationContextEnabled=true, cssSelectorsEnabled=true, webauthn:virtualAuthenticators=true}]\nSession ID: a3cfee8d27e0299771b447ff6901e27e\n*** Element info: {Using=xpath, value=//button[@id='checkout']}","time":{"start":1744841245467,"stop":1744841284455,"duration":38988}},{"uid":"8c6497130e1ddcda","reportUrl":"http://localhost:7000/job/SauceDemoCucumber_Maven/15/allure/#testresult/8c6497130e1ddcda","status":"passed","time":{"start":1744802873943,"stop":1744802888722,"duration":14779}},{"uid":"5bbe70fdbb2323ea","reportUrl":"http://localhost:7000/job/SauceDemoCucumber_Maven/14/allure/#testresult/5bbe70fdbb2323ea","status":"passed","time":{"start":1744802310275,"stop":1744802328972,"duration":18697}},{"uid":"344de286387cf23c","reportUrl":"http://localhost:7000/job/SauceDemoCucumber_Maven/13/allure/#testresult/344de286387cf23c","status":"broken","statusDetails":"no such element: Unable to locate element: {\"method\":\"xpath\",\"selector\":\"//button[@id='checkout']\"}\n  (Session info: chrome=135.0.7049.95)\n  (Driver info: chromedriver=135.0.7049.84 (6c019e56001911b3fd467e03bf68c435924d62f4-refs/branch-heads/7049@{#1778}),platform=Windows NT 10.0.22631 x86_64) (WARNING: The server did not provide any stacktrace information)\nCommand duration or timeout: 10.05 seconds\nFor documentation on this error, please visit: http://seleniumhq.org/exceptions/no_such_element.html\nBuild info: version: '2.50.1', revision: 'd7fc91b29de65b790abb01f3ac5f7ea2191c88a7', time: '2016-01-29 11:11:26'\nSystem info: host: 'MED-PC', ip: '192.168.1.189', os.name: 'Windows 11', os.arch: 'amd64', os.version: '10.0', java.version: '17.0.11'\nDriver info: org.openqa.selenium.chrome.ChromeDriver\nCapabilities [{mobileEmulationEnabled=false, timeouts={implicit=0, pageLoad=300000, script=30000}, hasTouchScreen=false, platform=XP, acceptSslCerts=false, goog:chromeOptions={debuggerAddress=localhost:49846}, webauthn:extension:credBlob=true, acceptInsecureCerts=false, fedcm:accounts=true, webStorageEnabled=true, browserName=chrome, takesScreenshot=true, javascriptEnabled=true, setWindowRect=true, webauthn:extension:largeBlob=true, unexpectedAlertBehaviour=ignore, rotatable=false, networkConnectionEnabled=false, chrome={chromedriverVersion=135.0.7049.84 (6c019e56001911b3fd467e03bf68c435924d62f4-refs/branch-heads/7049@{#1778}), userDataDir=C:\\WINDOWS\\SystemTemp\\scoped_dir11484_97410212}, takesHeapSnapshot=true, pageLoadStrategy=normal, strictFileInteractability=false, databaseEnabled=false, handlesAlerts=true, version=135.0.7049.95, browserConnectionEnabled=false, proxy={}, nativeEvents=true, webauthn:extension:minPinLength=true, webauthn:extension:prf=true, locationContextEnabled=true, cssSelectorsEnabled=true, webauthn:virtualAuthenticators=true}]\nSession ID: 821e8a2c7b4a84e28c50901b6b361cd4\n*** Element info: {Using=xpath, value=//button[@id='checkout']}","time":{"start":1744798156534,"stop":1744798190504,"duration":33970}},{"uid":"29483ed487f4286f","reportUrl":"http://localhost:7000/job/SauceDemoCucumber_Maven/12/allure/#testresult/29483ed487f4286f","status":"broken","statusDetails":"no such element: Unable to locate element: {\"method\":\"xpath\",\"selector\":\"//button[@id='checkout']\"}\n  (Session info: chrome=135.0.7049.95)\n  (Driver info: chromedriver=135.0.7049.84 (6c019e56001911b3fd467e03bf68c435924d62f4-refs/branch-heads/7049@{#1778}),platform=Windows NT 10.0.22631 x86_64) (WARNING: The server did not provide any stacktrace information)\nCommand duration or timeout: 10.02 seconds\nFor documentation on this error, please visit: http://seleniumhq.org/exceptions/no_such_element.html\nBuild info: version: '2.50.1', revision: 'd7fc91b29de65b790abb01f3ac5f7ea2191c88a7', time: '2016-01-29 11:11:26'\nSystem info: host: 'MED-PC', ip: '192.168.179.177', os.name: 'Windows 11', os.arch: 'amd64', os.version: '10.0', java.version: '17.0.11'\nDriver info: org.openqa.selenium.chrome.ChromeDriver\nCapabilities [{mobileEmulationEnabled=false, timeouts={implicit=0, pageLoad=300000, script=30000}, hasTouchScreen=false, platform=XP, acceptSslCerts=false, goog:chromeOptions={debuggerAddress=localhost:60643}, webauthn:extension:credBlob=true, acceptInsecureCerts=false, fedcm:accounts=true, webStorageEnabled=true, browserName=chrome, takesScreenshot=true, javascriptEnabled=true, setWindowRect=true, webauthn:extension:largeBlob=true, unexpectedAlertBehaviour=ignore, rotatable=false, networkConnectionEnabled=false, chrome={chromedriverVersion=135.0.7049.84 (6c019e56001911b3fd467e03bf68c435924d62f4-refs/branch-heads/7049@{#1778}), userDataDir=C:\\WINDOWS\\SystemTemp\\scoped_dir11604_450590182}, takesHeapSnapshot=true, pageLoadStrategy=normal, strictFileInteractability=false, databaseEnabled=false, handlesAlerts=true, version=135.0.7049.95, browserConnectionEnabled=false, proxy={}, nativeEvents=true, webauthn:extension:minPinLength=true, webauthn:extension:prf=true, locationContextEnabled=true, cssSelectorsEnabled=true, webauthn:virtualAuthenticators=true}]\nSession ID: 6581b46edef51bba61b00f7c93543a9d\n*** Element info: {Using=xpath, value=//button[@id='checkout']}","time":{"start":1744758300402,"stop":1744758324869,"duration":24467}},{"uid":"ff14df6d46c6f16a","reportUrl":"http://localhost:7000/job/SauceDemoCucumber_Maven/11/allure/#testresult/ff14df6d46c6f16a","status":"broken","statusDetails":"no such element: Unable to locate element: {\"method\":\"xpath\",\"selector\":\"//button[@id='checkout']\"}\n  (Session info: chrome=135.0.7049.95)\n  (Driver info: chromedriver=135.0.7049.84 (6c019e56001911b3fd467e03bf68c435924d62f4-refs/branch-heads/7049@{#1778}),platform=Windows NT 10.0.22631 x86_64) (WARNING: The server did not provide any stacktrace information)\nCommand duration or timeout: 10.07 seconds\nFor documentation on this error, please visit: http://seleniumhq.org/exceptions/no_such_element.html\nBuild info: version: '2.50.1', revision: 'd7fc91b29de65b790abb01f3ac5f7ea2191c88a7', time: '2016-01-29 11:11:26'\nSystem info: host: 'MED-PC', ip: '192.168.179.177', os.name: 'Windows 11', os.arch: 'amd64', os.version: '10.0', java.version: '17.0.11'\nDriver info: org.openqa.selenium.chrome.ChromeDriver\nCapabilities [{mobileEmulationEnabled=false, timeouts={implicit=0, pageLoad=300000, script=30000}, hasTouchScreen=false, platform=XP, acceptSslCerts=false, goog:chromeOptions={debuggerAddress=localhost:60033}, webauthn:extension:credBlob=true, acceptInsecureCerts=false, fedcm:accounts=true, webStorageEnabled=true, browserName=chrome, takesScreenshot=true, javascriptEnabled=true, setWindowRect=true, webauthn:extension:largeBlob=true, unexpectedAlertBehaviour=ignore, rotatable=false, networkConnectionEnabled=false, chrome={chromedriverVersion=135.0.7049.84 (6c019e56001911b3fd467e03bf68c435924d62f4-refs/branch-heads/7049@{#1778}), userDataDir=C:\\WINDOWS\\SystemTemp\\scoped_dir14112_1947458053}, takesHeapSnapshot=true, pageLoadStrategy=normal, strictFileInteractability=false, databaseEnabled=false, handlesAlerts=true, version=135.0.7049.95, browserConnectionEnabled=false, proxy={}, nativeEvents=true, webauthn:extension:minPinLength=true, webauthn:extension:prf=true, locationContextEnabled=true, cssSelectorsEnabled=true, webauthn:virtualAuthenticators=true}]\nSession ID: ada76c20eb9a2192c9410fc261a1af36\n*** Element info: {Using=xpath, value=//button[@id='checkout']}","time":{"start":1744756003510,"stop":1744756028792,"duration":25282}},{"uid":"e5cbd7a69e9f7680","reportUrl":"http://localhost:7000/job/SauceDemoCucumber_Maven/10/allure/#testresult/e5cbd7a69e9f7680","status":"broken","statusDetails":"no such element: Unable to locate element: {\"method\":\"xpath\",\"selector\":\"//button[@id='checkout']\"}\n  (Session info: chrome=135.0.7049.95)\n  (Driver info: chromedriver=135.0.7049.84 (6c019e56001911b3fd467e03bf68c435924d62f4-refs/branch-heads/7049@{#1778}),platform=Windows NT 10.0.22631 x86_64) (WARNING: The server did not provide any stacktrace information)\nCommand duration or timeout: 10.05 seconds\nFor documentation on this error, please visit: http://seleniumhq.org/exceptions/no_such_element.html\nBuild info: version: '2.50.1', revision: 'd7fc91b29de65b790abb01f3ac5f7ea2191c88a7', time: '2016-01-29 11:11:26'\nSystem info: host: 'MED-PC', ip: '192.168.179.177', os.name: 'Windows 11', os.arch: 'amd64', os.version: '10.0', java.version: '17.0.11'\nDriver info: org.openqa.selenium.chrome.ChromeDriver\nCapabilities [{mobileEmulationEnabled=false, timeouts={implicit=0, pageLoad=300000, script=30000}, hasTouchScreen=false, platform=XP, acceptSslCerts=false, goog:chromeOptions={debuggerAddress=localhost:59878}, webauthn:extension:credBlob=true, acceptInsecureCerts=false, fedcm:accounts=true, webStorageEnabled=true, browserName=chrome, takesScreenshot=true, javascriptEnabled=true, setWindowRect=true, webauthn:extension:largeBlob=true, unexpectedAlertBehaviour=ignore, rotatable=false, networkConnectionEnabled=false, chrome={chromedriverVersion=135.0.7049.84 (6c019e56001911b3fd467e03bf68c435924d62f4-refs/branch-heads/7049@{#1778}), userDataDir=C:\\WINDOWS\\SystemTemp\\scoped_dir13512_766516800}, takesHeapSnapshot=true, pageLoadStrategy=normal, strictFileInteractability=false, databaseEnabled=false, handlesAlerts=true, version=135.0.7049.95, browserConnectionEnabled=false, proxy={}, nativeEvents=true, webauthn:extension:minPinLength=true, webauthn:extension:prf=true, locationContextEnabled=true, cssSelectorsEnabled=true, webauthn:virtualAuthenticators=true}]\nSession ID: 5361fdcde6cba84dfe0b9d9f71fd83c9\n*** Element info: {Using=xpath, value=//button[@id='checkout']}","time":{"start":1744755690622,"stop":1744755718305,"duration":27683}},{"uid":"aaa5184036ac30b5","reportUrl":"http://localhost:7000/job/SauceDemoCucumber_Maven/9/allure/#testresult/aaa5184036ac30b5","status":"passed","time":{"start":1744730886536,"stop":1744730902253,"duration":15717}},{"uid":"5b56699cdef9ba76","reportUrl":"http://localhost:7000/job/SauceDemoCucumber_Maven/8/allure/#testresult/5b56699cdef9ba76","status":"broken","statusDetails":"no such element: Unable to locate element: {\"method\":\"xpath\",\"selector\":\"//button[@id='checkout']\"}\n  (Session info: chrome=135.0.7049.85)\n  (Driver info: chromedriver=135.0.7049.84 (6c019e56001911b3fd467e03bf68c435924d62f4-refs/branch-heads/7049@{#1778}),platform=Windows NT 10.0.22631 x86_64) (WARNING: The server did not provide any stacktrace information)\nCommand duration or timeout: 10.07 seconds\nFor documentation on this error, please visit: http://seleniumhq.org/exceptions/no_such_element.html\nBuild info: version: '2.50.1', revision: 'd7fc91b29de65b790abb01f3ac5f7ea2191c88a7', time: '2016-01-29 11:11:26'\nSystem info: host: 'MED-PC', ip: '192.168.1.189', os.name: 'Windows 11', os.arch: 'amd64', os.version: '10.0', java.version: '17.0.11'\nDriver info: org.openqa.selenium.chrome.ChromeDriver\nCapabilities [{mobileEmulationEnabled=false, timeouts={implicit=0, pageLoad=300000, script=30000}, hasTouchScreen=false, platform=XP, acceptSslCerts=false, goog:chromeOptions={debuggerAddress=localhost:57685}, webauthn:extension:credBlob=true, acceptInsecureCerts=false, fedcm:accounts=true, webStorageEnabled=true, browserName=chrome, takesScreenshot=true, javascriptEnabled=true, setWindowRect=true, webauthn:extension:largeBlob=true, unexpectedAlertBehaviour=ignore, rotatable=false, networkConnectionEnabled=false, chrome={chromedriverVersion=135.0.7049.84 (6c019e56001911b3fd467e03bf68c435924d62f4-refs/branch-heads/7049@{#1778}), userDataDir=C:\\WINDOWS\\SystemTemp\\scoped_dir18184_1837078238}, takesHeapSnapshot=true, pageLoadStrategy=normal, strictFileInteractability=false, databaseEnabled=false, handlesAlerts=true, version=135.0.7049.85, browserConnectionEnabled=false, proxy={}, nativeEvents=true, webauthn:extension:minPinLength=true, webauthn:extension:prf=true, locationContextEnabled=true, cssSelectorsEnabled=true, webauthn:virtualAuthenticators=true}]\nSession ID: fb970d5dbfdc47ecb866f5987759fc16\n*** Element info: {Using=xpath, value=//button[@id='checkout']}","time":{"start":1744729977736,"stop":1744730002712,"duration":24976}},{"uid":"7480a53459b65e91","reportUrl":"http://localhost:7000/job/SauceDemoCucumber_Maven/7/allure/#testresult/7480a53459b65e91","status":"broken","statusDetails":"no such element: Unable to locate element: {\"method\":\"xpath\",\"selector\":\"//button[@id='checkout']\"}\n  (Session info: chrome=135.0.7049.85)\n  (Driver info: chromedriver=135.0.7049.84 (6c019e56001911b3fd467e03bf68c435924d62f4-refs/branch-heads/7049@{#1778}),platform=Windows NT 10.0.22631 x86_64) (WARNING: The server did not provide any stacktrace information)\nCommand duration or timeout: 10.06 seconds\nFor documentation on this error, please visit: http://seleniumhq.org/exceptions/no_such_element.html\nBuild info: version: '2.50.1', revision: 'd7fc91b29de65b790abb01f3ac5f7ea2191c88a7', time: '2016-01-29 11:11:26'\nSystem info: host: 'MED-PC', ip: '192.168.1.189', os.name: 'Windows 11', os.arch: 'amd64', os.version: '10.0', java.version: '17.0.11'\nDriver info: org.openqa.selenium.chrome.ChromeDriver\nCapabilities [{mobileEmulationEnabled=false, timeouts={implicit=0, pageLoad=300000, script=30000}, hasTouchScreen=false, platform=XP, acceptSslCerts=false, goog:chromeOptions={debuggerAddress=localhost:57520}, webauthn:extension:credBlob=true, acceptInsecureCerts=false, fedcm:accounts=true, webStorageEnabled=true, browserName=chrome, takesScreenshot=true, javascriptEnabled=true, setWindowRect=true, webauthn:extension:largeBlob=true, unexpectedAlertBehaviour=ignore, rotatable=false, networkConnectionEnabled=false, chrome={chromedriverVersion=135.0.7049.84 (6c019e56001911b3fd467e03bf68c435924d62f4-refs/branch-heads/7049@{#1778}), userDataDir=C:\\WINDOWS\\SystemTemp\\scoped_dir16204_1687414283}, takesHeapSnapshot=true, pageLoadStrategy=normal, strictFileInteractability=false, databaseEnabled=false, handlesAlerts=true, version=135.0.7049.85, browserConnectionEnabled=false, proxy={}, nativeEvents=true, webauthn:extension:minPinLength=true, webauthn:extension:prf=true, locationContextEnabled=true, cssSelectorsEnabled=true, webauthn:virtualAuthenticators=true}]\nSession ID: 47ef774ddc201df5c8167e947c9c2c96\n*** Element info: {Using=xpath, value=//button[@id='checkout']}","time":{"start":1744729806912,"stop":1744729835761,"duration":28849}},{"uid":"9e0ddbce9146ba6e","reportUrl":"http://localhost:7000/job/SauceDemoCucumber_Maven/6/allure/#testresult/9e0ddbce9146ba6e","status":"broken","statusDetails":"no such element: Unable to locate element: {\"method\":\"xpath\",\"selector\":\"//button[@id='checkout']\"}\n  (Session info: chrome=135.0.7049.85)\n  (Driver info: chromedriver=135.0.7049.84 (6c019e56001911b3fd467e03bf68c435924d62f4-refs/branch-heads/7049@{#1778}),platform=Windows NT 10.0.22631 x86_64) (WARNING: The server did not provide any stacktrace information)\nCommand duration or timeout: 10.05 seconds\nFor documentation on this error, please visit: http://seleniumhq.org/exceptions/no_such_element.html\nBuild info: version: '2.50.1', revision: 'd7fc91b29de65b790abb01f3ac5f7ea2191c88a7', time: '2016-01-29 11:11:26'\nSystem info: host: 'MED-PC', ip: '192.168.1.189', os.name: 'Windows 11', os.arch: 'amd64', os.version: '10.0', java.version: '17.0.11'\nDriver info: org.openqa.selenium.chrome.ChromeDriver\nCapabilities [{mobileEmulationEnabled=false, timeouts={implicit=0, pageLoad=300000, script=30000}, hasTouchScreen=false, platform=XP, acceptSslCerts=false, goog:chromeOptions={debuggerAddress=localhost:51366}, webauthn:extension:credBlob=true, acceptInsecureCerts=false, fedcm:accounts=true, webStorageEnabled=true, browserName=chrome, takesScreenshot=true, javascriptEnabled=true, setWindowRect=true, webauthn:extension:largeBlob=true, unexpectedAlertBehaviour=ignore, rotatable=false, networkConnectionEnabled=false, chrome={chromedriverVersion=135.0.7049.84 (6c019e56001911b3fd467e03bf68c435924d62f4-refs/branch-heads/7049@{#1778}), userDataDir=C:\\WINDOWS\\SystemTemp\\scoped_dir8604_475596300}, takesHeapSnapshot=true, pageLoadStrategy=normal, strictFileInteractability=false, databaseEnabled=false, handlesAlerts=true, version=135.0.7049.85, browserConnectionEnabled=false, proxy={}, nativeEvents=true, webauthn:extension:minPinLength=true, webauthn:extension:prf=true, locationContextEnabled=true, cssSelectorsEnabled=true, webauthn:virtualAuthenticators=true}]\nSession ID: 568c8cc918e40263ad947cbdb46e20d0\n*** Element info: {Using=xpath, value=//button[@id='checkout']}","time":{"start":1744639413586,"stop":1744639440811,"duration":27225}},{"uid":"e78a470e756dfd1a","reportUrl":"http://localhost:7000/job/SauceDemoCucumber_Maven/5/allure/#testresult/e78a470e756dfd1a","status":"broken","statusDetails":"no such element: Unable to locate element: {\"method\":\"xpath\",\"selector\":\"//button[@id='checkout']\"}\n  (Session info: chrome=135.0.7049.85)\n  (Driver info: chromedriver=135.0.7049.84 (6c019e56001911b3fd467e03bf68c435924d62f4-refs/branch-heads/7049@{#1778}),platform=Windows NT 10.0.22631 x86_64) (WARNING: The server did not provide any stacktrace information)\nCommand duration or timeout: 10.05 seconds\nFor documentation on this error, please visit: http://seleniumhq.org/exceptions/no_such_element.html\nBuild info: version: '2.50.1', revision: 'd7fc91b29de65b790abb01f3ac5f7ea2191c88a7', time: '2016-01-29 11:11:26'\nSystem info: host: 'MED-PC', ip: '192.168.1.189', os.name: 'Windows 11', os.arch: 'amd64', os.version: '10.0', java.version: '17.0.11'\nDriver info: org.openqa.selenium.chrome.ChromeDriver\nCapabilities [{mobileEmulationEnabled=false, timeouts={implicit=0, pageLoad=300000, script=30000}, hasTouchScreen=false, platform=XP, acceptSslCerts=false, goog:chromeOptions={debuggerAddress=localhost:49804}, webauthn:extension:credBlob=true, acceptInsecureCerts=false, fedcm:accounts=true, webStorageEnabled=true, browserName=chrome, takesScreenshot=true, javascriptEnabled=true, setWindowRect=true, webauthn:extension:largeBlob=true, unexpectedAlertBehaviour=ignore, rotatable=false, networkConnectionEnabled=false, chrome={chromedriverVersion=135.0.7049.84 (6c019e56001911b3fd467e03bf68c435924d62f4-refs/branch-heads/7049@{#1778}), userDataDir=C:\\WINDOWS\\SystemTemp\\scoped_dir1496_768050863}, takesHeapSnapshot=true, pageLoadStrategy=normal, strictFileInteractability=false, databaseEnabled=false, handlesAlerts=true, version=135.0.7049.85, browserConnectionEnabled=false, proxy={}, nativeEvents=true, webauthn:extension:minPinLength=true, webauthn:extension:prf=true, locationContextEnabled=true, cssSelectorsEnabled=true, webauthn:virtualAuthenticators=true}]\nSession ID: 1a75e258c710327e9ceecb557799fbc1\n*** Element info: {Using=xpath, value=//button[@id='checkout']}","time":{"start":1744632310251,"stop":1744632340600,"duration":30349}}]},"tags":["Payment_SauceDemo","Payment_with_4_cart"]},"source":"659d46c0dce33126.json","parameterValues":["mohamed","medini","9030"]}